{"/app/cypress.config.ts": {"path":"/app/cypress.config.ts","statementMap":{},"fnMap":{},"branchMap":{},"s":{},"f":{},"b":{}}
,"/app/src/main.ts": {"path":"/app/src/main.ts","statementMap":{"0":{"start":{"line":6,"column":0},"end":{"line":7,"column":null}},"1":{"start":{"line":7,"column":16},"end":{"line":7,"column":34}}},"fnMap":{"0":{"name":"(anonymous_0)","decl":{"start":{"line":7,"column":9},"end":{"line":7,"column":12}},"loc":{"start":{"line":7,"column":16},"end":{"line":7,"column":34}}}},"branchMap":{},"s":{"0":5,"1":0},"f":{"0":0},"b":{}}
,"/app/src/app/app-routing.module.ts": {"path":"/app/src/app/app-routing.module.ts","statementMap":{"0":{"start":{"line":13,"column":23},"end":{"line":21,"column":null}},"1":{"start":{"line":28,"column":13},"end":{"line":28,"column":null}},"2":{"start":{"line":28,"column":13},"end":{"line":26,"column":null}}},"fnMap":{"0":{"name":"AppRoutingModule_Factory","decl":{"start":{"line":28,"column":29},"end":{"line":28,"column":null}},"loc":{"start":{"line":28,"column":29},"end":{"line":28,"column":null}}}},"branchMap":{"0":{"loc":{"start":{"line":28,"column":13},"end":{"line":28,"column":29}},"type":"binary-expr","locations":[{"start":{"line":28,"column":13},"end":{"line":28,"column":29}},{"start":{"line":28,"column":13},"end":{"line":28,"column":29}}]},"1":{"loc":{"start":{"line":28,"column":13},"end":{"line":26,"column":null}},"type":"binary-expr","locations":[{"start":{"line":28,"column":13},"end":{"line":28,"column":29}},{"start":{"line":28,"column":13},"end":{"line":28,"column":29}},{"start":{"line":28,"column":13},"end":{"line":26,"column":null}}]}},"s":{"0":5,"1":15,"2":10},"f":{"0":5},"b":{"0":[5,5],"1":[5,0,5]}}
,"/app/src/app/app.component.html": {"path":"/app/src/app/app.component.html","statementMap":{"0":{"start":{"line":1,"column":0},"end":{"line":1,"column":null}},"1":{"start":{"line":3,"column":0},"end":{"line":3,"column":null}},"2":{"start":{"line":4,"column":4},"end":{"line":4,"column":null}},"3":{"start":{"line":5,"column":0},"end":{"line":5,"column":null}}},"fnMap":{},"branchMap":{},"s":{"0":5,"1":5,"2":5,"3":5},"f":{},"b":{}}
,"/app/src/app/app.component.ts": {"path":"/app/src/app/app.component.ts","statementMap":{"0":{"start":{"line":8,"column":13},"end":{"line":8,"column":null}}},"fnMap":{"0":{"name":"AppComponent_Factory","decl":{"start":{"line":8,"column":25},"end":{"line":8,"column":null}},"loc":{"start":{"line":8,"column":25},"end":{"line":8,"column":null}}}},"branchMap":{"0":{"loc":{"start":{"line":8,"column":13},"end":{"line":8,"column":25}},"type":"binary-expr","locations":[{"start":{"line":8,"column":13},"end":{"line":8,"column":25}},{"start":{"line":8,"column":13},"end":{"line":8,"column":25}}]}},"s":{"0":10},"f":{"0":5},"b":{"0":[5,5]}}
,"/app/src/app/app.module.ts": {"path":"/app/src/app/app.module.ts","statementMap":{"0":{"start":{"line":150,"column":13},"end":{"line":150,"column":null}},"1":{"start":{"line":150,"column":13},"end":{"line":147,"column":null}},"2":{"start":{"line":150,"column":13},"end":{"line":133,"column":null}},"3":{"start":{"line":102,"column":29},"end":{"line":102,"column":70}},"4":{"start":{"line":106,"column":8},"end":{"line":108,"column":null}},"5":{"start":{"line":109,"column":8},"end":{"line":109,"column":null}},"6":{"start":{"line":111,"column":8},"end":{"line":111,"column":null}},"7":{"start":{"line":113,"column":6},"end":{"line":113,"column":null}},"8":{"start":{"line":116,"column":19},"end":{"line":116,"column":28}},"9":{"start":{"line":118,"column":8},"end":{"line":120,"column":null}},"10":{"start":{"line":122,"column":6},"end":{"line":122,"column":null}},"11":{"start":{"line":124,"column":25},"end":{"line":124,"column":37}}},"fnMap":{"0":{"name":"AppModule_Factory","decl":{"start":{"line":150,"column":22},"end":{"line":150,"column":null}},"loc":{"start":{"line":150,"column":22},"end":{"line":150,"column":null}}},"1":{"name":"(anonymous_1)","decl":{"start":{"line":102,"column":23},"end":{"line":102,"column":29}},"loc":{"start":{"line":102,"column":29},"end":{"line":102,"column":70}}},"2":{"name":"(anonymous_2)","decl":{"start":{"line":103,"column":21},"end":{"line":103,"column":26}},"loc":{"start":{"line":103,"column":26},"end":{"line":114,"column":5}}},"3":{"name":"(anonymous_3)","decl":{"start":{"line":115,"column":16},"end":{"line":115,"column":21}},"loc":{"start":{"line":115,"column":21},"end":{"line":123,"column":5}}},"4":{"name":"(anonymous_4)","decl":{"start":{"line":124,"column":19},"end":{"line":124,"column":25}},"loc":{"start":{"line":124,"column":25},"end":{"line":124,"column":37}}}},"branchMap":{"0":{"loc":{"start":{"line":150,"column":13},"end":{"line":150,"column":22}},"type":"binary-expr","locations":[{"start":{"line":150,"column":13},"end":{"line":150,"column":22}},{"start":{"line":150,"column":13},"end":{"line":150,"column":22}}]},"1":{"loc":{"start":{"line":150,"column":13},"end":{"line":133,"column":null}},"type":"binary-expr","locations":[{"start":{"line":150,"column":13},"end":{"line":150,"column":22}},{"start":{"line":150,"column":13},"end":{"line":150,"column":22}},{"start":{"line":150,"column":13},"end":{"line":133,"column":null}}]}},"s":{"0":10,"1":5,"2":10,"3":5,"4":0,"5":0,"6":5,"7":5,"8":5,"9":0,"10":5,"11":0},"f":{"0":5,"1":5,"2":5,"3":5,"4":0},"b":{"0":[5,5],"1":[5,0,5]}}
,"/app/src/app/components/admin-book-requests/admin-book-requests.component.html": {"path":"/app/src/app/components/admin-book-requests/admin-book-requests.component.html","statementMap":{"0":{"start":{"line":4,"column":8},"end":{"line":4,"column":47}},"1":{"start":{"line":4,"column":47},"end":{"line":4,"column":58}},"2":{"start":{"line":4,"column":53},"end":{"line":4,"column":null}},"3":{"start":{"line":5,"column":8},"end":{"line":5,"column":48}},"4":{"start":{"line":5,"column":48},"end":{"line":5,"column":91}},"5":{"start":{"line":5,"column":91},"end":{"line":5,"column":null}},"6":{"start":{"line":5,"column":68},"end":{"line":5,"column":90}},"7":{"start":{"line":9,"column":8},"end":{"line":9,"column":63}},"8":{"start":{"line":9,"column":63},"end":{"line":9,"column":74}},"9":{"start":{"line":9,"column":69},"end":{"line":9,"column":null}},"10":{"start":{"line":10,"column":8},"end":{"line":10,"column":48}},"11":{"start":{"line":10,"column":48},"end":{"line":10,"column":73}},"12":{"start":{"line":10,"column":68},"end":{"line":10,"column":null}},"13":{"start":{"line":14,"column":8},"end":{"line":14,"column":63}},"14":{"start":{"line":14,"column":63},"end":{"line":14,"column":75}},"15":{"start":{"line":14,"column":70},"end":{"line":14,"column":null}},"16":{"start":{"line":15,"column":8},"end":{"line":15,"column":48}},"17":{"start":{"line":15,"column":48},"end":{"line":15,"column":74}},"18":{"start":{"line":15,"column":69},"end":{"line":15,"column":null}},"19":{"start":{"line":19,"column":8},"end":{"line":19,"column":63}},"20":{"start":{"line":19,"column":63},"end":{"line":19,"column":80}},"21":{"start":{"line":19,"column":75},"end":{"line":19,"column":null}},"22":{"start":{"line":20,"column":8},"end":{"line":20,"column":48}},"23":{"start":{"line":20,"column":48},"end":{"line":20,"column":79}},"24":{"start":{"line":20,"column":74},"end":{"line":20,"column":null}},"25":{"start":{"line":24,"column":8},"end":{"line":24,"column":63}},"26":{"start":{"line":24,"column":63},"end":{"line":24,"column":73}},"27":{"start":{"line":24,"column":68},"end":{"line":24,"column":null}},"28":{"start":{"line":25,"column":8},"end":{"line":25,"column":48}},"29":{"start":{"line":25,"column":48},"end":{"line":25,"column":72}},"30":{"start":{"line":25,"column":67},"end":{"line":25,"column":null}},"31":{"start":{"line":29,"column":8},"end":{"line":29,"column":47}},"32":{"start":{"line":29,"column":47},"end":{"line":29,"column":60}},"33":{"start":{"line":29,"column":55},"end":{"line":29,"column":null}},"34":{"start":{"line":30,"column":8},"end":{"line":30,"column":null}},"35":{"start":{"line":31,"column":47},"end":{"line":31,"column":103}},"36":{"start":{"line":31,"column":47},"end":{"line":31,"column":56}},"37":{"start":{"line":31,"column":47},"end":{"line":31,"column":76}},"38":{"start":{"line":31,"column":103},"end":{"line":31,"column":118}},"39":{"start":{"line":31,"column":109},"end":{"line":31,"column":null}},"40":{"start":{"line":32,"column":12},"end":{"line":32,"column":107}},"41":{"start":{"line":32,"column":44},"end":{"line":32,"column":100}},"42":{"start":{"line":32,"column":44},"end":{"line":32,"column":53}},"43":{"start":{"line":32,"column":44},"end":{"line":32,"column":73}},"44":{"start":{"line":32,"column":100},"end":{"line":32,"column":116}},"45":{"start":{"line":32,"column":107},"end":{"line":32,"column":null}},"46":{"start":{"line":36,"column":6},"end":{"line":36,"column":null}},"47":{"start":{"line":37,"column":6},"end":{"line":37,"column":null}},"48":{"start":{"line":1,"column":0},"end":{"line":1,"column":null}},"49":{"start":{"line":3,"column":6},"end":{"line":3,"column":null}},"50":{"start":{"line":4,"column":8},"end":{"line":4,"column":null}},"51":{"start":{"line":5,"column":8},"end":{"line":5,"column":null}},"52":{"start":{"line":6,"column":6},"end":{"line":6,"column":null}},"53":{"start":{"line":8,"column":6},"end":{"line":8,"column":null}},"54":{"start":{"line":9,"column":8},"end":{"line":9,"column":null}},"55":{"start":{"line":10,"column":8},"end":{"line":10,"column":null}},"56":{"start":{"line":11,"column":6},"end":{"line":11,"column":null}},"57":{"start":{"line":13,"column":6},"end":{"line":13,"column":null}},"58":{"start":{"line":14,"column":8},"end":{"line":14,"column":null}},"59":{"start":{"line":15,"column":8},"end":{"line":15,"column":null}},"60":{"start":{"line":16,"column":6},"end":{"line":16,"column":null}},"61":{"start":{"line":18,"column":6},"end":{"line":18,"column":null}},"62":{"start":{"line":19,"column":8},"end":{"line":19,"column":null}},"63":{"start":{"line":20,"column":8},"end":{"line":20,"column":null}},"64":{"start":{"line":21,"column":6},"end":{"line":21,"column":null}},"65":{"start":{"line":23,"column":6},"end":{"line":23,"column":null}},"66":{"start":{"line":24,"column":8},"end":{"line":24,"column":null}},"67":{"start":{"line":25,"column":8},"end":{"line":25,"column":null}},"68":{"start":{"line":26,"column":6},"end":{"line":26,"column":null}},"69":{"start":{"line":28,"column":6},"end":{"line":28,"column":null}},"70":{"start":{"line":29,"column":8},"end":{"line":29,"column":null}},"71":{"start":{"line":30,"column":8},"end":{"line":33,"column":null}},"72":{"start":{"line":34,"column":6},"end":{"line":34,"column":null}},"73":{"start":{"line":38,"column":4},"end":{"line":38,"column":null}},"74":{"start":{"line":39,"column":4},"end":{"line":41,"column":null}},"75":{"start":{"line":42,"column":2},"end":{"line":42,"column":null}},"76":{"start":{"line":2,"column":21},"end":{"line":2,"column":null}},"77":{"start":{"line":36,"column":26},"end":{"line":36,"column":66}},"78":{"start":{"line":37,"column":39},"end":{"line":37,"column":72}},"79":{"start":{"line":39,"column":19},"end":{"line":39,"column":null}}},"fnMap":{"0":{"name":"AdminBookRequestsComponent_td_19_Template_button_click_1_listener","decl":{"start":{"line":31,"column":47},"end":{"line":31,"column":56}},"loc":{"start":{"line":31,"column":47},"end":{"line":31,"column":76}}},"1":{"name":"AdminBookRequestsComponent_td_19_Template_button_click_3_listener","decl":{"start":{"line":32,"column":44},"end":{"line":32,"column":53}},"loc":{"start":{"line":32,"column":44},"end":{"line":32,"column":73}}}},"branchMap":{},"s":{"0":0,"1":0,"2":0,"3":0,"4":0,"5":0,"6":0,"7":0,"8":0,"9":0,"10":0,"11":0,"12":0,"13":0,"14":0,"15":0,"16":0,"17":0,"18":0,"19":0,"20":0,"21":0,"22":0,"23":0,"24":0,"25":0,"26":0,"27":0,"28":0,"29":0,"30":0,"31":0,"32":0,"33":0,"34":0,"35":0,"36":0,"37":0,"38":0,"39":0,"40":0,"41":0,"42":0,"43":0,"44":0,"45":0,"46":0,"47":0,"48":0,"49":0,"50":0,"51":0,"52":0,"53":0,"54":0,"55":0,"56":0,"57":0,"58":0,"59":0,"60":0,"61":0,"62":0,"63":0,"64":0,"65":0,"66":0,"67":0,"68":0,"69":0,"70":0,"71":0,"72":0,"73":0,"74":0,"75":0,"76":0,"77":0,"78":0,"79":0},"f":{"0":0,"1":0},"b":{}}
,"/app/src/app/components/admin-book-requests/admin-book-requests.component.ts": {"path":"/app/src/app/components/admin-book-requests/admin-book-requests.component.ts","statementMap":{"0":{"start":{"line":17,"column":12},"end":{"line":17,"column":36}},"1":{"start":{"line":18,"column":12},"end":{"line":18,"column":33}},"2":{"start":{"line":20,"column":2},"end":{"line":20,"column":null}},"3":{"start":{"line":21,"column":2},"end":{"line":21,"column":null}},"4":{"start":{"line":27,"column":4},"end":{"line":29,"column":null}},"5":{"start":{"line":28,"column":6},"end":{"line":28,"column":null}},"6":{"start":{"line":33,"column":4},"end":{"line":33,"column":null}},"7":{"start":{"line":36,"column":30},"end":{"line":36,"column":null}},"8":{"start":{"line":36,"column":30},"end":{"line":52,"column":null}},"9":{"start":{"line":37,"column":17},"end":{"line":39,"column":null}},"10":{"start":{"line":41,"column":6},"end":{"line":41,"column":null}},"11":{"start":{"line":42,"column":6},"end":{"line":45,"column":null}},"12":{"start":{"line":48,"column":6},"end":{"line":51,"column":null}},"13":{"start":{"line":55,"column":30},"end":{"line":55,"column":null}},"14":{"start":{"line":55,"column":30},"end":{"line":71,"column":null}},"15":{"start":{"line":56,"column":17},"end":{"line":58,"column":null}},"16":{"start":{"line":60,"column":6},"end":{"line":60,"column":null}},"17":{"start":{"line":61,"column":6},"end":{"line":64,"column":null}},"18":{"start":{"line":67,"column":6},"end":{"line":70,"column":null}},"19":{"start":{"line":75,"column":4},"end":{"line":75,"column":null}},"20":{"start":{"line":14,"column":13},"end":{"line":14,"column":null}},"21":{"start":{"line":24,"column":13},"end":{"line":24,"column":null}}},"fnMap":{"0":{"name":"(anonymous_17)","decl":{"start":{"line":16,"column":2},"end":{"line":16,"column":null}},"loc":{"start":{"line":18,"column":33},"end":{"line":19,"column":null}}},"1":{"name":"(anonymous_18)","decl":{"start":{"line":26,"column":2},"end":{"line":26,"column":10}},"loc":{"start":{"line":26,"column":10},"end":{"line":30,"column":null}}},"2":{"name":"(anonymous_19)","decl":{"start":{"line":27,"column":71},"end":{"line":27,"column":76}},"loc":{"start":{"line":27,"column":79},"end":{"line":29,"column":5}}},"3":{"name":"(anonymous_20)","decl":{"start":{"line":32,"column":2},"end":{"line":32,"column":17}},"loc":{"start":{"line":32,"column":17},"end":{"line":34,"column":null}}},"4":{"name":"(anonymous_21)","decl":{"start":{"line":36,"column":8},"end":{"line":36,"column":15}},"loc":{"start":{"line":36,"column":30},"end":{"line":53,"column":null}}},"5":{"name":"(anonymous_22)","decl":{"start":{"line":36,"column":30},"end":{"line":36,"column":null}},"loc":{"start":{"line":36,"column":30},"end":{"line":52,"column":null}}},"6":{"name":"(anonymous_23)","decl":{"start":{"line":55,"column":8},"end":{"line":55,"column":15}},"loc":{"start":{"line":55,"column":30},"end":{"line":72,"column":null}}},"7":{"name":"(anonymous_24)","decl":{"start":{"line":55,"column":30},"end":{"line":55,"column":null}},"loc":{"start":{"line":55,"column":30},"end":{"line":71,"column":null}}},"8":{"name":"(anonymous_25)","decl":{"start":{"line":74,"column":2},"end":{"line":74,"column":13}},"loc":{"start":{"line":74,"column":13},"end":{"line":76,"column":null}}},"9":{"name":"AdminBookRequestsComponent_Factory","decl":{"start":{"line":14,"column":39},"end":{"line":14,"column":null}},"loc":{"start":{"line":14,"column":39},"end":{"line":14,"column":null}}}},"branchMap":{"0":{"loc":{"start":{"line":14,"column":13},"end":{"line":14,"column":39}},"type":"binary-expr","locations":[{"start":{"line":14,"column":13},"end":{"line":14,"column":39}},{"start":{"line":14,"column":13},"end":{"line":14,"column":39}}]}},"s":{"0":0,"1":0,"2":0,"3":0,"4":0,"5":0,"6":0,"7":0,"8":0,"9":0,"10":0,"11":0,"12":0,"13":0,"14":0,"15":0,"16":0,"17":0,"18":0,"19":0,"20":5,"21":0},"f":{"0":0,"1":0,"2":0,"3":0,"4":0,"5":0,"6":0,"7":0,"8":0,"9":0},"b":{"0":[0,0]}}
,"/app/src/app/components/book/book.component.html": {"path":"/app/src/app/components/book/book.component.html","statementMap":{"0":{"start":{"line":11,"column":12},"end":{"line":11,"column":null}},"1":{"start":{"line":12,"column":16},"end":{"line":12,"column":null}},"2":{"start":{"line":13,"column":16},"end":{"line":14,"column":27}},"3":{"start":{"line":14,"column":16},"end":{"line":14,"column":null}},"4":{"start":{"line":15,"column":12},"end":{"line":15,"column":null}},"5":{"start":{"line":23,"column":12},"end":{"line":23,"column":null}},"6":{"start":{"line":27,"column":20},"end":{"line":28,"column":23}},"7":{"start":{"line":28,"column":16},"end":{"line":28,"column":null}},"8":{"start":{"line":39,"column":12},"end":{"line":45,"column":null}},"9":{"start":{"line":43,"column":16},"end":{"line":43,"column":null}},"10":{"start":{"line":43,"column":16},"end":{"line":43,"column":25}},"11":{"start":{"line":43,"column":16},"end":{"line":43,"column":44}},"12":{"start":{"line":46,"column":16},"end":{"line":47,"column":21}},"13":{"start":{"line":47,"column":12},"end":{"line":47,"column":null}},"14":{"start":{"line":49,"column":16},"end":{"line":55,"column":null}},"15":{"start":{"line":53,"column":16},"end":{"line":53,"column":null}},"16":{"start":{"line":53,"column":16},"end":{"line":53,"column":25}},"17":{"start":{"line":53,"column":16},"end":{"line":53,"column":49}},"18":{"start":{"line":56,"column":16},"end":{"line":57,"column":21}},"19":{"start":{"line":57,"column":12},"end":{"line":57,"column":null}},"20":{"start":{"line":38,"column":8},"end":{"line":38,"column":null}},"21":{"start":{"line":39,"column":12},"end":{"line":47,"column":null}},"22":{"start":{"line":48,"column":12},"end":{"line":58,"column":null}},"23":{"start":{"line":59,"column":12},"end":{"line":59,"column":null}},"24":{"start":{"line":61,"column":8},"end":{"line":61,"column":null}},"25":{"start":{"line":39,"column":21},"end":{"line":39,"column":null}},"26":{"start":{"line":1,"column":0},"end":{"line":1,"column":null}},"27":{"start":{"line":3,"column":8},"end":{"line":3,"column":null}},"28":{"start":{"line":4,"column":8},"end":{"line":4,"column":null}},"29":{"start":{"line":5,"column":88},"end":{"line":5,"column":109}},"30":{"start":{"line":5,"column":104},"end":{"line":5,"column":null}},"31":{"start":{"line":7,"column":8},"end":{"line":7,"column":null}},"32":{"start":{"line":8,"column":92},"end":{"line":8,"column":114}},"33":{"start":{"line":8,"column":109},"end":{"line":8,"column":null}},"34":{"start":{"line":10,"column":8},"end":{"line":10,"column":null}},"35":{"start":{"line":11,"column":12},"end":{"line":15,"column":null}},"36":{"start":{"line":16,"column":8},"end":{"line":16,"column":null}},"37":{"start":{"line":17,"column":8},"end":{"line":17,"column":null}},"38":{"start":{"line":18,"column":8},"end":{"line":18,"column":null}},"39":{"start":{"line":19,"column":35},"end":{"line":19,"column":62}},"40":{"start":{"line":19,"column":57},"end":{"line":19,"column":null}},"41":{"start":{"line":21,"column":8},"end":{"line":21,"column":null}},"42":{"start":{"line":22,"column":20},"end":{"line":22,"column":34}},"43":{"start":{"line":22,"column":25},"end":{"line":22,"column":null}},"44":{"start":{"line":23,"column":12},"end":{"line":29,"column":null}},"45":{"start":{"line":30,"column":8},"end":{"line":30,"column":null}},"46":{"start":{"line":33,"column":4},"end":{"line":33,"column":null}},"47":{"start":{"line":34,"column":8},"end":{"line":34,"column":null}},"48":{"start":{"line":38,"column":8},"end":{"line":61,"column":null}},"49":{"start":{"line":62,"column":8},"end":{"line":62,"column":null}},"50":{"start":{"line":67,"column":16},"end":{"line":67,"column":null}},"51":{"start":{"line":67,"column":16},"end":{"line":67,"column":25}},"52":{"start":{"line":67,"column":16},"end":{"line":67,"column":38}},"53":{"start":{"line":70,"column":16},"end":{"line":71,"column":21}},"54":{"start":{"line":71,"column":12},"end":{"line":71,"column":null}},"55":{"start":{"line":74,"column":4},"end":{"line":74,"column":null}},"56":{"start":{"line":75,"column":56},"end":{"line":75,"column":96}},"57":{"start":{"line":75,"column":56},"end":{"line":75,"column":74}},"58":{"start":{"line":75,"column":56},"end":{"line":75,"column":95}},"59":{"start":{"line":75,"column":96},"end":{"line":75,"column":null}},"60":{"start":{"line":11,"column":40},"end":{"line":11,"column":60}},"61":{"start":{"line":23,"column":36},"end":{"line":23,"column":72}},"62":{"start":{"line":35,"column":95},"end":{"line":35,"column":null}},"63":{"start":{"line":38,"column":14},"end":{"line":38,"column":38}},"64":{"start":{"line":75,"column":17},"end":{"line":75,"column":56}},"65":{"start":{"line":1,"column":0},"end":{"line":77,"column":null}},"66":{"start":{"line":1,"column":29},"end":{"line":1,"column":67}}},"fnMap":{"0":{"name":"BookComponent_div_0_div_24_button_1_Template_button_click_0_listener","decl":{"start":{"line":43,"column":16},"end":{"line":43,"column":25}},"loc":{"start":{"line":43,"column":16},"end":{"line":43,"column":44}}},"1":{"name":"BookComponent_div_0_div_24_ng_template_2_Template_button_click_0_listener","decl":{"start":{"line":53,"column":16},"end":{"line":53,"column":25}},"loc":{"start":{"line":53,"column":16},"end":{"line":53,"column":49}}},"2":{"name":"BookComponent_div_0_Template_button_click_26_listener","decl":{"start":{"line":67,"column":16},"end":{"line":67,"column":25}},"loc":{"start":{"line":67,"column":16},"end":{"line":67,"column":38}}},"3":{"name":"BookComponent_div_0_Template_reviews_avgRatingEvent_29_listener","decl":{"start":{"line":75,"column":56},"end":{"line":75,"column":74}},"loc":{"start":{"line":75,"column":56},"end":{"line":75,"column":95}}}},"branchMap":{"0":{"loc":{"start":{"line":13,"column":16},"end":{"line":13,"column":null}},"type":"cond-expr","locations":[{"start":{"line":13,"column":16},"end":{"line":13,"column":null}},{"start":{"line":13,"column":16},"end":{"line":13,"column":null}}]},"1":{"loc":{"start":{"line":1,"column":29},"end":{"line":1,"column":65}},"type":"binary-expr","locations":[{"start":{"line":1,"column":29},"end":{"line":1,"column":65}},{"start":{"line":1,"column":29},"end":{"line":1,"column":65}},{"start":{"line":1,"column":29},"end":{"line":1,"column":65}}]}},"s":{"0":15,"1":15,"2":2215,"3":15,"4":15,"5":3,"6":443,"7":3,"8":1,"9":1,"10":2,"11":1,"12":1,"13":1,"14":3,"15":3,"16":0,"17":0,"18":3,"19":3,"20":3,"21":3,"22":3,"23":3,"24":3,"25":440,"26":3,"27":3,"28":3,"29":443,"30":3,"31":3,"32":443,"33":3,"34":3,"35":3,"36":3,"37":3,"38":3,"39":443,"40":3,"41":3,"42":3,"43":3,"44":3,"45":3,"46":3,"47":3,"48":3,"49":3,"50":3,"51":0,"52":0,"53":3,"54":3,"55":3,"56":3,"57":8,"58":4,"59":3,"60":440,"61":440,"62":440,"63":440,"64":440,"65":3,"66":312},"f":{"0":1,"1":0,"2":0,"3":4},"b":{"0":[800,600],"1":[312,272,226]}}
,"/app/src/app/components/book/book.component.ts": {"path":"/app/src/app/components/book/book.component.ts","statementMap":{"0":{"start":{"line":23,"column":12},"end":{"line":23,"column":36}},"1":{"start":{"line":24,"column":12},"end":{"line":24,"column":50}},"2":{"start":{"line":25,"column":12},"end":{"line":25,"column":33}},"3":{"start":{"line":26,"column":12},"end":{"line":26,"column":29}},"4":{"start":{"line":27,"column":12},"end":{"line":27,"column":33}},"5":{"start":{"line":28,"column":12},"end":{"line":28,"column":36}},"6":{"start":{"line":39,"column":4},"end":{"line":43,"column":null}},"7":{"start":{"line":41,"column":8},"end":{"line":41,"column":null}},"8":{"start":{"line":43,"column":32},"end":{"line":43,"column":48}},"9":{"start":{"line":45,"column":4},"end":{"line":52,"column":null}},"10":{"start":{"line":48,"column":44},"end":{"line":48,"column":null}},"11":{"start":{"line":49,"column":44},"end":{"line":49,"column":null}},"12":{"start":{"line":52,"column":66},"end":{"line":52,"column":96}},"13":{"start":{"line":55,"column":24},"end":{"line":55,"column":null}},"14":{"start":{"line":55,"column":24},"end":{"line":68,"column":null}},"15":{"start":{"line":57,"column":6},"end":{"line":57,"column":null}},"16":{"start":{"line":58,"column":6},"end":{"line":61,"column":null}},"17":{"start":{"line":64,"column":6},"end":{"line":67,"column":null}},"18":{"start":{"line":71,"column":29},"end":{"line":71,"column":null}},"19":{"start":{"line":71,"column":29},"end":{"line":84,"column":null}},"20":{"start":{"line":73,"column":6},"end":{"line":73,"column":null}},"21":{"start":{"line":74,"column":6},"end":{"line":77,"column":null}},"22":{"start":{"line":80,"column":6},"end":{"line":83,"column":null}},"23":{"start":{"line":88,"column":22},"end":{"line":91,"column":6}},"24":{"start":{"line":93,"column":4},"end":{"line":118,"column":null}},"25":{"start":{"line":96,"column":10},"end":{"line":98,"column":null}},"26":{"start":{"line":100,"column":23},"end":{"line":102,"column":null}},"27":{"start":{"line":104,"column":12},"end":{"line":104,"column":null}},"28":{"start":{"line":105,"column":12},"end":{"line":108,"column":null}},"29":{"start":{"line":111,"column":12},"end":{"line":114,"column":null}},"30":{"start":{"line":122,"column":4},"end":{"line":122,"column":null}},"31":{"start":{"line":126,"column":4},"end":{"line":126,"column":null}},"32":{"start":{"line":127,"column":4},"end":{"line":127,"column":null}},"33":{"start":{"line":20,"column":13},"end":{"line":20,"column":null}}},"fnMap":{"0":{"name":"(anonymous_11)","decl":{"start":{"line":22,"column":2},"end":{"line":22,"column":null}},"loc":{"start":{"line":28,"column":36},"end":{"line":29,"column":null}}},"1":{"name":"(anonymous_12)","decl":{"start":{"line":37,"column":2},"end":{"line":37,"column":10}},"loc":{"start":{"line":37,"column":10},"end":{"line":53,"column":null}}},"2":{"name":"(anonymous_13)","decl":{"start":{"line":40,"column":16},"end":{"line":40,"column":22}},"loc":{"start":{"line":40,"column":25},"end":{"line":42,"column":7}}},"3":{"name":"(anonymous_14)","decl":{"start":{"line":43,"column":17},"end":{"line":43,"column":27}},"loc":{"start":{"line":43,"column":32},"end":{"line":43,"column":48}}},"4":{"name":"(anonymous_15)","decl":{"start":{"line":47,"column":52},"end":{"line":47,"column":59}},"loc":{"start":{"line":47,"column":62},"end":{"line":50,"column":43}}},"5":{"name":"(anonymous_16)","decl":{"start":{"line":52,"column":51},"end":{"line":52,"column":62}},"loc":{"start":{"line":52,"column":66},"end":{"line":52,"column":96}}},"6":{"name":"(anonymous_17)","decl":{"start":{"line":55,"column":8},"end":{"line":55,"column":24}},"loc":{"start":{"line":55,"column":24},"end":{"line":69,"column":null}}},"7":{"name":"(anonymous_18)","decl":{"start":{"line":55,"column":24},"end":{"line":55,"column":null}},"loc":{"start":{"line":55,"column":24},"end":{"line":68,"column":null}}},"8":{"name":"(anonymous_19)","decl":{"start":{"line":71,"column":8},"end":{"line":71,"column":29}},"loc":{"start":{"line":71,"column":29},"end":{"line":85,"column":null}}},"9":{"name":"(anonymous_20)","decl":{"start":{"line":71,"column":29},"end":{"line":71,"column":null}},"loc":{"start":{"line":71,"column":29},"end":{"line":84,"column":null}}},"10":{"name":"(anonymous_21)","decl":{"start":{"line":87,"column":2},"end":{"line":87,"column":12}},"loc":{"start":{"line":87,"column":12},"end":{"line":119,"column":null}}},"11":{"name":"(anonymous_22)","decl":{"start":{"line":93,"column":38},"end":{"line":93,"column":41}},"loc":{"start":{"line":93,"column":44},"end":{"line":118,"column":5}}},"12":{"name":"(anonymous_23)","decl":{"start":{"line":121,"column":2},"end":{"line":121,"column":14}},"loc":{"start":{"line":121,"column":28},"end":{"line":123,"column":null}}},"13":{"name":"(anonymous_24)","decl":{"start":{"line":125,"column":2},"end":{"line":125,"column":13}},"loc":{"start":{"line":125,"column":13},"end":{"line":128,"column":null}}},"14":{"name":"BookComponent_Factory","decl":{"start":{"line":20,"column":26},"end":{"line":20,"column":null}},"loc":{"start":{"line":20,"column":26},"end":{"line":20,"column":null}}}},"branchMap":{"0":{"loc":{"start":{"line":20,"column":13},"end":{"line":20,"column":26}},"type":"binary-expr","locations":[{"start":{"line":20,"column":13},"end":{"line":20,"column":26}},{"start":{"line":20,"column":13},"end":{"line":20,"column":26}}]}},"s":{"0":3,"1":3,"2":3,"3":3,"4":3,"5":3,"6":3,"7":3,"8":3,"9":3,"10":3,"11":3,"12":4,"13":1,"14":1,"15":1,"16":0,"17":0,"18":0,"19":0,"20":0,"21":0,"22":0,"23":0,"24":0,"25":0,"26":0,"27":0,"28":0,"29":0,"30":4,"31":1,"32":1,"33":8},"f":{"0":3,"1":3,"2":3,"3":3,"4":3,"5":4,"6":1,"7":1,"8":0,"9":0,"10":0,"11":0,"12":4,"13":1,"14":3},"b":{"0":[3,3]}}
,"/app/src/app/components/book-form/book-form.component.html": {"path":"/app/src/app/components/book-form/book-form.component.html","statementMap":{"0":{"start":{"line":10,"column":16},"end":{"line":10,"column":null}},"1":{"start":{"line":11,"column":20},"end":{"line":12,"column":22}},"2":{"start":{"line":12,"column":16},"end":{"line":12,"column":null}},"3":{"start":{"line":17,"column":16},"end":{"line":17,"column":null}},"4":{"start":{"line":18,"column":20},"end":{"line":19,"column":22}},"5":{"start":{"line":19,"column":16},"end":{"line":19,"column":null}},"6":{"start":{"line":24,"column":16},"end":{"line":24,"column":null}},"7":{"start":{"line":25,"column":20},"end":{"line":26,"column":22}},"8":{"start":{"line":26,"column":16},"end":{"line":26,"column":null}},"9":{"start":{"line":31,"column":24},"end":{"line":31,"column":null}},"10":{"start":{"line":32,"column":28},"end":{"line":33,"column":33}},"11":{"start":{"line":33,"column":24},"end":{"line":33,"column":null}},"12":{"start":{"line":31,"column":72},"end":{"line":31,"column":98}},"13":{"start":{"line":36,"column":16},"end":{"line":36,"column":null}},"14":{"start":{"line":37,"column":20},"end":{"line":38,"column":22}},"15":{"start":{"line":38,"column":16},"end":{"line":38,"column":null}},"16":{"start":{"line":43,"column":24},"end":{"line":43,"column":null}},"17":{"start":{"line":44,"column":28},"end":{"line":45,"column":33}},"18":{"start":{"line":45,"column":24},"end":{"line":45,"column":null}},"19":{"start":{"line":43,"column":63},"end":{"line":43,"column":80}},"20":{"start":{"line":48,"column":16},"end":{"line":48,"column":null}},"21":{"start":{"line":49,"column":20},"end":{"line":50,"column":22}},"22":{"start":{"line":50,"column":16},"end":{"line":50,"column":null}},"23":{"start":{"line":55,"column":16},"end":{"line":55,"column":null}},"24":{"start":{"line":56,"column":20},"end":{"line":57,"column":22}},"25":{"start":{"line":57,"column":16},"end":{"line":57,"column":null}},"26":{"start":{"line":1,"column":0},"end":{"line":1,"column":null}},"27":{"start":{"line":2,"column":4},"end":{"line":2,"column":26}},"28":{"start":{"line":2,"column":8},"end":{"line":2,"column":31}},"29":{"start":{"line":2,"column":26},"end":{"line":2,"column":null}},"30":{"start":{"line":3,"column":4},"end":{"line":3,"column":null}},"31":{"start":{"line":5,"column":30},"end":{"line":5,"column":null}},"32":{"start":{"line":5,"column":30},"end":{"line":5,"column":42}},"33":{"start":{"line":5,"column":30},"end":{"line":5,"column":60}},"34":{"start":{"line":6,"column":16},"end":{"line":6,"column":null}},"35":{"start":{"line":7,"column":39},"end":{"line":7,"column":52}},"36":{"start":{"line":7,"column":44},"end":{"line":7,"column":null}},"37":{"start":{"line":8,"column":20},"end":{"line":8,"column":null}},"38":{"start":{"line":9,"column":16},"end":{"line":9,"column":null}},"39":{"start":{"line":10,"column":16},"end":{"line":12,"column":null}},"40":{"start":{"line":13,"column":16},"end":{"line":13,"column":null}},"41":{"start":{"line":14,"column":40},"end":{"line":14,"column":54}},"42":{"start":{"line":14,"column":46},"end":{"line":14,"column":null}},"43":{"start":{"line":15,"column":20},"end":{"line":15,"column":null}},"44":{"start":{"line":16,"column":16},"end":{"line":16,"column":null}},"45":{"start":{"line":17,"column":16},"end":{"line":19,"column":null}},"46":{"start":{"line":20,"column":16},"end":{"line":20,"column":null}},"47":{"start":{"line":21,"column":45},"end":{"line":21,"column":64}},"48":{"start":{"line":21,"column":56},"end":{"line":21,"column":null}},"49":{"start":{"line":22,"column":20},"end":{"line":22,"column":null}},"50":{"start":{"line":23,"column":16},"end":{"line":23,"column":null}},"51":{"start":{"line":24,"column":16},"end":{"line":26,"column":null}},"52":{"start":{"line":27,"column":16},"end":{"line":27,"column":null}},"53":{"start":{"line":28,"column":44},"end":{"line":28,"column":62}},"54":{"start":{"line":28,"column":54},"end":{"line":28,"column":null}},"55":{"start":{"line":29,"column":20},"end":{"line":29,"column":null}},"56":{"start":{"line":29,"column":113},"end":{"line":29,"column":172}},"57":{"start":{"line":29,"column":113},"end":{"line":29,"column":130}},"58":{"start":{"line":29,"column":113},"end":{"line":29,"column":162}},"59":{"start":{"line":30,"column":24},"end":{"line":30,"column":null}},"60":{"start":{"line":31,"column":24},"end":{"line":33,"column":null}},"61":{"start":{"line":34,"column":20},"end":{"line":34,"column":null}},"62":{"start":{"line":36,"column":16},"end":{"line":38,"column":null}},"63":{"start":{"line":39,"column":16},"end":{"line":39,"column":null}},"64":{"start":{"line":40,"column":40},"end":{"line":40,"column":54}},"65":{"start":{"line":40,"column":46},"end":{"line":40,"column":null}},"66":{"start":{"line":41,"column":20},"end":{"line":41,"column":null}},"67":{"start":{"line":42,"column":24},"end":{"line":42,"column":null}},"68":{"start":{"line":43,"column":24},"end":{"line":45,"column":null}},"69":{"start":{"line":46,"column":20},"end":{"line":46,"column":null}},"70":{"start":{"line":48,"column":16},"end":{"line":50,"column":null}},"71":{"start":{"line":51,"column":16},"end":{"line":51,"column":null}},"72":{"start":{"line":52,"column":39},"end":{"line":52,"column":56}},"73":{"start":{"line":52,"column":48},"end":{"line":52,"column":null}},"74":{"start":{"line":53,"column":20},"end":{"line":53,"column":null}},"75":{"start":{"line":54,"column":16},"end":{"line":54,"column":null}},"76":{"start":{"line":55,"column":16},"end":{"line":57,"column":null}},"77":{"start":{"line":58,"column":16},"end":{"line":58,"column":101}},"78":{"start":{"line":58,"column":95},"end":{"line":58,"column":110}},"79":{"start":{"line":58,"column":101},"end":{"line":58,"column":null}},"80":{"start":{"line":62,"column":0},"end":{"line":62,"column":null}},"81":{"start":{"line":10,"column":49},"end":{"line":10,"column":87}},"82":{"start":{"line":17,"column":49},"end":{"line":17,"column":89}},"83":{"start":{"line":24,"column":49},"end":{"line":24,"column":99}},"84":{"start":{"line":31,"column":55},"end":{"line":31,"column":72}},"85":{"start":{"line":36,"column":49},"end":{"line":36,"column":97}},"86":{"start":{"line":43,"column":51},"end":{"line":43,"column":63}},"87":{"start":{"line":48,"column":49},"end":{"line":48,"column":89}},"88":{"start":{"line":55,"column":49},"end":{"line":55,"column":87}},"89":{"start":{"line":1,"column":0},"end":{"line":62,"column":null}},"90":{"start":{"line":1,"column":15},"end":{"line":1,"column":47}}},"fnMap":{"0":{"name":"BookFormComponent_ng_container_0_Template_form_ngSubmit_5_listener","decl":{"start":{"line":5,"column":30},"end":{"line":5,"column":42}},"loc":{"start":{"line":5,"column":30},"end":{"line":5,"column":60}}},"1":{"name":"BookFormComponent_ng_container_0_Template_select_ngModelChange_28_listener","decl":{"start":{"line":29,"column":113},"end":{"line":29,"column":130}},"loc":{"start":{"line":29,"column":113},"end":{"line":29,"column":162}}}},"branchMap":{"0":{"loc":{"start":{"line":10,"column":49},"end":{"line":10,"column":85}},"type":"binary-expr","locations":[{"start":{"line":10,"column":49},"end":{"line":10,"column":85}},{"start":{"line":10,"column":49},"end":{"line":10,"column":85}}]},"1":{"loc":{"start":{"line":17,"column":49},"end":{"line":17,"column":87}},"type":"binary-expr","locations":[{"start":{"line":17,"column":49},"end":{"line":17,"column":87}},{"start":{"line":17,"column":49},"end":{"line":17,"column":87}}]},"2":{"loc":{"start":{"line":24,"column":49},"end":{"line":24,"column":97}},"type":"binary-expr","locations":[{"start":{"line":24,"column":49},"end":{"line":24,"column":97}},{"start":{"line":24,"column":49},"end":{"line":24,"column":97}}]},"3":{"loc":{"start":{"line":36,"column":49},"end":{"line":36,"column":95}},"type":"binary-expr","locations":[{"start":{"line":36,"column":49},"end":{"line":36,"column":95}},{"start":{"line":36,"column":49},"end":{"line":36,"column":95}}]},"4":{"loc":{"start":{"line":48,"column":49},"end":{"line":48,"column":87}},"type":"binary-expr","locations":[{"start":{"line":48,"column":49},"end":{"line":48,"column":87}},{"start":{"line":48,"column":49},"end":{"line":48,"column":87}}]},"5":{"loc":{"start":{"line":55,"column":49},"end":{"line":55,"column":85}},"type":"binary-expr","locations":[{"start":{"line":55,"column":49},"end":{"line":55,"column":85}},{"start":{"line":55,"column":49},"end":{"line":55,"column":85}}]},"6":{"loc":{"start":{"line":1,"column":15},"end":{"line":1,"column":45}},"type":"binary-expr","locations":[{"start":{"line":1,"column":15},"end":{"line":1,"column":45}},{"start":{"line":1,"column":15},"end":{"line":1,"column":45}}]}},"s":{"0":0,"1":0,"2":0,"3":0,"4":0,"5":0,"6":0,"7":0,"8":0,"9":1,"10":1305,"11":1,"12":652,"13":0,"14":0,"15":0,"16":3,"17":1395,"18":3,"19":696,"20":0,"21":0,"22":0,"23":0,"24":0,"25":0,"26":1,"27":1,"28":1,"29":1,"30":1,"31":1,"32":3,"33":1,"34":1,"35":1,"36":1,"37":1,"38":1,"39":1,"40":1,"41":1,"42":1,"43":1,"44":1,"45":1,"46":1,"47":1,"48":1,"49":1,"50":1,"51":1,"52":1,"53":1,"54":1,"55":1,"56":1,"57":3,"58":1,"59":1,"60":1,"61":1,"62":1,"63":1,"64":1,"65":1,"66":1,"67":1,"68":1,"69":1,"70":1,"71":1,"72":1,"73":1,"74":1,"75":1,"76":1,"77":1,"78":1,"79":1,"80":1,"81":1304,"82":1304,"83":1304,"84":1304,"85":1304,"86":1304,"87":1304,"88":1304,"89":1,"90":674},"f":{"0":1,"1":1},"b":{"0":[652,584],"1":[652,530],"2":[652,234],"3":[652,230],"4":[652,226],"5":[652,4],"6":[674,652]}}
,"/app/src/app/components/book-form/book-form.component.ts": {"path":"/app/src/app/components/book-form/book-form.component.ts","statementMap":{"0":{"start":{"line":19,"column":12},"end":{"line":19,"column":26}},"1":{"start":{"line":20,"column":12},"end":{"line":20,"column":48}},"2":{"start":{"line":21,"column":12},"end":{"line":21,"column":36}},"3":{"start":{"line":22,"column":12},"end":{"line":22,"column":36}},"4":{"start":{"line":23,"column":12},"end":{"line":23,"column":33}},"5":{"start":{"line":32,"column":4},"end":{"line":32,"column":null}},"6":{"start":{"line":32,"column":101},"end":{"line":32,"column":133}},"7":{"start":{"line":33,"column":4},"end":{"line":33,"column":null}},"8":{"start":{"line":33,"column":75},"end":{"line":33,"column":107}},"9":{"start":{"line":37,"column":31},"end":{"line":37,"column":103}},"10":{"start":{"line":37,"column":68},"end":{"line":37,"column":102}},"11":{"start":{"line":38,"column":4},"end":{"line":38,"column":null}},"12":{"start":{"line":41,"column":18},"end":{"line":41,"column":null}},"13":{"start":{"line":41,"column":18},"end":{"line":65,"column":null}},"14":{"start":{"line":42,"column":16},"end":{"line":42,"column":45}},"15":{"start":{"line":43,"column":17},"end":{"line":50,"column":null}},"16":{"start":{"line":53,"column":6},"end":{"line":53,"column":null}},"17":{"start":{"line":54,"column":6},"end":{"line":57,"column":null}},"18":{"start":{"line":58,"column":6},"end":{"line":58,"column":null}},"19":{"start":{"line":61,"column":6},"end":{"line":64,"column":null}},"20":{"start":{"line":69,"column":4},"end":{"line":69,"column":null}},"21":{"start":{"line":70,"column":4},"end":{"line":70,"column":null}},"22":{"start":{"line":16,"column":13},"end":{"line":16,"column":null}}},"fnMap":{"0":{"name":"(anonymous_11)","decl":{"start":{"line":18,"column":2},"end":{"line":18,"column":null}},"loc":{"start":{"line":23,"column":33},"end":{"line":24,"column":null}}},"1":{"name":"(anonymous_12)","decl":{"start":{"line":31,"column":2},"end":{"line":31,"column":10}},"loc":{"start":{"line":31,"column":10},"end":{"line":34,"column":null}}},"2":{"name":"(anonymous_13)","decl":{"start":{"line":32,"column":85},"end":{"line":32,"column":97}},"loc":{"start":{"line":32,"column":101},"end":{"line":32,"column":133}}},"3":{"name":"(anonymous_14)","decl":{"start":{"line":33,"column":64},"end":{"line":33,"column":71}},"loc":{"start":{"line":33,"column":75},"end":{"line":33,"column":107}}},"4":{"name":"(anonymous_15)","decl":{"start":{"line":36,"column":2},"end":{"line":36,"column":15}},"loc":{"start":{"line":36,"column":38},"end":{"line":39,"column":null}}},"5":{"name":"(anonymous_16)","decl":{"start":{"line":37,"column":54},"end":{"line":37,"column":64}},"loc":{"start":{"line":37,"column":68},"end":{"line":37,"column":102}}},"6":{"name":"(anonymous_17)","decl":{"start":{"line":41,"column":8},"end":{"line":41,"column":16}},"loc":{"start":{"line":41,"column":18},"end":{"line":66,"column":null}}},"7":{"name":"(anonymous_18)","decl":{"start":{"line":41,"column":18},"end":{"line":41,"column":null}},"loc":{"start":{"line":41,"column":18},"end":{"line":65,"column":null}}},"8":{"name":"(anonymous_19)","decl":{"start":{"line":68,"column":2},"end":{"line":68,"column":13}},"loc":{"start":{"line":68,"column":13},"end":{"line":71,"column":null}}},"9":{"name":"BookFormComponent_Factory","decl":{"start":{"line":16,"column":30},"end":{"line":16,"column":null}},"loc":{"start":{"line":16,"column":30},"end":{"line":16,"column":null}}}},"branchMap":{"0":{"loc":{"start":{"line":38,"column":19},"end":{"line":38,"column":71}},"type":"cond-expr","locations":[{"start":{"line":38,"column":40},"end":{"line":38,"column":66}},{"start":{"line":38,"column":69},"end":{"line":38,"column":71}}]},"1":{"loc":{"start":{"line":16,"column":13},"end":{"line":16,"column":30}},"type":"binary-expr","locations":[{"start":{"line":16,"column":13},"end":{"line":16,"column":30}},{"start":{"line":16,"column":13},"end":{"line":16,"column":30}}]}},"s":{"0":1,"1":1,"2":1,"3":1,"4":1,"5":1,"6":1,"7":1,"8":1,"9":1,"10":1,"11":1,"12":1,"13":1,"14":1,"15":1,"16":1,"17":1,"18":1,"19":0,"20":1,"21":1,"22":6},"f":{"0":1,"1":1,"2":1,"3":1,"4":1,"5":1,"6":1,"7":1,"8":1,"9":1},"b":{"0":[1,0],"1":[1,1]}}
,"/app/src/app/components/book-requests/book-requests.component.html": {"path":"/app/src/app/components/book-requests/book-requests.component.html","statementMap":{"0":{"start":{"line":2,"column":4},"end":{"line":2,"column":null}},"1":{"start":{"line":3,"column":8},"end":{"line":3,"column":null}},"2":{"start":{"line":4,"column":4},"end":{"line":4,"column":null}},"3":{"start":{"line":6,"column":8},"end":{"line":6,"column":null}},"4":{"start":{"line":1,"column":0},"end":{"line":1,"column":null}},"5":{"start":{"line":2,"column":4},"end":{"line":4,"column":null}},"6":{"start":{"line":5,"column":4},"end":{"line":7,"column":null}},"7":{"start":{"line":8,"column":0},"end":{"line":8,"column":null}},"8":{"start":{"line":2,"column":19},"end":{"line":2,"column":53}},"9":{"start":{"line":1,"column":0},"end":{"line":8,"column":null}},"10":{"start":{"line":1,"column":15},"end":{"line":1,"column":30}}},"fnMap":{},"branchMap":{},"s":{"0":0,"1":0,"2":0,"3":1,"4":1,"5":1,"6":1,"7":1,"8":60,"9":1,"10":56},"f":{},"b":{}}
,"/app/src/app/components/book-requests/book-requests.component.ts": {"path":"/app/src/app/components/book-requests/book-requests.component.ts","statementMap":{"0":{"start":{"line":13,"column":12},"end":{"line":13,"column":36}},"1":{"start":{"line":19,"column":4},"end":{"line":19,"column":null}},"2":{"start":{"line":19,"column":71},"end":{"line":19,"column":93}},"3":{"start":{"line":23,"column":4},"end":{"line":23,"column":null}},"4":{"start":{"line":11,"column":13},"end":{"line":11,"column":null}}},"fnMap":{"0":{"name":"(anonymous_3)","decl":{"start":{"line":12,"column":2},"end":{"line":12,"column":null}},"loc":{"start":{"line":13,"column":36},"end":{"line":14,"column":null}}},"1":{"name":"(anonymous_4)","decl":{"start":{"line":18,"column":2},"end":{"line":18,"column":10}},"loc":{"start":{"line":18,"column":10},"end":{"line":20,"column":null}}},"2":{"name":"(anonymous_5)","decl":{"start":{"line":19,"column":60},"end":{"line":19,"column":67}},"loc":{"start":{"line":19,"column":71},"end":{"line":19,"column":93}}},"3":{"name":"(anonymous_6)","decl":{"start":{"line":22,"column":2},"end":{"line":22,"column":13}},"loc":{"start":{"line":22,"column":13},"end":{"line":24,"column":null}}},"4":{"name":"BookRequestsComponent_Factory","decl":{"start":{"line":11,"column":34},"end":{"line":11,"column":null}},"loc":{"start":{"line":11,"column":34},"end":{"line":11,"column":null}}}},"branchMap":{"0":{"loc":{"start":{"line":11,"column":13},"end":{"line":11,"column":34}},"type":"binary-expr","locations":[{"start":{"line":11,"column":13},"end":{"line":11,"column":34}},{"start":{"line":11,"column":13},"end":{"line":11,"column":34}}]}},"s":{"0":1,"1":1,"2":1,"3":0,"4":6},"f":{"0":1,"1":1,"2":1,"3":0,"4":1},"b":{"0":[1,1]}}
,"/app/src/app/components/book-search/book-search.component.html": {"path":"/app/src/app/components/book-search/book-search.component.html","statementMap":{"0":{"start":{"line":2,"column":2},"end":{"line":2,"column":null}},"1":{"start":{"line":3,"column":4},"end":{"line":3,"column":null}},"2":{"start":{"line":4,"column":64},"end":{"line":4,"column":134}},"3":{"start":{"line":4,"column":64},"end":{"line":4,"column":88}},"4":{"start":{"line":4,"column":6},"end":{"line":4,"column":null}},"5":{"start":{"line":6,"column":2},"end":{"line":6,"column":null}},"6":{"start":{"line":12,"column":8},"end":{"line":12,"column":null}},"7":{"start":{"line":13,"column":10},"end":{"line":14,"column":21}},"8":{"start":{"line":14,"column":8},"end":{"line":14,"column":null}},"9":{"start":{"line":12,"column":60},"end":{"line":12,"column":89}},"10":{"start":{"line":9,"column":4},"end":{"line":9,"column":null}},"11":{"start":{"line":10,"column":18},"end":{"line":10,"column":null}},"12":{"start":{"line":10,"column":18},"end":{"line":10,"column":42}},"13":{"start":{"line":11,"column":8},"end":{"line":11,"column":46}},"14":{"start":{"line":11,"column":29},"end":{"line":11,"column":59}},"15":{"start":{"line":11,"column":46},"end":{"line":11,"column":null}},"16":{"start":{"line":12,"column":8},"end":{"line":14,"column":null}},"17":{"start":{"line":15,"column":6},"end":{"line":15,"column":null}},"18":{"start":{"line":12,"column":43},"end":{"line":12,"column":60}},"19":{"start":{"line":1,"column":0},"end":{"line":1,"column":null}},"20":{"start":{"line":2,"column":2},"end":{"line":6,"column":null}},"21":{"start":{"line":8,"column":2},"end":{"line":17,"column":null}},"22":{"start":{"line":19,"column":2},"end":{"line":19,"column":null}},"23":{"start":{"line":20,"column":15},"end":{"line":20,"column":37}},"24":{"start":{"line":20,"column":25},"end":{"line":20,"column":null}},"25":{"start":{"line":21,"column":4},"end":{"line":21,"column":null}},"26":{"start":{"line":21,"column":16},"end":{"line":21,"column":78}},"27":{"start":{"line":21,"column":16},"end":{"line":21,"column":40}},"28":{"start":{"line":21,"column":40},"end":{"line":21,"column":78}},"29":{"start":{"line":21,"column":40},"end":{"line":21,"column":133}},"30":{"start":{"line":22,"column":6},"end":{"line":22,"column":39}},"31":{"start":{"line":22,"column":34},"end":{"line":22,"column":52}},"32":{"start":{"line":22,"column":39},"end":{"line":22,"column":null}},"33":{"start":{"line":23,"column":6},"end":{"line":23,"column":49}},"34":{"start":{"line":23,"column":39},"end":{"line":23,"column":62}},"35":{"start":{"line":23,"column":49},"end":{"line":23,"column":null}},"36":{"start":{"line":27,"column":2},"end":{"line":27,"column":103}},"37":{"start":{"line":27,"column":51},"end":{"line":27,"column":97}},"38":{"start":{"line":27,"column":51},"end":{"line":27,"column":60}},"39":{"start":{"line":27,"column":51},"end":{"line":27,"column":71}},"40":{"start":{"line":27,"column":97},"end":{"line":27,"column":112}},"41":{"start":{"line":27,"column":103},"end":{"line":27,"column":null}},"42":{"start":{"line":28,"column":2},"end":{"line":28,"column":98}},"43":{"start":{"line":28,"column":49},"end":{"line":28,"column":93}},"44":{"start":{"line":28,"column":49},"end":{"line":28,"column":58}},"45":{"start":{"line":28,"column":49},"end":{"line":28,"column":68}},"46":{"start":{"line":28,"column":93},"end":{"line":28,"column":107}},"47":{"start":{"line":28,"column":98},"end":{"line":28,"column":null}},"48":{"start":{"line":29,"column":0},"end":{"line":29,"column":null}},"49":{"start":{"line":2,"column":17},"end":{"line":2,"column":68}},"50":{"start":{"line":1,"column":0},"end":{"line":29,"column":null}},"51":{"start":{"line":1,"column":15},"end":{"line":1,"column":62}}},"fnMap":{"0":{"name":"BookSearchComponent_ng_container_0_ng_container_1_Template_input_ngModelChange_2_listener","decl":{"start":{"line":4,"column":64},"end":{"line":4,"column":88}},"loc":{"start":{"line":4,"column":64},"end":{"line":4,"column":88}}},"1":{"name":"BookSearchComponent_ng_container_0_ng_template_2_Template_mat_select_ngModelChange_1_listener","decl":{"start":{"line":10,"column":18},"end":{"line":10,"column":42}},"loc":{"start":{"line":10,"column":18},"end":{"line":10,"column":42}}},"2":{"name":"BookSearchComponent_ng_container_0_Template_mat_select_ngModelChange_7_listener","decl":{"start":{"line":21,"column":16},"end":{"line":21,"column":40}},"loc":{"start":{"line":21,"column":16},"end":{"line":21,"column":40}}},"3":{"name":"BookSearchComponent_ng_container_0_Template_mat_select_selectionChange_7_listener","decl":{"start":{"line":21,"column":40},"end":{"line":21,"column":78}},"loc":{"start":{"line":21,"column":40},"end":{"line":21,"column":133}}},"4":{"name":"BookSearchComponent_ng_container_0_Template_button_click_12_listener","decl":{"start":{"line":27,"column":51},"end":{"line":27,"column":60}},"loc":{"start":{"line":27,"column":51},"end":{"line":27,"column":71}}},"5":{"name":"BookSearchComponent_ng_container_0_Template_button_click_14_listener","decl":{"start":{"line":28,"column":49},"end":{"line":28,"column":58}},"loc":{"start":{"line":28,"column":49},"end":{"line":28,"column":68}}}},"branchMap":{},"s":{"0":3,"1":3,"2":375,"3":117,"4":3,"5":3,"6":0,"7":0,"8":0,"9":0,"10":0,"11":0,"12":0,"13":0,"14":0,"15":0,"16":0,"17":0,"18":0,"19":3,"20":3,"21":3,"22":3,"23":3,"24":3,"25":3,"26":375,"27":0,"28":0,"29":0,"30":3,"31":3,"32":3,"33":3,"34":3,"35":3,"36":3,"37":3,"38":6,"39":3,"40":3,"41":3,"42":3,"43":3,"44":0,"45":0,"46":3,"47":3,"48":3,"49":372,"50":6,"51":266},"f":{"0":39,"1":0,"2":0,"3":0,"4":3,"5":0},"b":{}}
,"/app/src/app/components/book-search/book-search.component.ts": {"path":"/app/src/app/components/book-search/book-search.component.ts","statementMap":{"0":{"start":{"line":15,"column":12},"end":{"line":15,"column":26}},"1":{"start":{"line":16,"column":12},"end":{"line":16,"column":48}},"2":{"start":{"line":20,"column":2},"end":{"line":20,"column":null}},"3":{"start":{"line":21,"column":2},"end":{"line":21,"column":null}},"4":{"start":{"line":24,"column":4},"end":{"line":24,"column":null}},"5":{"start":{"line":28,"column":4},"end":{"line":28,"column":null}},"6":{"start":{"line":29,"column":4},"end":{"line":29,"column":null}},"7":{"start":{"line":30,"column":4},"end":{"line":30,"column":null}},"8":{"start":{"line":34,"column":27},"end":{"line":34,"column":29}},"9":{"start":{"line":37,"column":6},"end":{"line":37,"column":null}},"10":{"start":{"line":39,"column":6},"end":{"line":39,"column":null}},"11":{"start":{"line":42,"column":4},"end":{"line":45,"column":null}},"12":{"start":{"line":49,"column":4},"end":{"line":49,"column":null}},"13":{"start":{"line":50,"column":4},"end":{"line":50,"column":null}},"14":{"start":{"line":12,"column":13},"end":{"line":12,"column":null}}},"fnMap":{"0":{"name":"(anonymous_10)","decl":{"start":{"line":14,"column":2},"end":{"line":14,"column":null}},"loc":{"start":{"line":16,"column":48},"end":{"line":17,"column":null}}},"1":{"name":"(anonymous_11)","decl":{"start":{"line":23,"column":2},"end":{"line":23,"column":10}},"loc":{"start":{"line":23,"column":10},"end":{"line":25,"column":null}}},"2":{"name":"(anonymous_12)","decl":{"start":{"line":27,"column":2},"end":{"line":27,"column":15}},"loc":{"start":{"line":27,"column":28},"end":{"line":31,"column":null}}},"3":{"name":"(anonymous_13)","decl":{"start":{"line":33,"column":2},"end":{"line":33,"column":10}},"loc":{"start":{"line":33,"column":10},"end":{"line":46,"column":null}}},"4":{"name":"(anonymous_14)","decl":{"start":{"line":48,"column":2},"end":{"line":48,"column":9}},"loc":{"start":{"line":48,"column":9},"end":{"line":51,"column":null}}},"5":{"name":"BookSearchComponent_Factory","decl":{"start":{"line":12,"column":32},"end":{"line":12,"column":null}},"loc":{"start":{"line":12,"column":32},"end":{"line":12,"column":null}}}},"branchMap":{"0":{"loc":{"start":{"line":12,"column":13},"end":{"line":12,"column":32}},"type":"binary-expr","locations":[{"start":{"line":12,"column":13},"end":{"line":12,"column":32}},{"start":{"line":12,"column":13},"end":{"line":12,"column":32}}]}},"s":{"0":6,"1":6,"2":6,"3":6,"4":6,"5":0,"6":0,"7":0,"8":3,"9":3,"10":0,"11":3,"12":0,"13":0,"14":11},"f":{"0":6,"1":6,"2":0,"3":3,"4":0,"5":6},"b":{"0":[6,6]}}
,"/app/src/app/components/books/books.component.html": {"path":"/app/src/app/components/books/books.component.html","statementMap":{"0":{"start":{"line":10,"column":4},"end":{"line":10,"column":null}},"1":{"start":{"line":13,"column":51},"end":{"line":13,"column":84}},"2":{"start":{"line":13,"column":67},"end":{"line":13,"column":null}},"3":{"start":{"line":14,"column":10},"end":{"line":14,"column":46}},"4":{"start":{"line":14,"column":29},"end":{"line":14,"column":66}},"5":{"start":{"line":14,"column":46},"end":{"line":14,"column":null}},"6":{"start":{"line":15,"column":10},"end":{"line":15,"column":null}},"7":{"start":{"line":16,"column":10},"end":{"line":16,"column":null}},"8":{"start":{"line":17,"column":101},"end":{"line":17,"column":114}},"9":{"start":{"line":17,"column":105},"end":{"line":17,"column":null}},"10":{"start":{"line":18,"column":12},"end":{"line":22,"column":null}},"11":{"start":{"line":23,"column":14},"end":{"line":24,"column":21}},"12":{"start":{"line":24,"column":12},"end":{"line":24,"column":null}},"13":{"start":{"line":15,"column":30},"end":{"line":15,"column":69}},"14":{"start":{"line":17,"column":47},"end":{"line":17,"column":101}},"15":{"start":{"line":19,"column":14},"end":{"line":19,"column":null}},"16":{"start":{"line":8,"column":0},"end":{"line":8,"column":null}},"17":{"start":{"line":10,"column":4},"end":{"line":28,"column":null}},"18":{"start":{"line":29,"column":2},"end":{"line":29,"column":null}},"19":{"start":{"line":10,"column":72},"end":{"line":10,"column":90}},"20":{"start":{"line":1,"column":0},"end":{"line":1,"column":null}},"21":{"start":{"line":2,"column":2},"end":{"line":2,"column":null}},"22":{"start":{"line":3,"column":0},"end":{"line":3,"column":null}},"23":{"start":{"line":4,"column":0},"end":{"line":4,"column":null}},"24":{"start":{"line":5,"column":101},"end":{"line":5,"column":124}},"25":{"start":{"line":5,"column":115},"end":{"line":5,"column":null}},"26":{"start":{"line":7,"column":0},"end":{"line":7,"column":null}},"27":{"start":{"line":8,"column":0},"end":{"line":30,"column":null}},"28":{"start":{"line":8,"column":22},"end":{"line":8,"column":35}}},"fnMap":{},"branchMap":{},"s":{"0":3,"1":387,"2":3,"3":3,"4":387,"5":3,"6":3,"7":3,"8":3,"9":3,"10":3,"11":3,"12":3,"13":384,"14":384,"15":384,"16":3,"17":3,"18":3,"19":384,"20":6,"21":6,"22":6,"23":6,"24":6,"25":6,"26":6,"27":6,"28":532},"f":{},"b":{}}
,"/app/src/app/components/books/books.component.ts": {"path":"/app/src/app/components/books/books.component.ts","statementMap":{"0":{"start":{"line":15,"column":12},"end":{"line":15,"column":36}},"1":{"start":{"line":16,"column":12},"end":{"line":16,"column":33}},"2":{"start":{"line":23,"column":4},"end":{"line":38,"column":null}},"3":{"start":{"line":26,"column":28},"end":{"line":26,"column":null}},"4":{"start":{"line":27,"column":28},"end":{"line":27,"column":null}},"5":{"start":{"line":32,"column":28},"end":{"line":32,"column":null}},"6":{"start":{"line":32,"column":76},"end":{"line":32,"column":143}},"7":{"start":{"line":34,"column":28},"end":{"line":34,"column":null}},"8":{"start":{"line":34,"column":75},"end":{"line":34,"column":132}},"9":{"start":{"line":34,"column":97},"end":{"line":34,"column":131}},"10":{"start":{"line":36,"column":28},"end":{"line":36,"column":null}},"11":{"start":{"line":42,"column":4},"end":{"line":42,"column":null}},"12":{"start":{"line":12,"column":13},"end":{"line":12,"column":null}}},"fnMap":{"0":{"name":"(anonymous_2)","decl":{"start":{"line":14,"column":2},"end":{"line":14,"column":null}},"loc":{"start":{"line":16,"column":33},"end":{"line":17,"column":null}}},"1":{"name":"(anonymous_3)","decl":{"start":{"line":22,"column":2},"end":{"line":22,"column":10}},"loc":{"start":{"line":22,"column":10},"end":{"line":39,"column":null}}},"2":{"name":"(anonymous_4)","decl":{"start":{"line":25,"column":36},"end":{"line":25,"column":41}},"loc":{"start":{"line":25,"column":44},"end":{"line":28,"column":27}}},"3":{"name":"(anonymous_5)","decl":{"start":{"line":30,"column":35},"end":{"line":30,"column":41}},"loc":{"start":{"line":30,"column":44},"end":{"line":38,"column":25}}},"4":{"name":"(anonymous_6)","decl":{"start":{"line":32,"column":67},"end":{"line":32,"column":71}},"loc":{"start":{"line":32,"column":76},"end":{"line":32,"column":143}}},"5":{"name":"(anonymous_7)","decl":{"start":{"line":34,"column":67},"end":{"line":34,"column":71}},"loc":{"start":{"line":34,"column":75},"end":{"line":34,"column":132}}},"6":{"name":"(anonymous_8)","decl":{"start":{"line":34,"column":90},"end":{"line":34,"column":93}},"loc":{"start":{"line":34,"column":97},"end":{"line":34,"column":131}}},"7":{"name":"(anonymous_9)","decl":{"start":{"line":41,"column":2},"end":{"line":41,"column":13}},"loc":{"start":{"line":41,"column":13},"end":{"line":43,"column":null}}},"8":{"name":"BooksComponent_Factory","decl":{"start":{"line":12,"column":27},"end":{"line":12,"column":null}},"loc":{"start":{"line":12,"column":27},"end":{"line":12,"column":null}}}},"branchMap":{"0":{"loc":{"start":{"line":12,"column":13},"end":{"line":12,"column":27}},"type":"binary-expr","locations":[{"start":{"line":12,"column":13},"end":{"line":12,"column":27}},{"start":{"line":12,"column":13},"end":{"line":12,"column":27}}]}},"s":{"0":6,"1":6,"2":6,"3":3,"4":3,"5":3,"6":3,"7":0,"8":0,"9":0,"10":3,"11":5,"12":11},"f":{"0":6,"1":6,"2":3,"3":6,"4":3,"5":0,"6":0,"7":5,"8":6},"b":{"0":[6,6]}}
,"/app/src/app/components/bs-navbar/bs-navbar.component.html": {"path":"/app/src/app/components/bs-navbar/bs-navbar.component.html","statementMap":{"0":{"start":{"line":4,"column":4},"end":{"line":4,"column":127}},"1":{"start":{"line":4,"column":91},"end":{"line":4,"column":134}},"2":{"start":{"line":4,"column":127},"end":{"line":4,"column":null}},"3":{"start":{"line":10,"column":6},"end":{"line":10,"column":null}},"4":{"start":{"line":11,"column":14},"end":{"line":11,"column":27}},"5":{"start":{"line":11,"column":20},"end":{"line":11,"column":null}},"6":{"start":{"line":13,"column":6},"end":{"line":13,"column":null}},"7":{"start":{"line":14,"column":14},"end":{"line":14,"column":28}},"8":{"start":{"line":14,"column":21},"end":{"line":14,"column":null}},"9":{"start":{"line":16,"column":6},"end":{"line":16,"column":null}},"10":{"start":{"line":17,"column":14},"end":{"line":17,"column":33}},"11":{"start":{"line":17,"column":26},"end":{"line":17,"column":null}},"12":{"start":{"line":19,"column":6},"end":{"line":19,"column":null}},"13":{"start":{"line":20,"column":14},"end":{"line":20,"column":34}},"14":{"start":{"line":20,"column":27},"end":{"line":20,"column":null}},"15":{"start":{"line":22,"column":6},"end":{"line":22,"column":null}},"16":{"start":{"line":22,"column":28},"end":{"line":22,"column":80}},"17":{"start":{"line":22,"column":28},"end":{"line":22,"column":39}},"18":{"start":{"line":22,"column":28},"end":{"line":22,"column":48}},"19":{"start":{"line":23,"column":8},"end":{"line":23,"column":21}},"20":{"start":{"line":23,"column":14},"end":{"line":23,"column":28}},"21":{"start":{"line":23,"column":21},"end":{"line":23,"column":null}},"22":{"start":{"line":1,"column":0},"end":{"line":1,"column":null}},"23":{"start":{"line":3,"column":54},"end":{"line":3,"column":69}},"24":{"start":{"line":3,"column":58},"end":{"line":3,"column":null}},"25":{"start":{"line":4,"column":4},"end":{"line":4,"column":null}},"26":{"start":{"line":5,"column":4},"end":{"line":5,"column":null}},"27":{"start":{"line":6,"column":4},"end":{"line":6,"column":null}},"28":{"start":{"line":7,"column":16},"end":{"line":7,"column":36}},"29":{"start":{"line":7,"column":25},"end":{"line":7,"column":null}},"30":{"start":{"line":9,"column":4},"end":{"line":9,"column":null}},"31":{"start":{"line":10,"column":6},"end":{"line":12,"column":null}},"32":{"start":{"line":13,"column":6},"end":{"line":15,"column":null}},"33":{"start":{"line":16,"column":6},"end":{"line":18,"column":null}},"34":{"start":{"line":19,"column":6},"end":{"line":21,"column":null}},"35":{"start":{"line":22,"column":6},"end":{"line":24,"column":null}},"36":{"start":{"line":25,"column":4},"end":{"line":25,"column":null}},"37":{"start":{"line":3,"column":14},"end":{"line":3,"column":54}},"38":{"start":{"line":4,"column":11},"end":{"line":4,"column":91}},"39":{"start":{"line":6,"column":28},"end":{"line":6,"column":78}},"40":{"start":{"line":10,"column":78},"end":{"line":10,"column":94}},"41":{"start":{"line":13,"column":80},"end":{"line":13,"column":96}},"42":{"start":{"line":16,"column":92},"end":{"line":16,"column":127}},"43":{"start":{"line":19,"column":95},"end":{"line":19,"column":110}},"44":{"start":{"line":22,"column":80},"end":{"line":22,"column":95}}},"fnMap":{"0":{"name":"BsNavbarComponent_button_15_Template_button_click_0_listener","decl":{"start":{"line":22,"column":28},"end":{"line":22,"column":39}},"loc":{"start":{"line":22,"column":28},"end":{"line":22,"column":48}}}},"branchMap":{"0":{"loc":{"start":{"line":3,"column":14},"end":{"line":3,"column":53}},"type":"cond-expr","locations":[{"start":{"line":3,"column":14},"end":{"line":3,"column":53}},{"start":{"line":3,"column":14},"end":{"line":3,"column":53}}]},"1":{"loc":{"start":{"line":16,"column":92},"end":{"line":16,"column":125}},"type":"binary-expr","locations":[{"start":{"line":16,"column":92},"end":{"line":16,"column":125}},{"start":{"line":16,"column":92},"end":{"line":16,"column":125}}]}},"s":{"0":4,"1":2496,"2":4,"3":5,"4":5,"5":5,"6":5,"7":5,"8":5,"9":4,"10":4,"11":4,"12":4,"13":4,"14":4,"15":4,"16":4,"17":0,"18":0,"19":4,"20":4,"21":4,"22":5,"23":5,"24":5,"25":5,"26":5,"27":5,"28":5,"29":5,"30":5,"31":5,"32":5,"33":5,"34":5,"35":5,"36":5,"37":2872,"38":2872,"39":2872,"40":2872,"41":2872,"42":2872,"43":2872,"44":2872},"f":{"0":0},"b":{"0":[1246,190],"1":[1436,1246]}}
,"/app/src/app/components/bs-navbar/bs-navbar.component.ts": {"path":"/app/src/app/components/bs-navbar/bs-navbar.component.ts","statementMap":{"0":{"start":{"line":17,"column":12},"end":{"line":17,"column":36}},"1":{"start":{"line":18,"column":12},"end":{"line":18,"column":26}},"2":{"start":{"line":19,"column":12},"end":{"line":19,"column":36}},"3":{"start":{"line":20,"column":12},"end":{"line":20,"column":33}},"4":{"start":{"line":26,"column":4},"end":{"line":27,"column":null}},"5":{"start":{"line":27,"column":62},"end":{"line":27,"column":84}},"6":{"start":{"line":30,"column":14},"end":{"line":30,"column":null}},"7":{"start":{"line":30,"column":14},"end":{"line":43,"column":null}},"8":{"start":{"line":32,"column":6},"end":{"line":32,"column":null}},"9":{"start":{"line":33,"column":6},"end":{"line":36,"column":null}},"10":{"start":{"line":37,"column":6},"end":{"line":37,"column":null}},"11":{"start":{"line":39,"column":6},"end":{"line":42,"column":null}},"12":{"start":{"line":47,"column":4},"end":{"line":47,"column":null}},"13":{"start":{"line":14,"column":13},"end":{"line":14,"column":null}}},"fnMap":{"0":{"name":"(anonymous_7)","decl":{"start":{"line":16,"column":2},"end":{"line":16,"column":null}},"loc":{"start":{"line":20,"column":33},"end":{"line":21,"column":null}}},"1":{"name":"(anonymous_8)","decl":{"start":{"line":25,"column":2},"end":{"line":25,"column":10}},"loc":{"start":{"line":25,"column":10},"end":{"line":28,"column":null}}},"2":{"name":"(anonymous_9)","decl":{"start":{"line":27,"column":51},"end":{"line":27,"column":58}},"loc":{"start":{"line":27,"column":62},"end":{"line":27,"column":84}}},"3":{"name":"(anonymous_10)","decl":{"start":{"line":30,"column":8},"end":{"line":30,"column":14}},"loc":{"start":{"line":30,"column":14},"end":{"line":44,"column":null}}},"4":{"name":"(anonymous_11)","decl":{"start":{"line":30,"column":14},"end":{"line":30,"column":null}},"loc":{"start":{"line":30,"column":14},"end":{"line":43,"column":null}}},"5":{"name":"(anonymous_12)","decl":{"start":{"line":46,"column":2},"end":{"line":46,"column":13}},"loc":{"start":{"line":46,"column":13},"end":{"line":48,"column":null}}},"6":{"name":"BsNavbarComponent_Factory","decl":{"start":{"line":14,"column":30},"end":{"line":14,"column":null}},"loc":{"start":{"line":14,"column":30},"end":{"line":14,"column":null}}}},"branchMap":{"0":{"loc":{"start":{"line":14,"column":13},"end":{"line":14,"column":30}},"type":"binary-expr","locations":[{"start":{"line":14,"column":13},"end":{"line":14,"column":30}},{"start":{"line":14,"column":13},"end":{"line":14,"column":30}}]}},"s":{"0":5,"1":5,"2":5,"3":5,"4":5,"5":5,"6":0,"7":0,"8":0,"9":0,"10":0,"11":0,"12":0,"13":10},"f":{"0":5,"1":5,"2":5,"3":0,"4":0,"5":0,"6":5},"b":{"0":[5,5]}}
,"/app/src/app/components/comments/comments.component.html": {"path":"/app/src/app/components/comments/comments.component.html","statementMap":{"0":{"start":{"line":2,"column":4},"end":{"line":2,"column":null}},"1":{"start":{"line":2,"column":61},"end":{"line":2,"column":84}},"2":{"start":{"line":2,"column":61},"end":{"line":2,"column":73}},"3":{"start":{"line":2,"column":61},"end":{"line":2,"column":83}},"4":{"start":{"line":3,"column":8},"end":{"line":3,"column":null}},"5":{"start":{"line":4,"column":12},"end":{"line":4,"column":null}},"6":{"start":{"line":5,"column":8},"end":{"line":5,"column":null}},"7":{"start":{"line":6,"column":8},"end":{"line":11,"column":null}},"8":{"start":{"line":12,"column":12},"end":{"line":13,"column":17}},"9":{"start":{"line":13,"column":8},"end":{"line":13,"column":null}},"10":{"start":{"line":16,"column":4},"end":{"line":16,"column":null}},"11":{"start":{"line":18,"column":87},"end":{"line":18,"column":116}},"12":{"start":{"line":18,"column":110},"end":{"line":18,"column":null}},"13":{"start":{"line":19,"column":8},"end":{"line":19,"column":null}},"14":{"start":{"line":20,"column":8},"end":{"line":20,"column":97}},"15":{"start":{"line":20,"column":58},"end":{"line":20,"column":103}},"16":{"start":{"line":20,"column":97},"end":{"line":20,"column":null}},"17":{"start":{"line":22,"column":8},"end":{"line":22,"column":null}},"18":{"start":{"line":23,"column":8},"end":{"line":23,"column":null}},"19":{"start":{"line":24,"column":12},"end":{"line":25,"column":12}},"20":{"start":{"line":25,"column":8},"end":{"line":25,"column":null}},"21":{"start":{"line":1,"column":0},"end":{"line":1,"column":null}},"22":{"start":{"line":2,"column":4},"end":{"line":14,"column":null}},"23":{"start":{"line":16,"column":4},"end":{"line":26,"column":null}},"24":{"start":{"line":27,"column":0},"end":{"line":27,"column":null}},"25":{"start":{"line":2,"column":11},"end":{"line":2,"column":61}},"26":{"start":{"line":16,"column":42},"end":{"line":16,"column":87}},"27":{"start":{"line":1,"column":0},"end":{"line":27,"column":null}},"28":{"start":{"line":1,"column":15},"end":{"line":1,"column":54}}},"fnMap":{"0":{"name":"CommentsComponent_ng_container_0_form_1_Template_form_ngSubmit_0_listener","decl":{"start":{"line":2,"column":61},"end":{"line":2,"column":73}},"loc":{"start":{"line":2,"column":61},"end":{"line":2,"column":83}}}},"branchMap":{},"s":{"0":1,"1":1,"2":3,"3":1,"4":1,"5":1,"6":1,"7":1,"8":1,"9":1,"10":1,"11":5,"12":1,"13":1,"14":1,"15":5,"16":1,"17":1,"18":1,"19":5,"20":1,"21":1,"22":1,"23":1,"24":1,"25":112,"26":112,"27":1,"28":58},"f":{"0":1},"b":{}}
,"/app/src/app/components/comments/comments.component.ts": {"path":"/app/src/app/components/comments/comments.component.ts","statementMap":{"0":{"start":{"line":20,"column":12},"end":{"line":20,"column":42}},"1":{"start":{"line":21,"column":12},"end":{"line":21,"column":33}},"2":{"start":{"line":27,"column":4},"end":{"line":27,"column":null}},"3":{"start":{"line":30,"column":24},"end":{"line":30,"column":null}},"4":{"start":{"line":30,"column":24},"end":{"line":45,"column":null}},"5":{"start":{"line":31,"column":20},"end":{"line":31,"column":80}},"6":{"start":{"line":33,"column":6},"end":{"line":33,"column":null}},"7":{"start":{"line":34,"column":6},"end":{"line":37,"column":null}},"8":{"start":{"line":38,"column":6},"end":{"line":38,"column":null}},"9":{"start":{"line":41,"column":6},"end":{"line":44,"column":null}},"10":{"start":{"line":13,"column":13},"end":{"line":13,"column":null}}},"fnMap":{"0":{"name":"(anonymous_4)","decl":{"start":{"line":19,"column":2},"end":{"line":19,"column":null}},"loc":{"start":{"line":21,"column":33},"end":{"line":22,"column":null}}},"1":{"name":"(anonymous_5)","decl":{"start":{"line":26,"column":2},"end":{"line":26,"column":10}},"loc":{"start":{"line":26,"column":10},"end":{"line":28,"column":null}}},"2":{"name":"(anonymous_6)","decl":{"start":{"line":30,"column":8},"end":{"line":30,"column":14}},"loc":{"start":{"line":30,"column":24},"end":{"line":47,"column":null}}},"3":{"name":"(anonymous_7)","decl":{"start":{"line":30,"column":24},"end":{"line":30,"column":null}},"loc":{"start":{"line":30,"column":24},"end":{"line":45,"column":null}}},"4":{"name":"CommentsComponent_Factory","decl":{"start":{"line":13,"column":30},"end":{"line":13,"column":null}},"loc":{"start":{"line":13,"column":30},"end":{"line":13,"column":null}}}},"branchMap":{"0":{"loc":{"start":{"line":13,"column":13},"end":{"line":13,"column":30}},"type":"binary-expr","locations":[{"start":{"line":13,"column":13},"end":{"line":13,"column":30}},{"start":{"line":13,"column":13},"end":{"line":13,"column":30}}]}},"s":{"0":1,"1":1,"2":1,"3":1,"4":1,"5":1,"6":1,"7":0,"8":0,"9":0,"10":6},"f":{"0":1,"1":1,"2":1,"3":1,"4":1},"b":{"0":[1,1]}}
,"/app/src/app/components/home/home.component.html": {"path":"/app/src/app/components/home/home.component.html","statementMap":{"0":{"start":{"line":1,"column":0},"end":{"line":1,"column":null}},"1":{"start":{"line":2,"column":4},"end":{"line":2,"column":null}},"2":{"start":{"line":3,"column":4},"end":{"line":3,"column":null}},"3":{"start":{"line":4,"column":8},"end":{"line":4,"column":null}},"4":{"start":{"line":5,"column":4},"end":{"line":5,"column":null}},"5":{"start":{"line":6,"column":4},"end":{"line":6,"column":null}},"6":{"start":{"line":7,"column":8},"end":{"line":7,"column":null}},"7":{"start":{"line":8,"column":8},"end":{"line":9,"column":9}},"8":{"start":{"line":9,"column":4},"end":{"line":9,"column":null}},"9":{"start":{"line":10,"column":4},"end":{"line":10,"column":null}},"10":{"start":{"line":11,"column":0},"end":{"line":11,"column":null}}},"fnMap":{},"branchMap":{},"s":{"0":1,"1":1,"2":1,"3":1,"4":1,"5":1,"6":1,"7":1,"8":1,"9":1,"10":1},"f":{},"b":{}}
,"/app/src/app/components/home/home.component.ts": {"path":"/app/src/app/components/home/home.component.ts","statementMap":{"0":{"start":{"line":8,"column":13},"end":{"line":8,"column":null}}},"fnMap":{"0":{"name":"HomeComponent_Factory","decl":{"start":{"line":8,"column":26},"end":{"line":8,"column":null}},"loc":{"start":{"line":8,"column":26},"end":{"line":8,"column":null}}}},"branchMap":{"0":{"loc":{"start":{"line":8,"column":13},"end":{"line":8,"column":26}},"type":"binary-expr","locations":[{"start":{"line":8,"column":13},"end":{"line":8,"column":26}},{"start":{"line":8,"column":13},"end":{"line":8,"column":26}}]}},"s":{"0":6},"f":{"0":1},"b":{"0":[1,1]}}
,"/app/src/app/components/login/login.component.html": {"path":"/app/src/app/components/login/login.component.html","statementMap":{"0":{"start":{"line":10,"column":8},"end":{"line":10,"column":null}},"1":{"start":{"line":11,"column":10},"end":{"line":12,"column":14}},"2":{"start":{"line":12,"column":8},"end":{"line":12,"column":null}},"3":{"start":{"line":13,"column":8},"end":{"line":13,"column":null}},"4":{"start":{"line":14,"column":10},"end":{"line":15,"column":14}},"5":{"start":{"line":15,"column":8},"end":{"line":15,"column":null}},"6":{"start":{"line":20,"column":8},"end":{"line":20,"column":null}},"7":{"start":{"line":21,"column":10},"end":{"line":22,"column":14}},"8":{"start":{"line":22,"column":8},"end":{"line":22,"column":null}},"9":{"start":{"line":1,"column":0},"end":{"line":1,"column":null}},"10":{"start":{"line":3,"column":8},"end":{"line":3,"column":18}},"11":{"start":{"line":3,"column":13},"end":{"line":3,"column":null}},"12":{"start":{"line":5,"column":2},"end":{"line":5,"column":null}},"13":{"start":{"line":6,"column":34},"end":{"line":6,"column":null}},"14":{"start":{"line":6,"column":34},"end":{"line":6,"column":57}},"15":{"start":{"line":7,"column":6},"end":{"line":7,"column":null}},"16":{"start":{"line":8,"column":27},"end":{"line":8,"column":40}},"17":{"start":{"line":8,"column":32},"end":{"line":8,"column":null}},"18":{"start":{"line":9,"column":8},"end":{"line":9,"column":null}},"19":{"start":{"line":10,"column":8},"end":{"line":12,"column":null}},"20":{"start":{"line":13,"column":8},"end":{"line":15,"column":null}},"21":{"start":{"line":16,"column":6},"end":{"line":16,"column":null}},"22":{"start":{"line":17,"column":6},"end":{"line":17,"column":null}},"23":{"start":{"line":18,"column":30},"end":{"line":18,"column":46}},"24":{"start":{"line":18,"column":38},"end":{"line":18,"column":null}},"25":{"start":{"line":19,"column":8},"end":{"line":19,"column":null}},"26":{"start":{"line":20,"column":8},"end":{"line":22,"column":null}},"27":{"start":{"line":23,"column":6},"end":{"line":23,"column":null}},"28":{"start":{"line":24,"column":6},"end":{"line":24,"column":81}},"29":{"start":{"line":24,"column":76},"end":{"line":24,"column":90}},"30":{"start":{"line":24,"column":81},"end":{"line":24,"column":null}},"31":{"start":{"line":25,"column":6},"end":{"line":25,"column":null}},"32":{"start":{"line":26,"column":8},"end":{"line":26,"column":74}},"33":{"start":{"line":26,"column":29},"end":{"line":26,"column":81}},"34":{"start":{"line":26,"column":74},"end":{"line":26,"column":85}},"35":{"start":{"line":26,"column":81},"end":{"line":26,"column":null}},"36":{"start":{"line":6,"column":10},"end":{"line":6,"column":34}},"37":{"start":{"line":10,"column":14},"end":{"line":10,"column":66}},"38":{"start":{"line":13,"column":14},"end":{"line":13,"column":63}},"39":{"start":{"line":20,"column":14},"end":{"line":20,"column":72}}},"fnMap":{"0":{"name":"LoginComponent_Template_form_ngSubmit_5_listener","decl":{"start":{"line":6,"column":34},"end":{"line":6,"column":46}},"loc":{"start":{"line":6,"column":34},"end":{"line":6,"column":57}}}},"branchMap":{"0":{"loc":{"start":{"line":10,"column":14},"end":{"line":10,"column":64}},"type":"binary-expr","locations":[{"start":{"line":10,"column":14},"end":{"line":10,"column":64}},{"start":{"line":10,"column":14},"end":{"line":10,"column":64}}]},"1":{"loc":{"start":{"line":13,"column":14},"end":{"line":13,"column":61}},"type":"binary-expr","locations":[{"start":{"line":13,"column":14},"end":{"line":13,"column":61}},{"start":{"line":13,"column":14},"end":{"line":13,"column":61}}]},"2":{"loc":{"start":{"line":20,"column":14},"end":{"line":20,"column":70}},"type":"binary-expr","locations":[{"start":{"line":20,"column":14},"end":{"line":20,"column":70}},{"start":{"line":20,"column":14},"end":{"line":20,"column":70}}]}},"s":{"0":0,"1":0,"2":0,"3":0,"4":0,"5":0,"6":0,"7":0,"8":0,"9":1,"10":1,"11":1,"12":1,"13":1,"14":1,"15":1,"16":1,"17":1,"18":1,"19":1,"20":1,"21":1,"22":1,"23":1,"24":1,"25":1,"26":1,"27":1,"28":1,"29":1,"30":1,"31":1,"32":1,"33":1,"34":1,"35":1,"36":120,"37":120,"38":120,"39":120},"f":{"0":1},"b":{"0":[82,44],"1":[82,44],"2":[64,8]}}
,"/app/src/app/components/login/login.component.ts": {"path":"/app/src/app/components/login/login.component.ts","statementMap":{"0":{"start":{"line":15,"column":12},"end":{"line":15,"column":36}},"1":{"start":{"line":16,"column":12},"end":{"line":16,"column":36}},"2":{"start":{"line":17,"column":12},"end":{"line":17,"column":26}},"3":{"start":{"line":18,"column":12},"end":{"line":18,"column":33}},"4":{"start":{"line":21,"column":2},"end":{"line":26,"column":null}},"5":{"start":{"line":29,"column":4},"end":{"line":29,"column":null}},"6":{"start":{"line":33,"column":4},"end":{"line":33,"column":null}},"7":{"start":{"line":36,"column":16},"end":{"line":36,"column":null}},"8":{"start":{"line":36,"column":16},"end":{"line":55,"column":null}},"9":{"start":{"line":37,"column":32},"end":{"line":37,"column":52}},"10":{"start":{"line":40,"column":6},"end":{"line":40,"column":null}},"11":{"start":{"line":44,"column":6},"end":{"line":44,"column":null}},"12":{"start":{"line":45,"column":6},"end":{"line":48,"column":null}},"13":{"start":{"line":49,"column":6},"end":{"line":49,"column":null}},"14":{"start":{"line":51,"column":6},"end":{"line":54,"column":null}},"15":{"start":{"line":13,"column":13},"end":{"line":13,"column":null}}},"fnMap":{"0":{"name":"(anonymous_3)","decl":{"start":{"line":14,"column":2},"end":{"line":14,"column":null}},"loc":{"start":{"line":18,"column":33},"end":{"line":19,"column":null}}},"1":{"name":"(anonymous_4)","decl":{"start":{"line":28,"column":2},"end":{"line":28,"column":6}},"loc":{"start":{"line":28,"column":11},"end":{"line":30,"column":null}}},"2":{"name":"(anonymous_5)","decl":{"start":{"line":32,"column":2},"end":{"line":32,"column":6}},"loc":{"start":{"line":32,"column":14},"end":{"line":34,"column":null}}},"3":{"name":"(anonymous_6)","decl":{"start":{"line":36,"column":8},"end":{"line":36,"column":16}},"loc":{"start":{"line":36,"column":16},"end":{"line":56,"column":null}}},"4":{"name":"(anonymous_7)","decl":{"start":{"line":36,"column":16},"end":{"line":36,"column":null}},"loc":{"start":{"line":36,"column":16},"end":{"line":55,"column":null}}},"5":{"name":"LoginComponent_Factory","decl":{"start":{"line":13,"column":27},"end":{"line":13,"column":null}},"loc":{"start":{"line":13,"column":27},"end":{"line":13,"column":null}}}},"branchMap":{"0":{"loc":{"start":{"line":39,"column":8},"end":{"line":39,"column":52}},"type":"binary-expr","locations":[{"start":{"line":39,"column":8},"end":{"line":39,"column":29}},{"start":{"line":39,"column":33},"end":{"line":39,"column":39}},{"start":{"line":39,"column":43},"end":{"line":39,"column":52}}]},"1":{"loc":{"start":{"line":13,"column":13},"end":{"line":13,"column":27}},"type":"binary-expr","locations":[{"start":{"line":13,"column":13},"end":{"line":13,"column":27}},{"start":{"line":13,"column":13},"end":{"line":13,"column":27}}]}},"s":{"0":1,"1":1,"2":1,"3":1,"4":1,"5":208,"6":68,"7":1,"8":1,"9":1,"10":0,"11":1,"12":1,"13":1,"14":0,"15":6},"f":{"0":1,"1":208,"2":68,"3":1,"4":1,"5":1},"b":{"0":[1,1,1],"1":[1,1]}}
[...]
,"/app/src/app/services/book.service.ts": {"path":"/app/src/app/services/book.service.ts","statementMap":{"0":{"start":{"line":12,"column":12},"end":{"line":12,"column":32}},"1":{"start":{"line":18,"column":6},"end":{"line":18,"column":null}},"2":{"start":{"line":20,"column":6},"end":{"line":20,"column":null}},"3":{"start":{"line":22,"column":6},"end":{"line":22,"column":null}},"4":{"start":{"line":24,"column":4},"end":{"line":27,"column":null}},"5":{"start":{"line":26,"column":21},"end":{"line":26,"column":176}},"6":{"start":{"line":26,"column":39},"end":{"line":26,"column":175}},"7":{"start":{"line":31,"column":28},"end":{"line":31,"column":64}},"8":{"start":{"line":32,"column":4},"end":{"line":35,"column":null}},"9":{"start":{"line":34,"column":26},"end":{"line":34,"column":162}},"10":{"start":{"line":38,"column":29},"end":{"line":38,"column":null}},"11":{"start":{"line":38,"column":29},"end":{"line":40,"column":null}},"12":{"start":{"line":39,"column":31},"end":{"line":39,"column":66}},"13":{"start":{"line":40,"column":4},"end":{"line":40,"column":52}},"14":{"start":{"line":43,"column":39},"end":{"line":43,"column":null}},"15":{"start":{"line":43,"column":39},"end":{"line":45,"column":null}},"16":{"start":{"line":44,"column":28},"end":{"line":44,"column":64}},"17":{"start":{"line":45,"column":4},"end":{"line":45,"column":43}},"18":{"start":{"line":48,"column":33},"end":{"line":48,"column":null}},"19":{"start":{"line":48,"column":33},"end":{"line":50,"column":null}},"20":{"start":{"line":49,"column":28},"end":{"line":49,"column":64}},"21":{"start":{"line":50,"column":4},"end":{"line":50,"column":37}},"22":{"start":{"line":9,"column":13},"end":{"line":9,"column":null}},"23":{"start":{"line":9,"column":13},"end":{"line":7,"column":null}}},"fnMap":{"0":{"name":"(anonymous_0)","decl":{"start":{"line":11,"column":2},"end":{"line":11,"column":null}},"loc":{"start":{"line":12,"column":32},"end":{"line":13,"column":null}}},"1":{"name":"(anonymous_1)","decl":{"start":{"line":15,"column":2},"end":{"line":15,"column":10}},"loc":{"start":{"line":15,"column":46},"end":{"line":28,"column":null}}},"2":{"name":"(anonymous_2)","decl":{"start":{"line":26,"column":12},"end":{"line":26,"column":17}},"loc":{"start":{"line":26,"column":21},"end":{"line":26,"column":176}}},"3":{"name":"(anonymous_3)","decl":{"start":{"line":26,"column":31},"end":{"line":26,"column":35}},"loc":{"start":{"line":26,"column":39},"end":{"line":26,"column":175}}},"4":{"name":"(anonymous_4)","decl":{"start":{"line":30,"column":2},"end":{"line":30,"column":9}},"loc":{"start":{"line":30,"column":24},"end":{"line":36,"column":null}}},"5":{"name":"(anonymous_5)","decl":{"start":{"line":34,"column":18},"end":{"line":34,"column":22}},"loc":{"start":{"line":34,"column":26},"end":{"line":34,"column":162}}},"6":{"name":"(anonymous_6)","decl":{"start":{"line":38,"column":8},"end":{"line":38,"column":18}},"loc":{"start":{"line":38,"column":29},"end":{"line":41,"column":null}}},"7":{"name":"(anonymous_7)","decl":{"start":{"line":38,"column":29},"end":{"line":38,"column":null}},"loc":{"start":{"line":38,"column":29},"end":{"line":40,"column":null}}},"8":{"name":"(anonymous_8)","decl":{"start":{"line":43,"column":8},"end":{"line":43,"column":18}},"loc":{"start":{"line":43,"column":39},"end":{"line":46,"column":null}}},"9":{"name":"(anonymous_9)","decl":{"start":{"line":43,"column":39},"end":{"line":43,"column":null}},"loc":{"start":{"line":43,"column":39},"end":{"line":45,"column":null}}},"10":{"name":"(anonymous_10)","decl":{"start":{"line":48,"column":8},"end":{"line":48,"column":18}},"loc":{"start":{"line":48,"column":33},"end":{"line":51,"column":null}}},"11":{"name":"(anonymous_11)","decl":{"start":{"line":48,"column":33},"end":{"line":48,"column":null}},"loc":{"start":{"line":48,"column":33},"end":{"line":50,"column":null}}},"12":{"name":"BookService_Factory","decl":{"start":{"line":9,"column":24},"end":{"line":9,"column":null}},"loc":{"start":{"line":9,"column":24},"end":{"line":9,"column":null}}}},"branchMap":{"0":{"loc":{"start":{"line":9,"column":13},"end":{"line":9,"column":24}},"type":"binary-expr","locations":[{"start":{"line":9,"column":13},"end":{"line":9,"column":24}},{"start":{"line":9,"column":13},"end":{"line":9,"column":24}}]}},"s":{"0":5,"1":6,"2":1,"3":0,"4":7,"5":4,"6":4,"7":3,"8":3,"9":3,"10":1,"11":1,"12":1,"13":1,"14":0,"15":0,"16":0,"17":0,"18":0,"19":0,"20":0,"21":0,"22":10,"23":5},"f":{"0":5,"1":7,"2":4,"3":4,"4":3,"5":3,"6":1,"7":1,"8":0,"9":0,"10":0,"11":0,"12":5},"b":{"0":[5,5]}}
,"/app/src/app/services/comment.service.ts": {"path":"/app/src/app/services/comment.service.ts","statementMap":{"0":{"start":{"line":13,"column":12},"end":{"line":13,"column":32}},"1":{"start":{"line":17,"column":34},"end":{"line":17,"column":140}},"2":{"start":{"line":18,"column":4},"end":{"line":21,"column":null}},"3":{"start":{"line":20,"column":30},"end":{"line":20,"column":146}},"4":{"start":{"line":20,"column":54},"end":{"line":20,"column":145}},"5":{"start":{"line":24,"column":69},"end":{"line":24,"column":null}},"6":{"start":{"line":24,"column":69},"end":{"line":26,"column":null}},"7":{"start":{"line":25,"column":34},"end":{"line":25,"column":108}},"8":{"start":{"line":26,"column":4},"end":{"line":26,"column":58}},"9":{"start":{"line":29,"column":73},"end":{"line":29,"column":null}},"10":{"start":{"line":29,"column":73},"end":{"line":31,"column":null}},"11":{"start":{"line":30,"column":31},"end":{"line":30,"column":109}},"12":{"start":{"line":31,"column":4},"end":{"line":31,"column":40}},"13":{"start":{"line":10,"column":13},"end":{"line":10,"column":null}},"14":{"start":{"line":10,"column":13},"end":{"line":8,"column":null}}},"fnMap":{"0":{"name":"(anonymous_0)","decl":{"start":{"line":12,"column":2},"end":{"line":12,"column":null}},"loc":{"start":{"line":13,"column":32},"end":{"line":14,"column":null}}},"1":{"name":"(anonymous_1)","decl":{"start":{"line":16,"column":2},"end":{"line":16,"column":13}},"loc":{"start":{"line":16,"column":46},"end":{"line":22,"column":null}}},"2":{"name":"(anonymous_2)","decl":{"start":{"line":20,"column":18},"end":{"line":20,"column":26}},"loc":{"start":{"line":20,"column":30},"end":{"line":20,"column":146}}},"3":{"name":"(anonymous_3)","decl":{"start":{"line":20,"column":43},"end":{"line":20,"column":50}},"loc":{"start":{"line":20,"column":54},"end":{"line":20,"column":145}}},"4":{"name":"(anonymous_4)","decl":{"start":{"line":24,"column":8},"end":{"line":24,"column":18}},"loc":{"start":{"line":24,"column":69},"end":{"line":27,"column":null}}},"5":{"name":"(anonymous_5)","decl":{"start":{"line":24,"column":69},"end":{"line":24,"column":null}},"loc":{"start":{"line":24,"column":69},"end":{"line":26,"column":null}}},"6":{"name":"(anonymous_6)","decl":{"start":{"line":29,"column":8},"end":{"line":29,"column":21}},"loc":{"start":{"line":29,"column":73},"end":{"line":32,"column":null}}},"7":{"name":"(anonymous_7)","decl":{"start":{"line":29,"column":73},"end":{"line":29,"column":null}},"loc":{"start":{"line":29,"column":73},"end":{"line":31,"column":null}}},"8":{"name":"CommentService_Factory","decl":{"start":{"line":10,"column":27},"end":{"line":10,"column":null}},"loc":{"start":{"line":10,"column":27},"end":{"line":10,"column":null}}}},"branchMap":{"0":{"loc":{"start":{"line":10,"column":13},"end":{"line":10,"column":27}},"type":"binary-expr","locations":[{"start":{"line":10,"column":13},"end":{"line":10,"column":27}},{"start":{"line":10,"column":13},"end":{"line":10,"column":27}}]}},"s":{"0":1,"1":1,"2":1,"3":2,"4":1,"5":1,"6":1,"7":1,"8":1,"9":0,"10":0,"11":0,"12":0,"13":6,"14":5},"f":{"0":1,"1":1,"2":2,"3":1,"4":1,"5":1,"6":0,"7":0,"8":1},"b":{"0":[1,1]}}
,"/app/src/app/services/reading-list.service.ts": {"path":"/app/src/app/services/reading-list.service.ts","statementMap":{"0":{"start":{"line":13,"column":12},"end":{"line":13,"column":32}},"1":{"start":{"line":17,"column":37},"end":{"line":17,"column":92}},"2":{"start":{"line":18,"column":4},"end":{"line":24,"column":null}},"3":{"start":{"line":21,"column":30},"end":{"line":21,"column":48}},"4":{"start":{"line":22,"column":16},"end":{"line":22,"column":null}},"5":{"start":{"line":28,"column":28},"end":{"line":28,"column":88}},"6":{"start":{"line":29,"column":4},"end":{"line":29,"column":null}},"7":{"start":{"line":33,"column":28},"end":{"line":33,"column":84}},"8":{"start":{"line":34,"column":4},"end":{"line":34,"column":null}},"9":{"start":{"line":10,"column":13},"end":{"line":10,"column":null}},"10":{"start":{"line":10,"column":13},"end":{"line":8,"column":null}}},"fnMap":{"0":{"name":"(anonymous_0)","decl":{"start":{"line":12,"column":2},"end":{"line":12,"column":null}},"loc":{"start":{"line":13,"column":32},"end":{"line":14,"column":null}}},"1":{"name":"(anonymous_1)","decl":{"start":{"line":16,"column":2},"end":{"line":16,"column":16}},"loc":{"start":{"line":16,"column":28},"end":{"line":25,"column":null}}},"2":{"name":"(anonymous_2)","decl":{"start":{"line":20,"column":18},"end":{"line":20,"column":26}},"loc":{"start":{"line":20,"column":29},"end":{"line":23,"column":15}}},"3":{"name":"(anonymous_3)","decl":{"start":{"line":27,"column":2},"end":{"line":27,"column":18}},"loc":{"start":{"line":27,"column":42},"end":{"line":30,"column":null}}},"4":{"name":"(anonymous_4)","decl":{"start":{"line":32,"column":2},"end":{"line":32,"column":23}},"loc":{"start":{"line":32,"column":50},"end":{"line":35,"column":null}}},"5":{"name":"ReadingListService_Factory","decl":{"start":{"line":10,"column":31},"end":{"line":10,"column":null}},"loc":{"start":{"line":10,"column":31},"end":{"line":10,"column":null}}}},"branchMap":{"0":{"loc":{"start":{"line":10,"column":13},"end":{"line":10,"column":31}},"type":"binary-expr","locations":[{"start":{"line":10,"column":13},"end":{"line":10,"column":31}},{"start":{"line":10,"column":13},"end":{"line":10,"column":31}}]}},"s":{"0":3,"1":4,"2":4,"3":5,"4":5,"5":1,"6":1,"7":0,"8":0,"9":8,"10":5},"f":{"0":3,"1":4,"2":5,"3":1,"4":0,"5":3},"b":{"0":[3,3]}}
,"/app/src/app/services/review.service.ts": {"path":"/app/src/app/services/review.service.ts","statementMap":{"0":{"start":{"line":13,"column":12},"end":{"line":13,"column":32}},"1":{"start":{"line":17,"column":33},"end":{"line":17,"column":118}},"2":{"start":{"line":18,"column":4},"end":{"line":21,"column":null}},"3":{"start":{"line":20,"column":29},"end":{"line":20,"column":172}},"4":{"start":{"line":20,"column":51},"end":{"line":20,"column":171}},"5":{"start":{"line":24,"column":48},"end":{"line":24,"column":null}},"6":{"start":{"line":24,"column":48},"end":{"line":26,"column":null}},"7":{"start":{"line":25,"column":33},"end":{"line":25,"column":86}},"8":{"start":{"line":26,"column":4},"end":{"line":26,"column":56}},"9":{"start":{"line":29,"column":53},"end":{"line":29,"column":null}},"10":{"start":{"line":29,"column":53},"end":{"line":31,"column":null}},"11":{"start":{"line":30,"column":30},"end":{"line":30,"column":86}},"12":{"start":{"line":31,"column":4},"end":{"line":31,"column":39}},"13":{"start":{"line":34,"column":59},"end":{"line":34,"column":null}},"14":{"start":{"line":34,"column":59},"end":{"line":36,"column":null}},"15":{"start":{"line":35,"column":30},"end":{"line":35,"column":86}},"16":{"start":{"line":36,"column":4},"end":{"line":36,"column":45}},"17":{"start":{"line":10,"column":13},"end":{"line":10,"column":null}},"18":{"start":{"line":10,"column":13},"end":{"line":8,"column":null}}},"fnMap":{"0":{"name":"(anonymous_0)","decl":{"start":{"line":12,"column":2},"end":{"line":12,"column":null}},"loc":{"start":{"line":13,"column":32},"end":{"line":14,"column":null}}},"1":{"name":"(anonymous_1)","decl":{"start":{"line":16,"column":2},"end":{"line":16,"column":12}},"loc":{"start":{"line":16,"column":27},"end":{"line":22,"column":null}}},"2":{"name":"(anonymous_2)","decl":{"start":{"line":20,"column":18},"end":{"line":20,"column":25}},"loc":{"start":{"line":20,"column":29},"end":{"line":20,"column":172}}},"3":{"name":"(anonymous_3)","decl":{"start":{"line":20,"column":41},"end":{"line":20,"column":47}},"loc":{"start":{"line":20,"column":51},"end":{"line":20,"column":171}}},"4":{"name":"(anonymous_4)","decl":{"start":{"line":24,"column":8},"end":{"line":24,"column":17}},"loc":{"start":{"line":24,"column":48},"end":{"line":27,"column":null}}},"5":{"name":"(anonymous_5)","decl":{"start":{"line":24,"column":48},"end":{"line":24,"column":null}},"loc":{"start":{"line":24,"column":48},"end":{"line":26,"column":null}}},"6":{"name":"(anonymous_6)","decl":{"start":{"line":29,"column":8},"end":{"line":29,"column":20}},"loc":{"start":{"line":29,"column":53},"end":{"line":32,"column":null}}},"7":{"name":"(anonymous_7)","decl":{"start":{"line":29,"column":53},"end":{"line":29,"column":null}},"loc":{"start":{"line":29,"column":53},"end":{"line":31,"column":null}}},"8":{"name":"(anonymous_8)","decl":{"start":{"line":34,"column":8},"end":{"line":34,"column":20}},"loc":{"start":{"line":34,"column":59},"end":{"line":37,"column":null}}},"9":{"name":"(anonymous_9)","decl":{"start":{"line":34,"column":59},"end":{"line":34,"column":null}},"loc":{"start":{"line":34,"column":59},"end":{"line":36,"column":null}}},"10":{"name":"ReviewService_Factory","decl":{"start":{"line":10,"column":26},"end":{"line":10,"column":null}},"loc":{"start":{"line":10,"column":26},"end":{"line":10,"column":null}}}},"branchMap":{"0":{"loc":{"start":{"line":10,"column":13},"end":{"line":10,"column":26}},"type":"binary-expr","locations":[{"start":{"line":10,"column":13},"end":{"line":10,"column":26}},{"start":{"line":10,"column":13},"end":{"line":10,"column":26}}]}},"s":{"0":3,"1":3,"2":3,"3":4,"4":5,"5":1,"6":1,"7":1,"8":1,"9":0,"10":0,"11":0,"12":0,"13":0,"14":0,"15":0,"16":0,"17":8,"18":5},"f":{"0":3,"1":3,"2":4,"3":5,"4":1,"5":1,"6":0,"7":0,"8":0,"9":0,"10":3},"b":{"0":[3,3]}}
,"/app/src/app/services/university.service.ts": {"path":"/app/src/app/services/university.service.ts","statementMap":{"0":{"start":{"line":11,"column":22},"end":{"line":11,"column":42}},"1":{"start":{"line":14,"column":36},"end":{"line":14,"column":102}},"2":{"start":{"line":15,"column":4},"end":{"line":20,"column":null}},"3":{"start":{"line":18,"column":16},"end":{"line":18,"column":null}},"4":{"start":{"line":10,"column":13},"end":{"line":10,"column":null}},"5":{"start":{"line":10,"column":13},"end":{"line":8,"column":null}}},"fnMap":{"0":{"name":"(anonymous_0)","decl":{"start":{"line":11,"column":2},"end":{"line":11,"column":22}},"loc":{"start":{"line":11,"column":42},"end":{"line":11,"column":null}}},"1":{"name":"(anonymous_1)","decl":{"start":{"line":13,"column":2},"end":{"line":13,"column":17}},"loc":{"start":{"line":13,"column":17},"end":{"line":21,"column":null}}},"2":{"name":"(anonymous_2)","decl":{"start":{"line":17,"column":18},"end":{"line":17,"column":30}},"loc":{"start":{"line":17,"column":33},"end":{"line":19,"column":15}}},"3":{"name":"UniversityService_Factory","decl":{"start":{"line":10,"column":30},"end":{"line":10,"column":null}},"loc":{"start":{"line":10,"column":30},"end":{"line":10,"column":null}}}},"branchMap":{"0":{"loc":{"start":{"line":10,"column":13},"end":{"line":10,"column":30}},"type":"binary-expr","locations":[{"start":{"line":10,"column":13},"end":{"line":10,"column":30}},{"start":{"line":10,"column":13},"end":{"line":10,"column":30}}]}},"s":{"0":5,"1":7,"2":7,"3":4,"4":10,"5":5},"f":{"0":5,"1":7,"2":4,"3":5},"b":{"0":[5,5]}}
,"/app/src/app/services/user.service.ts": {"path":"/app/src/app/services/user.service.ts","statementMap":{"0":{"start":{"line":13,"column":12},"end":{"line":13,"column":32}},"1":{"start":{"line":14,"column":12},"end":{"line":14,"column":36}},"2":{"start":{"line":18,"column":28},"end":{"line":18,"column":61}},"3":{"start":{"line":19,"column":4},"end":{"line":28,"column":null}},"4":{"start":{"line":23,"column":18},"end":{"line":23,"column":null}},"5":{"start":{"line":25,"column":18},"end":{"line":25,"column":null}},"6":{"start":{"line":31,"column":42},"end":{"line":31,"column":null}},"7":{"start":{"line":31,"column":42},"end":{"line":33,"column":null}},"8":{"start":{"line":32,"column":28},"end":{"line":32,"column":61}},"9":{"start":{"line":33,"column":4},"end":{"line":33,"column":49}},"10":{"start":{"line":37,"column":4},"end":{"line":46,"column":null}},"11":{"start":{"line":41,"column":12},"end":{"line":41,"column":null}},"12":{"start":{"line":43,"column":12},"end":{"line":43,"column":null}},"13":{"start":{"line":10,"column":13},"end":{"line":10,"column":null}},"14":{"start":{"line":10,"column":13},"end":{"line":8,"column":null}}},"fnMap":{"0":{"name":"(anonymous_0)","decl":{"start":{"line":12,"column":2},"end":{"line":12,"column":null}},"loc":{"start":{"line":14,"column":36},"end":{"line":15,"column":null}}},"1":{"name":"(anonymous_1)","decl":{"start":{"line":17,"column":2},"end":{"line":17,"column":9}},"loc":{"start":{"line":17,"column":21},"end":{"line":29,"column":null}}},"2":{"name":"(anonymous_2)","decl":{"start":{"line":21,"column":18},"end":{"line":21,"column":22}},"loc":{"start":{"line":21,"column":25},"end":{"line":27,"column":15}}},"3":{"name":"(anonymous_3)","decl":{"start":{"line":31,"column":8},"end":{"line":31,"column":15}},"loc":{"start":{"line":31,"column":42},"end":{"line":34,"column":null}}},"4":{"name":"(anonymous_4)","decl":{"start":{"line":31,"column":42},"end":{"line":31,"column":null}},"loc":{"start":{"line":31,"column":42},"end":{"line":33,"column":null}}},"5":{"name":"(anonymous_5)","decl":{"start":{"line":36,"column":2},"end":{"line":36,"column":6}},"loc":{"start":{"line":36,"column":14},"end":{"line":47,"column":null}}},"6":{"name":"(anonymous_6)","decl":{"start":{"line":39,"column":18},"end":{"line":39,"column":22}},"loc":{"start":{"line":39,"column":25},"end":{"line":45,"column":9}}},"7":{"name":"UserService_Factory","decl":{"start":{"line":10,"column":24},"end":{"line":10,"column":null}},"loc":{"start":{"line":10,"column":24},"end":{"line":10,"column":null}}}},"branchMap":{"0":{"loc":{"start":{"line":10,"column":13},"end":{"line":10,"column":24}},"type":"binary-expr","locations":[{"start":{"line":10,"column":13},"end":{"line":10,"column":24}},{"start":{"line":10,"column":13},"end":{"line":10,"column":24}}]}},"s":{"0":5,"1":5,"2":13,"3":13,"4":12,"5":0,"6":0,"7":0,"8":0,"9":0,"10":13,"11":13,"12":1,"13":10,"14":5},"f":{"0":5,"1":13,"2":12,"3":0,"4":0,"5":13,"6":14,"7":5},"b":{"0":[5,5]}}
,"/app/src/environments/environment.development.ts": {"path":"/app/src/environments/environment.development.ts","statementMap":{},"fnMap":{},"branchMap":{},"s":{},"f":{},"b":{}}
,"/app/src/environments/environment.testing.ts": {"path":"/app/src/environments/environment.testing.ts","statementMap":{"0":{"start":{"line":1,"column":27},"end":{"line":11,"column":null}}},"fnMap":{},"branchMap":{},"s":{"0":5},"f":{},"b":{}}
,"/app/src/environments/environment.ts": {"path":"/app/src/environments/environment.ts","statementMap":{},"fnMap":{},"branchMap":{},"s":{},"f":{},"b":{}}
}
