{"total": {"lines":{"total":888,"covered":596,"skipped":0,"pct":67.11},"statements":{"total":1333,"covered":874,"skipped":0,"pct":65.56},"functions":{"total":290,"covered":178,"skipped":0,"pct":61.37},"branches":{"total":135,"covered":89,"skipped":0,"pct":65.92},"branchesTrue":{"total":0,"covered":0,"skipped":0,"pct":100}}
,"/app/cypress.config.ts": {"lines":{"total":0,"covered":0,"skipped":0,"pct":0},"functions":{"total":0,"covered":0,"skipped":0,"pct":0},"statements":{"total":0,"covered":0,"skipped":0,"pct":0},"branches":{"total":0,"covered":0,"skipped":0,"pct":0}}
,"/app/src/main.ts": {"lines":{"total":2,"covered":1,"skipped":0,"pct":50},"functions":{"total":1,"covered":0,"skipped":0,"pct":0},"statements":{"total":2,"covered":1,"skipped":0,"pct":50},"branches":{"total":0,"covered":0,"skipped":0,"pct":100}}
,"/app/src/app/app-routing.module.ts": {"lines":{"total":2,"covered":2,"skipped":0,"pct":100},"functions":{"total":1,"covered":1,"skipped":0,"pct":100},"statements":{"total":3,"covered":3,"skipped":0,"pct":100},"branches":{"total":5,"covered":4,"skipped":0,"pct":80}}
,"/app/src/app/app.component.html": {"lines":{"total":4,"covered":4,"skipped":0,"pct":100},"functions":{"total":0,"covered":0,"skipped":0,"pct":100},"statements":{"total":4,"covered":4,"skipped":0,"pct":100},"branches":{"total":0,"covered":0,"skipped":0,"pct":100}}
,"/app/src/app/app.component.ts": {"lines":{"total":1,"covered":1,"skipped":0,"pct":100},"functions":{"total":1,"covered":1,"skipped":0,"pct":100},"statements":{"total":1,"covered":1,"skipped":0,"pct":100},"branches":{"total":2,"covered":2,"skipped":0,"pct":100}}
,"/app/src/app/app.module.ts": {"lines":{"total":10,"covered":6,"skipped":0,"pct":60},"functions":{"total":5,"covered":4,"skipped":0,"pct":80},"statements":{"total":12,"covered":8,"skipped":0,"pct":66.66},"branches":{"total":5,"covered":4,"skipped":0,"pct":80}}
,"/app/src/app/components/admin-book-requests/admin-book-requests.component.html": {"lines":{"total":33,"covered":0,"skipped":0,"pct":0},"functions":{"total":2,"covered":0,"skipped":0,"pct":0},"statements":{"total":80,"covered":0,"skipped":0,"pct":0},"branches":{"total":0,"covered":0,"skipped":0,"pct":100}}
,"/app/src/app/components/admin-book-requests/admin-book-requests.component.ts": {"lines":{"total":20,"covered":1,"skipped":0,"pct":5},"functions":{"total":10,"covered":0,"skipped":0,"pct":0},"statements":{"total":22,"covered":1,"skipped":0,"pct":4.54},"branches":{"total":2,"covered":0,"skipped":0,"pct":0}}
,"/app/src/app/components/book/book.component.html": {"lines":{"total":43,"covered":43,"skipped":0,"pct":100},"functions":{"total":4,"covered":2,"skipped":0,"pct":50},"statements":{"total":67,"covered":63,"skipped":0,"pct":94.02},"branches":{"total":5,"covered":5,"skipped":0,"pct":100}}
,"/app/src/app/components/book/book.component.ts": {"lines":{"total":32,"covered":20,"skipped":0,"pct":62.5},"functions":{"total":15,"covered":11,"skipped":0,"pct":73.33},"statements":{"total":34,"covered":21,"skipped":0,"pct":61.76},"branches":{"total":2,"covered":2,"skipped":0,"pct":100}}
,"/app/src/app/components/book-form/book-form.component.html": {"lines":{"total":56,"covered":44,"skipped":0,"pct":78.57},"functions":{"total":2,"covered":2,"skipped":0,"pct":100},"statements":{"total":91,"covered":73,"skipped":0,"pct":80.21},"branches":{"total":14,"covered":14,"skipped":0,"pct":100}}
,"/app/src/app/components/book-form/book-form.component.ts": {"lines":{"total":19,"covered":18,"skipped":0,"pct":94.73},"functions":{"total":10,"covered":10,"skipped":0,"pct":100},"statements":{"total":23,"covered":22,"skipped":0,"pct":95.65},"branches":{"total":4,"covered":3,"skipped":0,"pct":75}}
,"/app/src/app/components/book-requests/book-requests.component.html": {"lines":{"total":7,"covered":5,"skipped":0,"pct":71.42},"functions":{"total":0,"covered":0,"skipped":0,"pct":100},"statements":{"total":11,"covered":8,"skipped":0,"pct":72.72},"branches":{"total":0,"covered":0,"skipped":0,"pct":100}}
,"/app/src/app/components/book-requests/book-requests.component.ts": {"lines":{"total":4,"covered":3,"skipped":0,"pct":75},"functions":{"total":5,"covered":4,"skipped":0,"pct":80},"statements":{"total":5,"covered":4,"skipped":0,"pct":80},"branches":{"total":2,"covered":2,"skipped":0,"pct":100}}
,"/app/src/app/components/book-search/book-search.component.html": {"lines":{"total":21,"covered":14,"skipped":0,"pct":66.66},"functions":{"total":6,"covered":2,"skipped":0,"pct":33.33},"statements":{"total":52,"covered":34,"skipped":0,"pct":65.38},"branches":{"total":0,"covered":0,"skipped":0,"pct":100}}
,"/app/src/app/components/book-search/book-search.component.ts": {"lines":{"total":15,"covered":9,"skipped":0,"pct":60},"functions":{"total":6,"covered":4,"skipped":0,"pct":66.66},"statements":{"total":15,"covered":9,"skipped":0,"pct":60},"branches":{"total":2,"covered":2,"skipped":0,"pct":100}}
,"/app/src/app/components/books/books.component.html": {"lines":{"total":18,"covered":18,"skipped":0,"pct":100},"functions":{"total":0,"covered":0,"skipped":0,"pct":100},"statements":{"total":29,"covered":29,"skipped":0,"pct":100},"branches":{"total":0,"covered":0,"skipped":0,"pct":100}}
,"/app/src/app/components/books/books.component.ts": {"lines":{"total":10,"covered":9,"skipped":0,"pct":90},"functions":{"total":9,"covered":7,"skipped":0,"pct":77.77},"statements":{"total":13,"covered":10,"skipped":0,"pct":76.92},"branches":{"total":2,"covered":2,"skipped":0,"pct":100}}
,"/app/src/app/components/bs-navbar/bs-navbar.component.html": {"lines":{"total":18,"covered":18,"skipped":0,"pct":100},"functions":{"total":1,"covered":0,"skipped":0,"pct":0},"statements":{"total":45,"covered":43,"skipped":0,"pct":95.55},"branches":{"total":4,"covered":4,"skipped":0,"pct":100}}
,"/app/src/app/components/bs-navbar/bs-navbar.component.ts": {"lines":{"total":13,"covered":7,"skipped":0,"pct":53.84},"functions":{"total":7,"covered":4,"skipped":0,"pct":57.14},"statements":{"total":14,"covered":7,"skipped":0,"pct":50},"branches":{"total":2,"covered":2,"skipped":0,"pct":100}}
,"/app/src/app/components/comments/comments.component.html": {"lines":{"total":17,"covered":17,"skipped":0,"pct":100},"functions":{"total":1,"covered":1,"skipped":0,"pct":100},"statements":{"total":29,"covered":29,"skipped":0,"pct":100},"branches":{"total":0,"covered":0,"skipped":0,"pct":100}}
,"/app/src/app/components/comments/comments.component.ts": {"lines":{"total":10,"covered":7,"skipped":0,"pct":70},"functions":{"total":5,"covered":5,"skipped":0,"pct":100},"statements":{"total":11,"covered":8,"skipped":0,"pct":72.72},"branches":{"total":2,"covered":2,"skipped":0,"pct":100}}
,"/app/src/app/components/home/home.component.html": {"lines":{"total":11,"covered":11,"skipped":0,"pct":100},"functions":{"total":0,"covered":0,"skipped":0,"pct":100},"statements":{"total":11,"covered":11,"skipped":0,"pct":100},"branches":{"total":0,"covered":0,"skipped":0,"pct":100}}
,"/app/src/app/components/home/home.component.ts": {"lines":{"total":1,"covered":1,"skipped":0,"pct":100},"functions":{"total":1,"covered":1,"skipped":0,"pct":100},"statements":{"total":1,"covered":1,"skipped":0,"pct":100},"branches":{"total":2,"covered":2,"skipped":0,"pct":100}}
,"/app/src/app/components/login/login.component.html": {"lines":{"total":24,"covered":18,"skipped":0,"pct":75},"functions":{"total":1,"covered":1,"skipped":0,"pct":100},"statements":{"total":40,"covered":31,"skipped":0,"pct":77.5},"branches":{"total":6,"covered":6,"skipped":0,"pct":100}}
,"/app/src/app/components/login/login.component.ts": {"lines":{"total":15,"covered":13,"skipped":0,"pct":86.66},"functions":{"total":6,"covered":6,"skipped":0,"pct":100},"statements":{"total":16,"covered":14,"skipped":0,"pct":87.5},"branches":{"total":5,"covered":5,"skipped":0,"pct":100}}
,"/app/src/app/components/new-review/new-review.component.html": {"lines":{"total":21,"covered":21,"skipped":0,"pct":100},"functions":{"total":3,"covered":2,"skipped":0,"pct":66.66},"statements":{"total":34,"covered":32,"skipped":0,"pct":94.11},"branches":{"total":2,"covered":2,"skipped":0,"pct":100}}
,"/app/src/app/components/new-review/new-review.component.ts": {"lines":{"total":12,"covered":10,"skipped":0,"pct":83.33},"functions":{"total":8,"covered":7,"skipped":0,"pct":87.5},"statements":{"total":13,"covered":11,"skipped":0,"pct":84.61},"branches":{"total":2,"covered":2,"skipped":0,"pct":100}}
,"/app/src/app/components/reading-list/reading-list.component.html": {"lines":{"total":26,"covered":26,"skipped":0,"pct":100},"functions":{"total":1,"covered":0,"skipped":0,"pct":0},"statements":{"total":59,"covered":57,"skipped":0,"pct":96.61},"branches":{"total":0,"covered":0,"skipped":0,"pct":100}}
,"/app/src/app/components/reading-list/reading-list.component.ts": {"lines":{"total":17,"covered":12,"skipped":0,"pct":70.58},"functions":{"total":9,"covered":6,"skipped":0,"pct":66.66},"statements":{"total":18,"covered":12,"skipped":0,"pct":66.66},"branches":{"total":2,"covered":2,"skipped":0,"pct":100}}
,"/app/src/app/components/review/review.component.html": {"lines":{"total":35,"covered":31,"skipped":0,"pct":88.57},"functions":{"total":3,"covered":1,"skipped":0,"pct":33.33},"statements":{"total":57,"covered":45,"skipped":0,"pct":78.94},"branches":{"total":2,"covered":2,"skipped":0,"pct":100}}
,"/app/src/app/components/review/review.component.ts": {"lines":{"total":13,"covered":5,"skipped":0,"pct":38.46},"functions":{"total":7,"covered":3,"skipped":0,"pct":42.85},"statements":{"total":15,"covered":5,"skipped":0,"pct":33.33},"branches":{"total":2,"covered":2,"skipped":0,"pct":100}}
,"/app/src/app/components/reviews/reviews.component.html": {"lines":{"total":32,"covered":32,"skipped":0,"pct":100},"functions":{"total":1,"covered":1,"skipped":0,"pct":100},"statements":{"total":51,"covered":51,"skipped":0,"pct":100},"branches":{"total":0,"covered":0,"skipped":0,"pct":100}}
,"/app/src/app/components/reviews/reviews.component.ts": {"lines":{"total":25,"covered":22,"skipped":0,"pct":88},"functions":{"total":14,"covered":14,"skipped":0,"pct":100},"statements":{"total":29,"covered":25,"skipped":0,"pct":86.2},"branches":{"total":3,"covered":2,"skipped":0,"pct":66.66}}
,"/app/src/app/components/signup/signup.component.html": {"lines":{"total":5,"covered":0,"skipped":0,"pct":0},"functions":{"total":0,"covered":0,"skipped":0,"pct":100},"statements":{"total":6,"covered":0,"skipped":0,"pct":0},"branches":{"total":0,"covered":0,"skipped":0,"pct":100}}
,"/app/src/app/components/signup/signup.component.ts": {"lines":{"total":1,"covered":1,"skipped":0,"pct":100},"functions":{"total":1,"covered":0,"skipped":0,"pct":0},"statements":{"total":1,"covered":1,"skipped":0,"pct":100},"branches":{"total":2,"covered":0,"skipped":0,"pct":0}}
,"/app/src/app/components/signup-form/signup-form.component.html": {"lines":{"total":36,"covered":0,"skipped":0,"pct":0},"functions":{"total":1,"covered":0,"skipped":0,"pct":0},"statements":{"total":79,"covered":0,"skipped":0,"pct":0},"branches":{"total":23,"covered":0,"skipped":0,"pct":0}}
,"/app/src/app/components/signup-form/signup-form.component.ts": {"lines":{"total":24,"covered":1,"skipped":0,"pct":4.16},"functions":{"total":10,"covered":0,"skipped":0,"pct":0},"statements":{"total":25,"covered":1,"skipped":0,"pct":4},"branches":{"total":9,"covered":0,"skipped":0,"pct":0}}
,"/app/src/app/components/tag/tag.component.html": {"lines":{"total":26,"covered":0,"skipped":0,"pct":0},"functions":{"total":3,"covered":0,"skipped":0,"pct":0},"statements":{"total":45,"covered":0,"skipped":0,"pct":0},"branches":{"total":0,"covered":0,"skipped":0,"pct":100}}
,"/app/src/app/components/tag/tag.component.ts": {"lines":{"total":13,"covered":1,"skipped":0,"pct":7.69},"functions":{"total":9,"covered":0,"skipped":0,"pct":0},"statements":{"total":14,"covered":1,"skipped":0,"pct":7.14},"branches":{"total":6,"covered":0,"skipped":0,"pct":0}}
,"/app/src/app/components/user-book-requests/user-book-requests.component.html": {"lines":{"total":31,"covered":31,"skipped":0,"pct":100},"functions":{"total":0,"covered":0,"skipped":0,"pct":100},"statements":{"total":71,"covered":71,"skipped":0,"pct":100},"branches":{"total":0,"covered":0,"skipped":0,"pct":100}}
,"/app/src/app/components/user-book-requests/user-book-requests.component.ts": {"lines":{"total":11,"covered":10,"skipped":0,"pct":90.9},"functions":{"total":7,"covered":6,"skipped":0,"pct":85.71},"statements":{"total":11,"covered":10,"skipped":0,"pct":90.9},"branches":{"total":2,"covered":2,"skipped":0,"pct":100}}
,"/app/src/app/models/book.ts": {"lines":{"total":26,"covered":17,"skipped":0,"pct":65.38},"functions":{"total":19,"covered":10,"skipped":0,"pct":52.63},"statements":{"total":26,"covered":17,"skipped":0,"pct":65.38},"branches":{"total":0,"covered":0,"skipped":0,"pct":100}}
,"/app/src/app/models/comment.ts": {"lines":{"total":13,"covered":8,"skipped":0,"pct":61.53},"functions":{"total":10,"covered":5,"skipped":0,"pct":50},"statements":{"total":13,"covered":8,"skipped":0,"pct":61.53},"branches":{"total":0,"covered":0,"skipped":0,"pct":100}}
,"/app/src/app/models/reading-list.ts": {"lines":{"total":4,"covered":3,"skipped":0,"pct":75},"functions":{"total":5,"covered":4,"skipped":0,"pct":80},"statements":{"total":5,"covered":4,"skipped":0,"pct":80},"branches":{"total":0,"covered":0,"skipped":0,"pct":100}}
,"/app/src/app/models/review.ts": {"lines":{"total":19,"covered":13,"skipped":0,"pct":68.42},"functions":{"total":14,"covered":8,"skipped":0,"pct":57.14},"statements":{"total":19,"covered":13,"skipped":0,"pct":68.42},"branches":{"total":0,"covered":0,"skipped":0,"pct":100}}
,"/app/src/app/models/university.ts": {"lines":{"total":0,"covered":0,"skipped":0,"pct":0},"functions":{"total":0,"covered":0,"skipped":0,"pct":0},"statements":{"total":0,"covered":0,"skipped":0,"pct":0},"branches":{"total":0,"covered":0,"skipped":0,"pct":0}}
,"/app/src/app/models/user.ts": {"lines":{"total":13,"covered":7,"skipped":0,"pct":53.84},"functions":{"total":10,"covered":4,"skipped":0,"pct":40},"statements":{"total":13,"covered":7,"skipped":0,"pct":53.84},"branches":{"total":0,"covered":0,"skipped":0,"pct":100}}
,"/app/src/app/services/auth.service.ts": {"lines":{"total":6,"covered":4,"skipped":0,"pct":66.66},"functions":{"total":5,"covered":3,"skipped":0,"pct":60},"statements":{"total":7,"covered":5,"skipped":0,"pct":71.42},"branches":{"total":2,"covered":2,"skipped":0,"pct":100}}
,"/app/src/app/services/book.service.ts": {"lines":{"total":19,"covered":12,"skipped":0,"pct":63.15},"functions":{"total":13,"covered":9,"skipped":0,"pct":69.23},"statements":{"total":24,"covered":15,"skipped":0,"pct":62.5},"branches":{"total":2,"covered":2,"skipped":0,"pct":100}}
,"/app/src/app/services/comment.service.ts": {"lines":{"total":11,"covered":8,"skipped":0,"pct":72.72},"functions":{"total":9,"covered":7,"skipped":0,"pct":77.77},"statements":{"total":15,"covered":11,"skipped":0,"pct":73.33},"branches":{"total":2,"covered":2,"skipped":0,"pct":100}}
,"/app/src/app/services/reading-list.service.ts": {"lines":{"total":10,"covered":8,"skipped":0,"pct":80},"functions":{"total":6,"covered":5,"skipped":0,"pct":83.33},"statements":{"total":11,"covered":9,"skipped":0,"pct":81.81},"branches":{"total":2,"covered":2,"skipped":0,"pct":100}}
,"/app/src/app/services/review.service.ts": {"lines":{"total":14,"covered":8,"skipped":0,"pct":57.14},"functions":{"total":11,"covered":7,"skipped":0,"pct":63.63},"statements":{"total":19,"covered":11,"skipped":0,"pct":57.89},"branches":{"total":2,"covered":2,"skipped":0,"pct":100}}
,"/app/src/app/services/university.service.ts": {"lines":{"total":5,"covered":5,"skipped":0,"pct":100},"functions":{"total":4,"covered":4,"skipped":0,"pct":100},"statements":{"total":6,"covered":6,"skipped":0,"pct":100},"branches":{"total":2,"covered":2,"skipped":0,"pct":100}}
,"/app/src/app/services/user.service.ts": {"lines":{"total":13,"covered":9,"skipped":0,"pct":69.23},"functions":{"total":8,"covered":6,"skipped":0,"pct":75},"statements":{"total":15,"covered":10,"skipped":0,"pct":66.66},"branches":{"total":2,"covered":2,"skipped":0,"pct":100}}
,"/app/src/environments/environment.development.ts": {"lines":{"total":0,"covered":0,"skipped":0,"pct":0},"functions":{"total":0,"covered":0,"skipped":0,"pct":0},"statements":{"total":0,"covered":0,"skipped":0,"pct":0},"branches":{"total":0,"covered":0,"skipped":0,"pct":0}}
,"/app/src/environments/environment.testing.ts": {"lines":{"total":1,"covered":1,"skipped":0,"pct":100},"functions":{"total":0,"covered":0,"skipped":0,"pct":100},"statements":{"total":1,"covered":1,"skipped":0,"pct":100},"branches":{"total":0,"covered":0,"skipped":0,"pct":100}}
,"/app/src/environments/environment.ts": {"lines":{"total":0,"covered":0,"skipped":0,"pct":0},"functions":{"total":0,"covered":0,"skipped":0,"pct":0},"statements":{"total":0,"covered":0,"skipped":0,"pct":0},"branches":{"total":0,"covered":0,"skipped":0,"pct":0}}
}
