{"/app/src/app/app.component.ts": {"path":"/app/src/app/app.component.ts","statementMap":{"0":{"start":{"line":8,"column":7},"end":{"line":10,"column":null}},"1":{"start":{"line":8,"column":13},"end":{"line":10,"column":null}}},"fnMap":{},"branchMap":{},"s":{"0":1,"1":1},"f":{},"b":{}}
,"/app/src/app/components/admin-book-requests/admin-book-requests.component.ts": {"path":"/app/src/app/components/admin-book-requests/admin-book-requests.component.ts","statementMap":{"0":{"start":{"line":17,"column":12},"end":{"line":17,"column":36}},"1":{"start":{"line":18,"column":12},"end":{"line":18,"column":33}},"2":{"start":{"line":20,"column":2},"end":{"line":20,"column":85}},"3":{"start":{"line":21,"column":2},"end":{"line":21,"column":46}},"4":{"start":{"line":27,"column":4},"end":{"line":29,"column":null}},"5":{"start":{"line":28,"column":6},"end":{"line":28,"column":35}},"6":{"start":{"line":33,"column":4},"end":{"line":33,"column":37}},"7":{"start":{"line":37,"column":17},"end":{"line":39,"column":null}},"8":{"start":{"line":40,"column":4},"end":{"line":52,"column":null}},"9":{"start":{"line":41,"column":6},"end":{"line":41,"column":54}},"10":{"start":{"line":42,"column":6},"end":{"line":45,"column":null}},"11":{"start":{"line":48,"column":6},"end":{"line":51,"column":null}},"12":{"start":{"line":56,"column":17},"end":{"line":58,"column":null}},"13":{"start":{"line":59,"column":4},"end":{"line":71,"column":null}},"14":{"start":{"line":60,"column":6},"end":{"line":60,"column":54}},"15":{"start":{"line":61,"column":6},"end":{"line":64,"column":null}},"16":{"start":{"line":67,"column":6},"end":{"line":70,"column":null}},"17":{"start":{"line":75,"column":4},"end":{"line":75,"column":36}},"18":{"start":{"line":14,"column":13},"end":{"line":77,"column":null}}},"fnMap":{"0":{"name":"(anonymous_0)","decl":{"start":{"line":16,"column":2},"end":{"line":16,"column":null}},"loc":{"start":{"line":18,"column":33},"end":{"line":19,"column":6}}},"1":{"name":"(anonymous_1)","decl":{"start":{"line":26,"column":2},"end":{"line":26,"column":10}},"loc":{"start":{"line":26,"column":10},"end":{"line":30,"column":3}}},"2":{"name":"(anonymous_2)","decl":{"start":{"line":27,"column":71},"end":{"line":27,"column":76}},"loc":{"start":{"line":27,"column":79},"end":{"line":29,"column":5}}},"3":{"name":"(anonymous_3)","decl":{"start":{"line":32,"column":2},"end":{"line":32,"column":17}},"loc":{"start":{"line":32,"column":17},"end":{"line":34,"column":3}}},"4":{"name":"(anonymous_4)","decl":{"start":{"line":36,"column":2},"end":{"line":36,"column":7}},"loc":{"start":{"line":36,"column":30},"end":{"line":53,"column":3}}},"5":{"name":"(anonymous_5)","decl":{"start":{"line":55,"column":2},"end":{"line":55,"column":7}},"loc":{"start":{"line":55,"column":30},"end":{"line":72,"column":3}}},"6":{"name":"(anonymous_6)","decl":{"start":{"line":74,"column":2},"end":{"line":74,"column":13}},"loc":{"start":{"line":74,"column":13},"end":{"line":76,"column":3}}}},"branchMap":{},"s":{"0":5,"1":5,"2":5,"3":5,"4":5,"5":5,"6":5,"7":2,"8":2,"9":2,"10":1,"11":1,"12":1,"13":1,"14":1,"15":1,"16":0,"17":5,"18":1},"f":{"0":5,"1":5,"2":5,"3":5,"4":2,"5":1,"6":5},"b":{}}
,"/app/src/app/components/book/book.component.ts": {"path":"/app/src/app/components/book/book.component.ts","statementMap":{"0":{"start":{"line":23,"column":12},"end":{"line":23,"column":36}},"1":{"start":{"line":24,"column":12},"end":{"line":24,"column":50}},"2":{"start":{"line":25,"column":12},"end":{"line":25,"column":33}},"3":{"start":{"line":26,"column":12},"end":{"line":26,"column":29}},"4":{"start":{"line":27,"column":12},"end":{"line":27,"column":33}},"5":{"start":{"line":28,"column":12},"end":{"line":28,"column":36}},"6":{"start":{"line":39,"column":4},"end":{"line":43,"column":50}},"7":{"start":{"line":41,"column":8},"end":{"line":41,"column":58}},"8":{"start":{"line":43,"column":32},"end":{"line":43,"column":48}},"9":{"start":{"line":45,"column":4},"end":{"line":52,"column":null}},"10":{"start":{"line":48,"column":44},"end":{"line":48,"column":67}},"11":{"start":{"line":49,"column":44},"end":{"line":49,"column":107}},"12":{"start":{"line":52,"column":66},"end":{"line":52,"column":96}},"13":{"start":{"line":56,"column":4},"end":{"line":68,"column":null}},"14":{"start":{"line":57,"column":6},"end":{"line":57,"column":81}},"15":{"start":{"line":58,"column":6},"end":{"line":61,"column":null}},"16":{"start":{"line":64,"column":6},"end":{"line":67,"column":null}},"17":{"start":{"line":72,"column":4},"end":{"line":84,"column":null}},"18":{"start":{"line":73,"column":6},"end":{"line":73,"column":89}},"19":{"start":{"line":74,"column":6},"end":{"line":77,"column":null}},"20":{"start":{"line":80,"column":6},"end":{"line":83,"column":null}},"21":{"start":{"line":88,"column":22},"end":{"line":91,"column":6}},"22":{"start":{"line":93,"column":4},"end":{"line":118,"column":7}},"23":{"start":{"line":94,"column":6},"end":{"line":117,"column":null}},"24":{"start":{"line":95,"column":8},"end":{"line":116,"column":null}},"25":{"start":{"line":96,"column":10},"end":{"line":98,"column":null}},"26":{"start":{"line":100,"column":23},"end":{"line":102,"column":null}},"27":{"start":{"line":103,"column":10},"end":{"line":115,"column":null}},"28":{"start":{"line":104,"column":12},"end":{"line":104,"column":60}},"29":{"start":{"line":105,"column":12},"end":{"line":108,"column":null}},"30":{"start":{"line":111,"column":12},"end":{"line":114,"column":null}},"31":{"start":{"line":122,"column":4},"end":{"line":122,"column":27}},"32":{"start":{"line":126,"column":4},"end":{"line":126,"column":40}},"33":{"start":{"line":127,"column":4},"end":{"line":127,"column":47}},"34":{"start":{"line":20,"column":13},"end":{"line":129,"column":null}}},"fnMap":{"0":{"name":"(anonymous_0)","decl":{"start":{"line":22,"column":2},"end":{"line":22,"column":null}},"loc":{"start":{"line":28,"column":36},"end":{"line":29,"column":6}}},"1":{"name":"(anonymous_1)","decl":{"start":{"line":37,"column":2},"end":{"line":37,"column":10}},"loc":{"start":{"line":37,"column":10},"end":{"line":53,"column":3}}},"2":{"name":"(anonymous_2)","decl":{"start":{"line":40,"column":16},"end":{"line":40,"column":22}},"loc":{"start":{"line":40,"column":25},"end":{"line":42,"column":7}}},"3":{"name":"(anonymous_3)","decl":{"start":{"line":43,"column":16},"end":{"line":43,"column":17}},"loc":{"start":{"line":43,"column":32},"end":{"line":43,"column":48}}},"4":{"name":"(anonymous_4)","decl":{"start":{"line":47,"column":52},"end":{"line":47,"column":59}},"loc":{"start":{"line":47,"column":62},"end":{"line":50,"column":43}}},"5":{"name":"(anonymous_5)","decl":{"start":{"line":52,"column":51},"end":{"line":52,"column":62}},"loc":{"start":{"line":52,"column":66},"end":{"line":52,"column":96}}},"6":{"name":"(anonymous_6)","decl":{"start":{"line":55,"column":2},"end":{"line":55,"column":7}},"loc":{"start":{"line":55,"column":24},"end":{"line":69,"column":3}}},"7":{"name":"(anonymous_7)","decl":{"start":{"line":71,"column":2},"end":{"line":71,"column":7}},"loc":{"start":{"line":71,"column":29},"end":{"line":85,"column":3}}},"8":{"name":"(anonymous_8)","decl":{"start":{"line":87,"column":2},"end":{"line":87,"column":12}},"loc":{"start":{"line":87,"column":12},"end":{"line":119,"column":3}}},"9":{"name":"(anonymous_9)","decl":{"start":{"line":93,"column":38},"end":{"line":93,"column":41}},"loc":{"start":{"line":93,"column":44},"end":{"line":118,"column":5}}},"10":{"name":"(anonymous_10)","decl":{"start":{"line":121,"column":2},"end":{"line":121,"column":14}},"loc":{"start":{"line":121,"column":28},"end":{"line":123,"column":3}}},"11":{"name":"(anonymous_11)","decl":{"start":{"line":125,"column":2},"end":{"line":125,"column":13}},"loc":{"start":{"line":125,"column":13},"end":{"line":128,"column":3}}}},"branchMap":{"0":{"loc":{"start":{"line":94,"column":6},"end":{"line":117,"column":null}},"type":"if","locations":[{"start":{"line":94,"column":6},"end":{"line":117,"column":null}}]},"1":{"loc":{"start":{"line":95,"column":8},"end":{"line":116,"column":null}},"type":"if","locations":[{"start":{"line":95,"column":8},"end":{"line":116,"column":null}},{"start":{"line":99,"column":15},"end":{"line":116,"column":null}}]}},"s":{"0":7,"1":7,"2":7,"3":7,"4":7,"5":7,"6":7,"7":7,"8":7,"9":7,"10":7,"11":7,"12":7,"13":2,"14":2,"15":1,"16":1,"17":1,"18":1,"19":1,"20":0,"21":0,"22":0,"23":0,"24":0,"25":0,"26":0,"27":0,"28":0,"29":0,"30":0,"31":7,"32":7,"33":7,"34":1},"f":{"0":7,"1":7,"2":7,"3":7,"4":7,"5":7,"6":2,"7":1,"8":0,"9":0,"10":7,"11":7},"b":{"0":[0],"1":[0,0]}}
,"/app/src/app/components/book-form/book-form.component.ts": {"path":"/app/src/app/components/book-form/book-form.component.ts","statementMap":{"0":{"start":{"line":19,"column":12},"end":{"line":19,"column":26}},"1":{"start":{"line":20,"column":12},"end":{"line":20,"column":48}},"2":{"start":{"line":21,"column":12},"end":{"line":21,"column":36}},"3":{"start":{"line":22,"column":12},"end":{"line":22,"column":36}},"4":{"start":{"line":23,"column":12},"end":{"line":23,"column":33}},"5":{"start":{"line":32,"column":4},"end":{"line":32,"column":135}},"6":{"start":{"line":32,"column":101},"end":{"line":32,"column":133}},"7":{"start":{"line":33,"column":4},"end":{"line":33,"column":109}},"8":{"start":{"line":33,"column":75},"end":{"line":33,"column":107}},"9":{"start":{"line":37,"column":31},"end":{"line":37,"column":103}},"10":{"start":{"line":37,"column":68},"end":{"line":37,"column":102}},"11":{"start":{"line":38,"column":4},"end":{"line":38,"column":72}},"12":{"start":{"line":42,"column":16},"end":{"line":42,"column":45}},"13":{"start":{"line":43,"column":17},"end":{"line":50,"column":null}},"14":{"start":{"line":52,"column":4},"end":{"line":65,"column":null}},"15":{"start":{"line":53,"column":6},"end":{"line":53,"column":46}},"16":{"start":{"line":54,"column":6},"end":{"line":57,"column":null}},"17":{"start":{"line":58,"column":6},"end":{"line":58,"column":39}},"18":{"start":{"line":61,"column":6},"end":{"line":64,"column":null}},"19":{"start":{"line":69,"column":4},"end":{"line":69,"column":46}},"20":{"start":{"line":70,"column":4},"end":{"line":70,"column":40}},"21":{"start":{"line":16,"column":13},"end":{"line":72,"column":null}}},"fnMap":{"0":{"name":"(anonymous_0)","decl":{"start":{"line":18,"column":2},"end":{"line":18,"column":null}},"loc":{"start":{"line":23,"column":33},"end":{"line":24,"column":8}}},"1":{"name":"(anonymous_1)","decl":{"start":{"line":31,"column":2},"end":{"line":31,"column":10}},"loc":{"start":{"line":31,"column":10},"end":{"line":34,"column":3}}},"2":{"name":"(anonymous_2)","decl":{"start":{"line":32,"column":85},"end":{"line":32,"column":97}},"loc":{"start":{"line":32,"column":101},"end":{"line":32,"column":133}}},"3":{"name":"(anonymous_3)","decl":{"start":{"line":33,"column":64},"end":{"line":33,"column":71}},"loc":{"start":{"line":33,"column":75},"end":{"line":33,"column":107}}},"4":{"name":"(anonymous_4)","decl":{"start":{"line":36,"column":2},"end":{"line":36,"column":15}},"loc":{"start":{"line":36,"column":38},"end":{"line":39,"column":3}}},"5":{"name":"(anonymous_5)","decl":{"start":{"line":37,"column":54},"end":{"line":37,"column":64}},"loc":{"start":{"line":37,"column":68},"end":{"line":37,"column":102}}},"6":{"name":"(anonymous_6)","decl":{"start":{"line":41,"column":2},"end":{"line":41,"column":7}},"loc":{"start":{"line":41,"column":18},"end":{"line":66,"column":3}}},"7":{"name":"(anonymous_7)","decl":{"start":{"line":68,"column":2},"end":{"line":68,"column":13}},"loc":{"start":{"line":68,"column":13},"end":{"line":71,"column":3}}}},"branchMap":{"0":{"loc":{"start":{"line":38,"column":19},"end":{"line":38,"column":71}},"type":"cond-expr","locations":[{"start":{"line":38,"column":40},"end":{"line":38,"column":66}},{"start":{"line":38,"column":69},"end":{"line":38,"column":71}}]}},"s":{"0":4,"1":4,"2":4,"3":4,"4":4,"5":4,"6":4,"7":4,"8":4,"9":2,"10":4,"11":2,"12":1,"13":1,"14":1,"15":1,"16":1,"17":1,"18":0,"19":4,"20":4,"21":1},"f":{"0":4,"1":4,"2":4,"3":4,"4":2,"5":4,"6":1,"7":4},"b":{"0":[2,0]}}
,"/app/src/app/components/book-requests/book-requests.component.ts": {"path":"/app/src/app/components/book-requests/book-requests.component.ts","statementMap":{"0":{"start":{"line":13,"column":12},"end":{"line":13,"column":36}},"1":{"start":{"line":19,"column":4},"end":{"line":19,"column":95}},"2":{"start":{"line":19,"column":71},"end":{"line":19,"column":93}},"3":{"start":{"line":23,"column":4},"end":{"line":23,"column":36}},"4":{"start":{"line":11,"column":13},"end":{"line":25,"column":null}}},"fnMap":{"0":{"name":"(anonymous_0)","decl":{"start":{"line":12,"column":2},"end":{"line":12,"column":null}},"loc":{"start":{"line":13,"column":36},"end":{"line":14,"column":6}}},"1":{"name":"(anonymous_1)","decl":{"start":{"line":18,"column":2},"end":{"line":18,"column":10}},"loc":{"start":{"line":18,"column":10},"end":{"line":20,"column":3}}},"2":{"name":"(anonymous_2)","decl":{"start":{"line":19,"column":60},"end":{"line":19,"column":67}},"loc":{"start":{"line":19,"column":71},"end":{"line":19,"column":93}}},"3":{"name":"(anonymous_3)","decl":{"start":{"line":22,"column":2},"end":{"line":22,"column":13}},"loc":{"start":{"line":22,"column":13},"end":{"line":24,"column":3}}}},"branchMap":{},"s":{"0":3,"1":3,"2":3,"3":3,"4":1},"f":{"0":3,"1":3,"2":3,"3":3},"b":{}}
,"/app/src/app/components/book-search/book-search.component.ts": {"path":"/app/src/app/components/book-search/book-search.component.ts","statementMap":{"0":{"start":{"line":15,"column":12},"end":{"line":15,"column":26}},"1":{"start":{"line":16,"column":12},"end":{"line":16,"column":48}},"2":{"start":{"line":20,"column":2},"end":{"line":20,"column":33}},"3":{"start":{"line":21,"column":2},"end":{"line":21,"column":18}},"4":{"start":{"line":24,"column":4},"end":{"line":24,"column":66}},"5":{"start":{"line":28,"column":4},"end":{"line":28,"column":27}},"6":{"start":{"line":29,"column":4},"end":{"line":29,"column":25}},"7":{"start":{"line":30,"column":4},"end":{"line":30,"column":37}},"8":{"start":{"line":34,"column":27},"end":{"line":34,"column":29}},"9":{"start":{"line":36,"column":4},"end":{"line":40,"column":null}},"10":{"start":{"line":37,"column":6},"end":{"line":37,"column":42}},"11":{"start":{"line":39,"column":6},"end":{"line":39,"column":47}},"12":{"start":{"line":42,"column":4},"end":{"line":45,"column":7}},"13":{"start":{"line":49,"column":4},"end":{"line":49,"column":25}},"14":{"start":{"line":50,"column":4},"end":{"line":50,"column":37}},"15":{"start":{"line":12,"column":13},"end":{"line":52,"column":null}}},"fnMap":{"0":{"name":"(anonymous_0)","decl":{"start":{"line":14,"column":2},"end":{"line":14,"column":null}},"loc":{"start":{"line":16,"column":48},"end":{"line":17,"column":8}}},"1":{"name":"(anonymous_1)","decl":{"start":{"line":23,"column":2},"end":{"line":23,"column":10}},"loc":{"start":{"line":23,"column":10},"end":{"line":25,"column":3}}},"2":{"name":"(anonymous_2)","decl":{"start":{"line":27,"column":2},"end":{"line":27,"column":15}},"loc":{"start":{"line":27,"column":28},"end":{"line":31,"column":3}}},"3":{"name":"(anonymous_3)","decl":{"start":{"line":33,"column":2},"end":{"line":33,"column":10}},"loc":{"start":{"line":33,"column":10},"end":{"line":46,"column":3}}},"4":{"name":"(anonymous_4)","decl":{"start":{"line":48,"column":2},"end":{"line":48,"column":9}},"loc":{"start":{"line":48,"column":9},"end":{"line":51,"column":3}}}},"branchMap":{"0":{"loc":{"start":{"line":36,"column":4},"end":{"line":40,"column":null}},"type":"if","locations":[{"start":{"line":36,"column":4},"end":{"line":40,"column":null}},{"start":{"line":38,"column":11},"end":{"line":40,"column":null}}]}},"s":{"0":8,"1":8,"2":8,"3":8,"4":8,"5":1,"6":1,"7":1,"8":2,"9":2,"10":1,"11":1,"12":2,"13":0,"14":0,"15":1},"f":{"0":8,"1":8,"2":1,"3":2,"4":0},"b":{"0":[1,1]}}
,"/app/src/app/components/books/books.component.ts": {"path":"/app/src/app/components/books/books.component.ts","statementMap":{"0":{"start":{"line":15,"column":12},"end":{"line":15,"column":36}},"1":{"start":{"line":16,"column":12},"end":{"line":16,"column":33}},"2":{"start":{"line":23,"column":4},"end":{"line":38,"column":null}},"3":{"start":{"line":26,"column":28},"end":{"line":26,"column":47}},"4":{"start":{"line":27,"column":28},"end":{"line":27,"column":58}},"5":{"start":{"line":31,"column":26},"end":{"line":37,"column":null}},"6":{"start":{"line":32,"column":28},"end":{"line":32,"column":145}},"7":{"start":{"line":32,"column":75},"end":{"line":32,"column":143}},"8":{"start":{"line":33,"column":33},"end":{"line":37,"column":null}},"9":{"start":{"line":34,"column":28},"end":{"line":34,"column":134}},"10":{"start":{"line":34,"column":75},"end":{"line":34,"column":132}},"11":{"start":{"line":34,"column":97},"end":{"line":34,"column":131}},"12":{"start":{"line":36,"column":28},"end":{"line":36,"column":null}},"13":{"start":{"line":42,"column":4},"end":{"line":42,"column":36}},"14":{"start":{"line":12,"column":13},"end":{"line":44,"column":null}}},"fnMap":{"0":{"name":"(anonymous_0)","decl":{"start":{"line":14,"column":2},"end":{"line":14,"column":null}},"loc":{"start":{"line":16,"column":33},"end":{"line":17,"column":6}}},"1":{"name":"(anonymous_1)","decl":{"start":{"line":22,"column":2},"end":{"line":22,"column":10}},"loc":{"start":{"line":22,"column":10},"end":{"line":39,"column":3}}},"2":{"name":"(anonymous_2)","decl":{"start":{"line":25,"column":36},"end":{"line":25,"column":41}},"loc":{"start":{"line":25,"column":44},"end":{"line":28,"column":27}}},"3":{"name":"(anonymous_3)","decl":{"start":{"line":30,"column":35},"end":{"line":30,"column":41}},"loc":{"start":{"line":30,"column":44},"end":{"line":38,"column":25}}},"4":{"name":"(anonymous_4)","decl":{"start":{"line":32,"column":67},"end":{"line":32,"column":71}},"loc":{"start":{"line":32,"column":75},"end":{"line":32,"column":143}}},"5":{"name":"(anonymous_5)","decl":{"start":{"line":34,"column":67},"end":{"line":34,"column":71}},"loc":{"start":{"line":34,"column":75},"end":{"line":34,"column":132}}},"6":{"name":"(anonymous_6)","decl":{"start":{"line":34,"column":90},"end":{"line":34,"column":93}},"loc":{"start":{"line":34,"column":97},"end":{"line":34,"column":131}}},"7":{"name":"(anonymous_7)","decl":{"start":{"line":41,"column":2},"end":{"line":41,"column":13}},"loc":{"start":{"line":41,"column":13},"end":{"line":43,"column":3}}}},"branchMap":{"0":{"loc":{"start":{"line":31,"column":26},"end":{"line":37,"column":null}},"type":"if","locations":[{"start":{"line":31,"column":26},"end":{"line":37,"column":null}},{"start":{"line":33,"column":33},"end":{"line":37,"column":null}}]},"1":{"loc":{"start":{"line":33,"column":33},"end":{"line":37,"column":null}},"type":"if","locations":[{"start":{"line":33,"column":33},"end":{"line":37,"column":null}},{"start":{"line":35,"column":33},"end":{"line":37,"column":null}}]}},"s":{"0":3,"1":3,"2":3,"3":3,"4":3,"5":3,"6":3,"7":9,"8":0,"9":0,"10":0,"11":0,"12":0,"13":3,"14":1},"f":{"0":3,"1":3,"2":3,"3":3,"4":9,"5":0,"6":0,"7":3},"b":{"0":[3,0],"1":[0,0]}}
,"/app/src/app/components/bs-navbar/bs-navbar.component.ts": {"path":"/app/src/app/components/bs-navbar/bs-navbar.component.ts","statementMap":{"0":{"start":{"line":17,"column":12},"end":{"line":17,"column":36}},"1":{"start":{"line":18,"column":12},"end":{"line":18,"column":26}},"2":{"start":{"line":19,"column":12},"end":{"line":19,"column":36}},"3":{"start":{"line":20,"column":12},"end":{"line":20,"column":33}},"4":{"start":{"line":26,"column":4},"end":{"line":27,"column":86}},"5":{"start":{"line":27,"column":62},"end":{"line":27,"column":84}},"6":{"start":{"line":31,"column":4},"end":{"line":43,"column":null}},"7":{"start":{"line":32,"column":6},"end":{"line":32,"column":38}},"8":{"start":{"line":33,"column":6},"end":{"line":36,"column":null}},"9":{"start":{"line":37,"column":6},"end":{"line":37,"column":33}},"10":{"start":{"line":39,"column":6},"end":{"line":42,"column":null}},"11":{"start":{"line":47,"column":4},"end":{"line":47,"column":36}},"12":{"start":{"line":14,"column":13},"end":{"line":49,"column":null}}},"fnMap":{"0":{"name":"(anonymous_0)","decl":{"start":{"line":16,"column":2},"end":{"line":16,"column":null}},"loc":{"start":{"line":20,"column":33},"end":{"line":21,"column":8}}},"1":{"name":"(anonymous_1)","decl":{"start":{"line":25,"column":2},"end":{"line":25,"column":10}},"loc":{"start":{"line":25,"column":10},"end":{"line":28,"column":3}}},"2":{"name":"(anonymous_2)","decl":{"start":{"line":27,"column":51},"end":{"line":27,"column":58}},"loc":{"start":{"line":27,"column":62},"end":{"line":27,"column":84}}},"3":{"name":"(anonymous_3)","decl":{"start":{"line":30,"column":2},"end":{"line":30,"column":7}},"loc":{"start":{"line":30,"column":14},"end":{"line":44,"column":3}}},"4":{"name":"(anonymous_4)","decl":{"start":{"line":46,"column":2},"end":{"line":46,"column":13}},"loc":{"start":{"line":46,"column":13},"end":{"line":48,"column":3}}}},"branchMap":{},"s":{"0":1,"1":1,"2":1,"3":1,"4":1,"5":1,"6":0,"7":0,"8":0,"9":0,"10":0,"11":1,"12":1},"f":{"0":1,"1":1,"2":1,"3":0,"4":1},"b":{}}
,"/app/src/app/components/comments/comments.component.ts": {"path":"/app/src/app/components/comments/comments.component.ts","statementMap":{"0":{"start":{"line":20,"column":12},"end":{"line":20,"column":42}},"1":{"start":{"line":21,"column":12},"end":{"line":21,"column":33}},"2":{"start":{"line":27,"column":4},"end":{"line":27,"column":81}},"3":{"start":{"line":31,"column":20},"end":{"line":31,"column":80}},"4":{"start":{"line":32,"column":4},"end":{"line":45,"column":null}},"5":{"start":{"line":33,"column":6},"end":{"line":33,"column":80}},"6":{"start":{"line":34,"column":6},"end":{"line":37,"column":null}},"7":{"start":{"line":38,"column":6},"end":{"line":38,"column":16}},"8":{"start":{"line":41,"column":6},"end":{"line":44,"column":null}},"9":{"start":{"line":13,"column":13},"end":{"line":48,"column":null}}},"fnMap":{"0":{"name":"(anonymous_0)","decl":{"start":{"line":19,"column":2},"end":{"line":19,"column":null}},"loc":{"start":{"line":21,"column":33},"end":{"line":22,"column":6}}},"1":{"name":"(anonymous_1)","decl":{"start":{"line":26,"column":2},"end":{"line":26,"column":10}},"loc":{"start":{"line":26,"column":10},"end":{"line":28,"column":3}}},"2":{"name":"(anonymous_2)","decl":{"start":{"line":30,"column":2},"end":{"line":30,"column":7}},"loc":{"start":{"line":30,"column":24},"end":{"line":47,"column":3}}}},"branchMap":{},"s":{"0":6,"1":6,"2":6,"3":2,"4":2,"5":2,"6":1,"7":1,"8":1,"9":1},"f":{"0":6,"1":6,"2":2},"b":{}}
,"/app/src/app/components/home/home.component.ts": {"path":"/app/src/app/components/home/home.component.ts","statementMap":{"0":{"start":{"line":8,"column":7},"end":{"line":10,"column":null}},"1":{"start":{"line":8,"column":13},"end":{"line":10,"column":null}}},"fnMap":{},"branchMap":{},"s":{"0":1,"1":1},"f":{},"b":{}}
,"/app/src/app/components/login/login.component.ts": {"path":"/app/src/app/components/login/login.component.ts","statementMap":{"0":{"start":{"line":15,"column":12},"end":{"line":15,"column":36}},"1":{"start":{"line":16,"column":12},"end":{"line":16,"column":36}},"2":{"start":{"line":17,"column":12},"end":{"line":17,"column":26}},"3":{"start":{"line":18,"column":12},"end":{"line":18,"column":33}},"4":{"start":{"line":21,"column":2},"end":{"line":26,"column":6}},"5":{"start":{"line":29,"column":4},"end":{"line":29,"column":39}},"6":{"start":{"line":33,"column":4},"end":{"line":33,"column":42}},"7":{"start":{"line":37,"column":32},"end":{"line":37,"column":52}},"8":{"start":{"line":39,"column":4},"end":{"line":41,"column":null}},"9":{"start":{"line":40,"column":6},"end":{"line":40,"column":13}},"10":{"start":{"line":43,"column":4},"end":{"line":55,"column":null}},"11":{"start":{"line":44,"column":6},"end":{"line":44,"column":52}},"12":{"start":{"line":45,"column":6},"end":{"line":48,"column":null}},"13":{"start":{"line":49,"column":6},"end":{"line":49,"column":39}},"14":{"start":{"line":51,"column":6},"end":{"line":54,"column":null}},"15":{"start":{"line":13,"column":13},"end":{"line":57,"column":null}}},"fnMap":{"0":{"name":"(anonymous_0)","decl":{"start":{"line":14,"column":2},"end":{"line":14,"column":null}},"loc":{"start":{"line":18,"column":33},"end":{"line":19,"column":7}}},"1":{"name":"(anonymous_1)","decl":{"start":{"line":28,"column":2},"end":{"line":28,"column":6}},"loc":{"start":{"line":28,"column":11},"end":{"line":30,"column":3}}},"2":{"name":"(anonymous_2)","decl":{"start":{"line":32,"column":2},"end":{"line":32,"column":6}},"loc":{"start":{"line":32,"column":14},"end":{"line":34,"column":3}}},"3":{"name":"(anonymous_3)","decl":{"start":{"line":36,"column":2},"end":{"line":36,"column":7}},"loc":{"start":{"line":36,"column":16},"end":{"line":56,"column":3}}}},"branchMap":{"0":{"loc":{"start":{"line":39,"column":4},"end":{"line":41,"column":null}},"type":"if","locations":[{"start":{"line":39,"column":4},"end":{"line":41,"column":null}}]},"1":{"loc":{"start":{"line":39,"column":8},"end":{"line":39,"column":52}},"type":"binary-expr","locations":[{"start":{"line":39,"column":8},"end":{"line":39,"column":29}},{"start":{"line":39,"column":33},"end":{"line":39,"column":39}},{"start":{"line":39,"column":43},"end":{"line":39,"column":52}}]}},"s":{"0":1,"1":1,"2":1,"3":1,"4":1,"5":4,"6":2,"7":0,"8":0,"9":0,"10":0,"11":0,"12":0,"13":0,"14":0,"15":1},"f":{"0":1,"1":4,"2":2,"3":0},"b":{"0":[0],"1":[0,0,0]}}
,"/app/src/app/components/new-review/new-review.component.ts": {"path":"/app/src/app/components/new-review/new-review.component.ts","statementMap":{"0":{"start":{"line":15,"column":16},"end":{"line":15,"column":59}},"1":{"start":{"line":16,"column":16},"end":{"line":16,"column":40}},"2":{"start":{"line":17,"column":16},"end":{"line":17,"column":37}},"3":{"start":{"line":24,"column":8},"end":{"line":24,"column":24}},"4":{"start":{"line":25,"column":8},"end":{"line":25,"column":109}},"5":{"start":{"line":25,"column":75},"end":{"line":25,"column":107}},"6":{"start":{"line":29,"column":8},"end":{"line":29,"column":null}},"7":{"start":{"line":33,"column":8},"end":{"line":43,"column":null}},"8":{"start":{"line":34,"column":25},"end":{"line":36,"column":null}},"9":{"start":{"line":37,"column":12},"end":{"line":37,"column":39}},"10":{"start":{"line":39,"column":12},"end":{"line":42,"column":null}},"11":{"start":{"line":47,"column":8},"end":{"line":47,"column":31}},"12":{"start":{"line":51,"column":8},"end":{"line":51,"column":40}},"13":{"start":{"line":13,"column":13},"end":{"line":53,"column":null}}},"fnMap":{"0":{"name":"(anonymous_0)","decl":{"start":{"line":14,"column":4},"end":{"line":14,"column":null}},"loc":{"start":{"line":17,"column":37},"end":{"line":18,"column":8}}},"1":{"name":"(anonymous_1)","decl":{"start":{"line":23,"column":4},"end":{"line":23,"column":12}},"loc":{"start":{"line":23,"column":12},"end":{"line":26,"column":5}}},"2":{"name":"(anonymous_2)","decl":{"start":{"line":25,"column":64},"end":{"line":25,"column":71}},"loc":{"start":{"line":25,"column":75},"end":{"line":25,"column":107}}},"3":{"name":"(anonymous_3)","decl":{"start":{"line":28,"column":4},"end":{"line":28,"column":11}},"loc":{"start":{"line":28,"column":26},"end":{"line":30,"column":5}}},"4":{"name":"(anonymous_4)","decl":{"start":{"line":32,"column":4},"end":{"line":32,"column":8}},"loc":{"start":{"line":32,"column":10},"end":{"line":44,"column":5}}},"5":{"name":"(anonymous_5)","decl":{"start":{"line":46,"column":4},"end":{"line":46,"column":9}},"loc":{"start":{"line":46,"column":9},"end":{"line":48,"column":5}}},"6":{"name":"(anonymous_6)","decl":{"start":{"line":50,"column":4},"end":{"line":50,"column":15}},"loc":{"start":{"line":50,"column":15},"end":{"line":52,"column":5}}}},"branchMap":{"0":{"loc":{"start":{"line":33,"column":8},"end":{"line":43,"column":null}},"type":"if","locations":[{"start":{"line":33,"column":8},"end":{"line":43,"column":null}},{"start":{"line":38,"column":15},"end":{"line":43,"column":null}}]}},"s":{"0":5,"1":5,"2":5,"3":5,"4":5,"5":5,"6":2,"7":2,"8":1,"9":1,"10":1,"11":1,"12":5,"13":1},"f":{"0":5,"1":5,"2":5,"3":2,"4":2,"5":1,"6":5},"b":{"0":[1,1]}}
,"/app/src/app/components/reading-list/reading-list.component.ts": {"path":"/app/src/app/components/reading-list/reading-list.component.ts","statementMap":{"0":{"start":{"line":18,"column":12},"end":{"line":18,"column":36}},"1":{"start":{"line":19,"column":12},"end":{"line":19,"column":50}},"2":{"start":{"line":20,"column":12},"end":{"line":20,"column":33}},"3":{"start":{"line":22,"column":2},"end":{"line":22,"column":63}},"4":{"start":{"line":23,"column":2},"end":{"line":23,"column":46}},"5":{"start":{"line":30,"column":4},"end":{"line":37,"column":112}},"6":{"start":{"line":33,"column":48},"end":{"line":33,"column":null}},"7":{"start":{"line":34,"column":48},"end":{"line":34,"column":null}},"8":{"start":{"line":37,"column":70},"end":{"line":37,"column":110}},"9":{"start":{"line":41,"column":4},"end":{"line":41,"column":37}},"10":{"start":{"line":45,"column":4},"end":{"line":57,"column":null}},"11":{"start":{"line":46,"column":6},"end":{"line":46,"column":76}},"12":{"start":{"line":47,"column":6},"end":{"line":50,"column":null}},"13":{"start":{"line":53,"column":6},"end":{"line":56,"column":null}},"14":{"start":{"line":61,"column":6},"end":{"line":61,"column":38}},"15":{"start":{"line":15,"column":13},"end":{"line":63,"column":null}}},"fnMap":{"0":{"name":"(anonymous_0)","decl":{"start":{"line":17,"column":2},"end":{"line":17,"column":null}},"loc":{"start":{"line":20,"column":33},"end":{"line":21,"column":6}}},"1":{"name":"(anonymous_1)","decl":{"start":{"line":29,"column":2},"end":{"line":29,"column":10}},"loc":{"start":{"line":29,"column":10},"end":{"line":38,"column":3}}},"2":{"name":"(anonymous_2)","decl":{"start":{"line":32,"column":56},"end":{"line":32,"column":63}},"loc":{"start":{"line":32,"column":66},"end":{"line":35,"column":47}}},"3":{"name":"(anonymous_3)","decl":{"start":{"line":37,"column":55},"end":{"line":37,"column":66}},"loc":{"start":{"line":37,"column":70},"end":{"line":37,"column":110}}},"4":{"name":"(anonymous_4)","decl":{"start":{"line":40,"column":2},"end":{"line":40,"column":17}},"loc":{"start":{"line":40,"column":17},"end":{"line":42,"column":3}}},"5":{"name":"(anonymous_5)","decl":{"start":{"line":44,"column":2},"end":{"line":44,"column":7}},"loc":{"start":{"line":44,"column":44},"end":{"line":58,"column":3}}},"6":{"name":"(anonymous_6)","decl":{"start":{"line":60,"column":2},"end":{"line":60,"column":13}},"loc":{"start":{"line":60,"column":13},"end":{"line":62,"column":3}}}},"branchMap":{},"s":{"0":3,"1":3,"2":3,"3":3,"4":3,"5":3,"6":3,"7":3,"8":3,"9":3,"10":1,"11":1,"12":1,"13":0,"14":3,"15":1},"f":{"0":3,"1":3,"2":3,"3":3,"4":3,"5":1,"6":3},"b":{}}
,"/app/src/app/components/review/review.component.ts": {"path":"/app/src/app/components/review/review.component.ts","statementMap":{"0":{"start":{"line":20,"column":12},"end":{"line":20,"column":40}},"1":{"start":{"line":21,"column":12},"end":{"line":21,"column":33}},"2":{"start":{"line":24,"column":2},"end":{"line":24,"column":32}},"3":{"start":{"line":27,"column":17},"end":{"line":29,"column":null}},"4":{"start":{"line":30,"column":4},"end":{"line":38,"column":null}},"5":{"start":{"line":31,"column":6},"end":{"line":31,"column":79}},"6":{"start":{"line":34,"column":6},"end":{"line":37,"column":null}},"7":{"start":{"line":42,"column":17},"end":{"line":44,"column":null}},"8":{"start":{"line":45,"column":4},"end":{"line":53,"column":null}},"9":{"start":{"line":46,"column":6},"end":{"line":46,"column":79}},"10":{"start":{"line":49,"column":6},"end":{"line":52,"column":null}},"11":{"start":{"line":57,"column":4},"end":{"line":57,"column":43}},"12":{"start":{"line":14,"column":13},"end":{"line":59,"column":null}}},"fnMap":{"0":{"name":"(anonymous_0)","decl":{"start":{"line":19,"column":2},"end":{"line":19,"column":null}},"loc":{"start":{"line":21,"column":33},"end":{"line":22,"column":6}}},"1":{"name":"(anonymous_1)","decl":{"start":{"line":26,"column":2},"end":{"line":26,"column":7}},"loc":{"start":{"line":26,"column":14},"end":{"line":39,"column":3}}},"2":{"name":"(anonymous_2)","decl":{"start":{"line":41,"column":2},"end":{"line":41,"column":7}},"loc":{"start":{"line":41,"column":17},"end":{"line":54,"column":3}}},"3":{"name":"(anonymous_3)","decl":{"start":{"line":56,"column":2},"end":{"line":56,"column":16}},"loc":{"start":{"line":56,"column":16},"end":{"line":58,"column":3}}}},"branchMap":{},"s":{"0":21,"1":21,"2":21,"3":0,"4":0,"5":0,"6":0,"7":0,"8":0,"9":0,"10":0,"11":1,"12":1},"f":{"0":21,"1":0,"2":0,"3":1},"b":{}}
,"/app/src/app/components/reviews/reviews.component.ts": {"path":"/app/src/app/components/reviews/reviews.component.ts","statementMap":{"0":{"start":{"line":21,"column":12},"end":{"line":21,"column":40}},"1":{"start":{"line":22,"column":12},"end":{"line":22,"column":29}},"2":{"start":{"line":23,"column":12},"end":{"line":23,"column":33}},"3":{"start":{"line":18,"column":12},"end":{"line":18,"column":null}},"4":{"start":{"line":31,"column":4},"end":{"line":45,"column":7}},"5":{"start":{"line":33,"column":26},"end":{"line":33,"column":80}},"6":{"start":{"line":33,"column":77},"end":{"line":33,"column":78}},"7":{"start":{"line":34,"column":26},"end":{"line":34,"column":49}},"8":{"start":{"line":35,"column":26},"end":{"line":37,"column":29}},"9":{"start":{"line":36,"column":28},"end":{"line":36,"column":66}},"10":{"start":{"line":38,"column":26},"end":{"line":42,"column":null}},"11":{"start":{"line":38,"column":51},"end":{"line":38,"column":72}},"12":{"start":{"line":40,"column":40},"end":{"line":40,"column":130}},"13":{"start":{"line":40,"column":95},"end":{"line":40,"column":126}},"14":{"start":{"line":41,"column":28},"end":{"line":41,"column":88}},"15":{"start":{"line":43,"column":26},"end":{"line":43,"column":79}},"16":{"start":{"line":49,"column":22},"end":{"line":52,"column":6}},"17":{"start":{"line":53,"column":4},"end":{"line":69,"column":7}},"18":{"start":{"line":54,"column":6},"end":{"line":68,"column":null}},"19":{"start":{"line":55,"column":8},"end":{"line":67,"column":null}},"20":{"start":{"line":56,"column":10},"end":{"line":56,"column":71}},"21":{"start":{"line":57,"column":10},"end":{"line":60,"column":null}},"22":{"start":{"line":63,"column":10},"end":{"line":66,"column":null}},"23":{"start":{"line":73,"column":4},"end":{"line":73,"column":40}},"24":{"start":{"line":73,"column":29},"end":{"line":73,"column":40}},"25":{"start":{"line":74,"column":4},"end":{"line":74,"column":60}},"26":{"start":{"line":78,"column":6},"end":{"line":78,"column":38}},"27":{"start":{"line":82,"column":4},"end":{"line":82,"column":37}},"28":{"start":{"line":15,"column":13},"end":{"line":84,"column":null}}},"fnMap":{"0":{"name":"(anonymous_0)","decl":{"start":{"line":20,"column":2},"end":{"line":20,"column":null}},"loc":{"start":{"line":23,"column":33},"end":{"line":24,"column":6}}},"1":{"name":"(anonymous_1)","decl":{"start":{"line":30,"column":2},"end":{"line":30,"column":10}},"loc":{"start":{"line":30,"column":10},"end":{"line":46,"column":3}}},"2":{"name":"(anonymous_2)","decl":{"start":{"line":32,"column":35},"end":{"line":32,"column":42}},"loc":{"start":{"line":32,"column":45},"end":{"line":45,"column":5}}},"3":{"name":"(anonymous_3)","decl":{"start":{"line":33,"column":71},"end":{"line":33,"column":74}},"loc":{"start":{"line":33,"column":77},"end":{"line":33,"column":78}}},"4":{"name":"(anonymous_4)","decl":{"start":{"line":35,"column":42},"end":{"line":35,"column":43}},"loc":{"start":{"line":35,"column":53},"end":{"line":37,"column":27}}},"5":{"name":"(anonymous_5)","decl":{"start":{"line":40,"column":64},"end":{"line":40,"column":65}},"loc":{"start":{"line":40,"column":95},"end":{"line":40,"column":126}}},"6":{"name":"(anonymous_6)","decl":{"start":{"line":48,"column":2},"end":{"line":48,"column":12}},"loc":{"start":{"line":48,"column":12},"end":{"line":70,"column":3}}},"7":{"name":"(anonymous_7)","decl":{"start":{"line":53,"column":38},"end":{"line":53,"column":43}},"loc":{"start":{"line":53,"column":51},"end":{"line":69,"column":5}}},"8":{"name":"(anonymous_8)","decl":{"start":{"line":72,"column":2},"end":{"line":72,"column":18}},"loc":{"start":{"line":72,"column":32},"end":{"line":75,"column":3}}},"9":{"name":"(anonymous_9)","decl":{"start":{"line":77,"column":2},"end":{"line":77,"column":13}},"loc":{"start":{"line":77,"column":13},"end":{"line":79,"column":3}}},"10":{"name":"(anonymous_10)","decl":{"start":{"line":81,"column":10},"end":{"line":81,"column":23}},"loc":{"start":{"line":81,"column":23},"end":{"line":83,"column":3}}}},"branchMap":{"0":{"loc":{"start":{"line":38,"column":26},"end":{"line":42,"column":null}},"type":"if","locations":[{"start":{"line":38,"column":26},"end":{"line":42,"column":null}},{"start":{"line":39,"column":31},"end":{"line":42,"column":null}}]},"1":{"loc":{"start":{"line":54,"column":6},"end":{"line":68,"column":null}},"type":"if","locations":[{"start":{"line":54,"column":6},"end":{"line":68,"column":null}}]},"2":{"loc":{"start":{"line":73,"column":4},"end":{"line":73,"column":40}},"type":"if","locations":[{"start":{"line":73,"column":4},"end":{"line":73,"column":40}}]}},"s":{"0":12,"1":12,"2":12,"3":12,"4":12,"5":12,"6":60,"7":12,"8":12,"9":36,"10":12,"11":0,"12":12,"13":60,"14":12,"15":12,"16":0,"17":0,"18":0,"19":0,"20":0,"21":0,"22":0,"23":360,"24":0,"25":360,"26":12,"27":372,"28":1},"f":{"0":12,"1":12,"2":12,"3":60,"4":36,"5":60,"6":0,"7":0,"8":360,"9":12,"10":372},"b":{"0":[0,12],"1":[0],"2":[0]}}
,"/app/src/app/components/signup/signup.component.ts": {"path":"/app/src/app/components/signup/signup.component.ts","statementMap":{"0":{"start":{"line":8,"column":7},"end":{"line":10,"column":null}},"1":{"start":{"line":8,"column":13},"end":{"line":10,"column":null}}},"fnMap":{},"branchMap":{},"s":{"0":1,"1":1},"f":{},"b":{}}
,"/app/src/app/components/signup-form/signup-form.component.ts": {"path":"/app/src/app/components/signup-form/signup-form.component.ts","statementMap":{"0":{"start":{"line":10,"column":2},"end":{"line":19,"column":4}},"1":{"start":{"line":11,"column":21},"end":{"line":11,"column":51}},"2":{"start":{"line":12,"column":28},"end":{"line":12,"column":65}},"3":{"start":{"line":14,"column":4},"end":{"line":18,"column":null}},"4":{"start":{"line":15,"column":6},"end":{"line":15,"column":40}},"5":{"start":{"line":17,"column":6},"end":{"line":17,"column":18}},"6":{"start":{"line":46,"column":12},"end":{"line":46,"column":26}},"7":{"start":{"line":47,"column":12},"end":{"line":47,"column":36}},"8":{"start":{"line":48,"column":12},"end":{"line":48,"column":36}},"9":{"start":{"line":49,"column":12},"end":{"line":49,"column":33}},"10":{"start":{"line":29,"column":2},"end":{"line":43,"column":4}},"11":{"start":{"line":53,"column":4},"end":{"line":53,"column":40}},"12":{"start":{"line":57,"column":4},"end":{"line":57,"column":43}},"13":{"start":{"line":61,"column":4},"end":{"line":61,"column":50}},"14":{"start":{"line":65,"column":4},"end":{"line":65,"column":43}},"15":{"start":{"line":69,"column":42},"end":{"line":69,"column":63}},"16":{"start":{"line":71,"column":4},"end":{"line":73,"column":null}},"17":{"start":{"line":72,"column":6},"end":{"line":72,"column":13}},"18":{"start":{"line":75,"column":4},"end":{"line":89,"column":null}},"19":{"start":{"line":76,"column":29},"end":{"line":76,"column":75}},"20":{"start":{"line":77,"column":22},"end":{"line":77,"column":57}},"21":{"start":{"line":78,"column":6},"end":{"line":78,"column":71}},"22":{"start":{"line":79,"column":6},"end":{"line":82,"column":null}},"23":{"start":{"line":83,"column":6},"end":{"line":83,"column":39}},"24":{"start":{"line":85,"column":6},"end":{"line":88,"column":null}},"25":{"start":{"line":27,"column":13},"end":{"line":91,"column":null}}},"fnMap":{"0":{"name":"passwordsMatchValidator","decl":{"start":{"line":9,"column":16},"end":{"line":9,"column":39}},"loc":{"start":{"line":9,"column":39},"end":{"line":20,"column":1}}},"1":{"name":"(anonymous_1)","decl":{"start":{"line":10,"column":9},"end":{"line":10,"column":10}},"loc":{"start":{"line":10,"column":63},"end":{"line":19,"column":3}}},"2":{"name":"(anonymous_2)","decl":{"start":{"line":45,"column":2},"end":{"line":45,"column":null}},"loc":{"start":{"line":49,"column":33},"end":{"line":50,"column":6}}},"3":{"name":"(anonymous_3)","decl":{"start":{"line":52,"column":2},"end":{"line":52,"column":6}},"loc":{"start":{"line":52,"column":11},"end":{"line":54,"column":3}}},"4":{"name":"(anonymous_4)","decl":{"start":{"line":56,"column":2},"end":{"line":56,"column":6}},"loc":{"start":{"line":56,"column":14},"end":{"line":58,"column":3}}},"5":{"name":"(anonymous_5)","decl":{"start":{"line":60,"column":2},"end":{"line":60,"column":6}},"loc":{"start":{"line":60,"column":21},"end":{"line":62,"column":3}}},"6":{"name":"(anonymous_6)","decl":{"start":{"line":64,"column":2},"end":{"line":64,"column":6}},"loc":{"start":{"line":64,"column":14},"end":{"line":66,"column":3}}},"7":{"name":"(anonymous_7)","decl":{"start":{"line":68,"column":2},"end":{"line":68,"column":7}},"loc":{"start":{"line":68,"column":16},"end":{"line":90,"column":3}}}},"branchMap":{"0":{"loc":{"start":{"line":14,"column":4},"end":{"line":18,"column":null}},"type":"if","locations":[{"start":{"line":14,"column":4},"end":{"line":18,"column":null}},{"start":{"line":16,"column":11},"end":{"line":18,"column":null}}]},"1":{"loc":{"start":{"line":14,"column":8},"end":{"line":14,"column":67}},"type":"binary-expr","locations":[{"start":{"line":14,"column":8},"end":{"line":14,"column":16}},{"start":{"line":14,"column":20},"end":{"line":14,"column":35}},{"start":{"line":14,"column":39},"end":{"line":14,"column":67}}]},"2":{"loc":{"start":{"line":71,"column":4},"end":{"line":73,"column":null}},"type":"if","locations":[{"start":{"line":71,"column":4},"end":{"line":73,"column":null}}]},"3":{"loc":{"start":{"line":71,"column":8},"end":{"line":71,"column":66}},"type":"binary-expr","locations":[{"start":{"line":71,"column":8},"end":{"line":71,"column":30}},{"start":{"line":71,"column":34},"end":{"line":71,"column":43}},{"start":{"line":71,"column":47},"end":{"line":71,"column":56}},{"start":{"line":71,"column":60},"end":{"line":71,"column":66}}]}},"s":{"0":1,"1":1,"2":1,"3":1,"4":0,"5":1,"6":1,"7":1,"8":1,"9":1,"10":1,"11":8,"12":6,"13":4,"14":4,"15":0,"16":0,"17":0,"18":0,"19":0,"20":0,"21":0,"22":0,"23":0,"24":0,"25":1},"f":{"0":1,"1":1,"2":1,"3":8,"4":6,"5":4,"6":4,"7":0},"b":{"0":[0,1],"1":[1,0,0],"2":[0],"3":[0,0,0,0]}}
,"/app/src/app/components/tag/tag.component.ts": {"path":"/app/src/app/components/tag/tag.component.ts","statementMap":{"0":{"start":{"line":19,"column":16},"end":{"line":19,"column":52}},"1":{"start":{"line":20,"column":16},"end":{"line":20,"column":37}},"2":{"start":{"line":21,"column":16},"end":{"line":21,"column":53}},"3":{"start":{"line":25,"column":8},"end":{"line":27,"column":null}},"4":{"start":{"line":26,"column":12},"end":{"line":26,"column":45}},"5":{"start":{"line":31,"column":35},"end":{"line":31,"column":107}},"6":{"start":{"line":31,"column":72},"end":{"line":31,"column":106}},"7":{"start":{"line":32,"column":8},"end":{"line":32,"column":76}},"8":{"start":{"line":36,"column":8},"end":{"line":44,"column":null}},"9":{"start":{"line":37,"column":12},"end":{"line":40,"column":15}},"10":{"start":{"line":42,"column":24},"end":{"line":42,"column":53}},"11":{"start":{"line":43,"column":12},"end":{"line":43,"column":38}},"12":{"start":{"line":48,"column":8},"end":{"line":48,"column":31}},"13":{"start":{"line":52,"column":8},"end":{"line":52,"column":40}},"14":{"start":{"line":13,"column":13},"end":{"line":54,"column":null}}},"fnMap":{"0":{"name":"(anonymous_0)","decl":{"start":{"line":18,"column":4},"end":{"line":18,"column":null}},"loc":{"start":{"line":21,"column":53},"end":{"line":22,"column":8}}},"1":{"name":"(anonymous_1)","decl":{"start":{"line":24,"column":4},"end":{"line":24,"column":12}},"loc":{"start":{"line":24,"column":12},"end":{"line":28,"column":5}}},"2":{"name":"(anonymous_2)","decl":{"start":{"line":25,"column":79},"end":{"line":25,"column":91}},"loc":{"start":{"line":25,"column":94},"end":{"line":27,"column":9}}},"3":{"name":"(anonymous_3)","decl":{"start":{"line":30,"column":4},"end":{"line":30,"column":17}},"loc":{"start":{"line":30,"column":40},"end":{"line":33,"column":5}}},"4":{"name":"(anonymous_4)","decl":{"start":{"line":31,"column":58},"end":{"line":31,"column":68}},"loc":{"start":{"line":31,"column":72},"end":{"line":31,"column":106}}},"5":{"name":"(anonymous_5)","decl":{"start":{"line":35,"column":4},"end":{"line":35,"column":8}},"loc":{"start":{"line":35,"column":10},"end":{"line":45,"column":5}}},"6":{"name":"(anonymous_6)","decl":{"start":{"line":47,"column":4},"end":{"line":47,"column":9}},"loc":{"start":{"line":47,"column":9},"end":{"line":49,"column":5}}},"7":{"name":"(anonymous_7)","decl":{"start":{"line":51,"column":4},"end":{"line":51,"column":15}},"loc":{"start":{"line":51,"column":15},"end":{"line":53,"column":5}}}},"branchMap":{"0":{"loc":{"start":{"line":32,"column":23},"end":{"line":32,"column":75}},"type":"cond-expr","locations":[{"start":{"line":32,"column":44},"end":{"line":32,"column":70}},{"start":{"line":32,"column":73},"end":{"line":32,"column":75}}]},"1":{"loc":{"start":{"line":36,"column":8},"end":{"line":44,"column":null}},"type":"if","locations":[{"start":{"line":36,"column":8},"end":{"line":44,"column":null}},{"start":{"line":41,"column":15},"end":{"line":44,"column":null}}]},"2":{"loc":{"start":{"line":36,"column":11},"end":{"line":36,"column":49}},"type":"binary-expr","locations":[{"start":{"line":36,"column":11},"end":{"line":36,"column":30}},{"start":{"line":36,"column":34},"end":{"line":36,"column":49}}]}},"s":{"0":5,"1":5,"2":5,"3":5,"4":5,"5":2,"6":4,"7":2,"8":2,"9":1,"10":1,"11":1,"12":1,"13":5,"14":1},"f":{"0":5,"1":5,"2":5,"3":2,"4":4,"5":2,"6":1,"7":5},"b":{"0":[2,0],"1":[1,1],"2":[2,1]}}
,"/app/src/app/components/user-book-requests/user-book-requests.component.ts": {"path":"/app/src/app/components/user-book-requests/user-book-requests.component.ts","statementMap":{"0":{"start":{"line":17,"column":12},"end":{"line":17,"column":36}},"1":{"start":{"line":18,"column":12},"end":{"line":18,"column":36}},"2":{"start":{"line":20,"column":2},"end":{"line":20,"column":84}},"3":{"start":{"line":21,"column":2},"end":{"line":21,"column":46}},"4":{"start":{"line":27,"column":4},"end":{"line":34,"column":null}},"5":{"start":{"line":29,"column":8},"end":{"line":29,"column":70}},"6":{"start":{"line":33,"column":6},"end":{"line":33,"column":35}},"7":{"start":{"line":38,"column":4},"end":{"line":38,"column":37}},"8":{"start":{"line":42,"column":4},"end":{"line":42,"column":36}},"9":{"start":{"line":14,"column":13},"end":{"line":44,"column":null}}},"fnMap":{"0":{"name":"(anonymous_0)","decl":{"start":{"line":16,"column":2},"end":{"line":16,"column":null}},"loc":{"start":{"line":18,"column":36},"end":{"line":19,"column":6}}},"1":{"name":"(anonymous_1)","decl":{"start":{"line":26,"column":2},"end":{"line":26,"column":10}},"loc":{"start":{"line":26,"column":10},"end":{"line":35,"column":3}}},"2":{"name":"(anonymous_2)","decl":{"start":{"line":28,"column":16},"end":{"line":28,"column":23}},"loc":{"start":{"line":28,"column":26},"end":{"line":30,"column":7}}},"3":{"name":"(anonymous_3)","decl":{"start":{"line":32,"column":15},"end":{"line":32,"column":20}},"loc":{"start":{"line":32,"column":23},"end":{"line":34,"column":5}}},"4":{"name":"(anonymous_4)","decl":{"start":{"line":37,"column":2},"end":{"line":37,"column":17}},"loc":{"start":{"line":37,"column":17},"end":{"line":39,"column":3}}},"5":{"name":"(anonymous_5)","decl":{"start":{"line":41,"column":2},"end":{"line":41,"column":13}},"loc":{"start":{"line":41,"column":13},"end":{"line":43,"column":3}}}},"branchMap":{},"s":{"0":2,"1":2,"2":2,"3":2,"4":2,"5":2,"6":2,"7":2,"8":2,"9":1},"f":{"0":2,"1":2,"2":2,"3":2,"4":2,"5":2},"b":{}}
,"/app/src/app/models/book.ts": {"path":"/app/src/app/models/book.ts","statementMap":{"0":{"start":{"line":12,"column":6},"end":{"line":12,"column":26}},"1":{"start":{"line":13,"column":6},"end":{"line":13,"column":28}},"2":{"start":{"line":14,"column":6},"end":{"line":14,"column":38}},"3":{"start":{"line":15,"column":6},"end":{"line":15,"column":26}},"4":{"start":{"line":16,"column":6},"end":{"line":16,"column":24}},"5":{"start":{"line":17,"column":6},"end":{"line":17,"column":28}},"6":{"start":{"line":18,"column":6},"end":{"line":18,"column":34}},"7":{"start":{"line":19,"column":6},"end":{"line":19,"column":20}},"8":{"start":{"line":23,"column":6},"end":{"line":23,"column":25}},"9":{"start":{"line":27,"column":6},"end":{"line":27,"column":26}},"10":{"start":{"line":31,"column":6},"end":{"line":31,"column":26}},"11":{"start":{"line":35,"column":6},"end":{"line":35,"column":27}},"12":{"start":{"line":39,"column":6},"end":{"line":39,"column":31}},"13":{"start":{"line":43,"column":6},"end":{"line":43,"column":32}},"14":{"start":{"line":47,"column":6},"end":{"line":47,"column":25}},"15":{"start":{"line":51,"column":6},"end":{"line":51,"column":26}},"16":{"start":{"line":55,"column":6},"end":{"line":55,"column":24}},"17":{"start":{"line":59,"column":6},"end":{"line":59,"column":25}},"18":{"start":{"line":63,"column":6},"end":{"line":63,"column":26}},"19":{"start":{"line":67,"column":6},"end":{"line":67,"column":27}},"20":{"start":{"line":71,"column":6},"end":{"line":71,"column":29}},"21":{"start":{"line":75,"column":6},"end":{"line":75,"column":30}},"22":{"start":{"line":79,"column":6},"end":{"line":79,"column":22}},"23":{"start":{"line":83,"column":6},"end":{"line":83,"column":23}},"24":{"start":{"line":87,"column":8},"end":{"line":87,"column":40}},"25":{"start":{"line":91,"column":8},"end":{"line":99,"column":10}}},"fnMap":{"0":{"name":"(anonymous_0)","decl":{"start":{"line":11,"column":4},"end":{"line":11,"column":16}},"loc":{"start":{"line":11,"column":145},"end":{"line":20,"column":5}}},"1":{"name":"(anonymous_1)","decl":{"start":{"line":22,"column":4},"end":{"line":22,"column":8}},"loc":{"start":{"line":22,"column":13},"end":{"line":24,"column":5}}},"2":{"name":"(anonymous_2)","decl":{"start":{"line":26,"column":4},"end":{"line":26,"column":8}},"loc":{"start":{"line":26,"column":27},"end":{"line":28,"column":5}}},"3":{"name":"(anonymous_3)","decl":{"start":{"line":30,"column":4},"end":{"line":30,"column":8}},"loc":{"start":{"line":30,"column":14},"end":{"line":32,"column":5}}},"4":{"name":"(anonymous_4)","decl":{"start":{"line":34,"column":4},"end":{"line":34,"column":8}},"loc":{"start":{"line":34,"column":28},"end":{"line":36,"column":5}}},"5":{"name":"(anonymous_5)","decl":{"start":{"line":38,"column":4},"end":{"line":38,"column":8}},"loc":{"start":{"line":38,"column":19},"end":{"line":40,"column":5}}},"6":{"name":"(anonymous_6)","decl":{"start":{"line":42,"column":4},"end":{"line":42,"column":8}},"loc":{"start":{"line":42,"column":33},"end":{"line":44,"column":5}}},"7":{"name":"(anonymous_7)","decl":{"start":{"line":46,"column":4},"end":{"line":46,"column":8}},"loc":{"start":{"line":46,"column":13},"end":{"line":48,"column":5}}},"8":{"name":"(anonymous_8)","decl":{"start":{"line":50,"column":4},"end":{"line":50,"column":8}},"loc":{"start":{"line":50,"column":27},"end":{"line":52,"column":5}}},"9":{"name":"(anonymous_9)","decl":{"start":{"line":54,"column":4},"end":{"line":54,"column":8}},"loc":{"start":{"line":54,"column":12},"end":{"line":56,"column":5}}},"10":{"name":"(anonymous_10)","decl":{"start":{"line":58,"column":4},"end":{"line":58,"column":8}},"loc":{"start":{"line":58,"column":28},"end":{"line":60,"column":5}}},"11":{"name":"(anonymous_11)","decl":{"start":{"line":62,"column":4},"end":{"line":62,"column":8}},"loc":{"start":{"line":62,"column":14},"end":{"line":64,"column":5}}},"12":{"name":"(anonymous_12)","decl":{"start":{"line":66,"column":4},"end":{"line":66,"column":8}},"loc":{"start":{"line":66,"column":28},"end":{"line":68,"column":5}}},"13":{"name":"(anonymous_13)","decl":{"start":{"line":70,"column":4},"end":{"line":70,"column":8}},"loc":{"start":{"line":70,"column":17},"end":{"line":72,"column":5}}},"14":{"name":"(anonymous_14)","decl":{"start":{"line":74,"column":4},"end":{"line":74,"column":8}},"loc":{"start":{"line":74,"column":31},"end":{"line":76,"column":5}}},"15":{"name":"(anonymous_15)","decl":{"start":{"line":78,"column":4},"end":{"line":78,"column":8}},"loc":{"start":{"line":78,"column":10},"end":{"line":80,"column":5}}},"16":{"name":"(anonymous_16)","decl":{"start":{"line":82,"column":4},"end":{"line":82,"column":8}},"loc":{"start":{"line":82,"column":36},"end":{"line":84,"column":5}}},"17":{"name":"(anonymous_17)","decl":{"start":{"line":86,"column":4},"end":{"line":86,"column":10}},"loc":{"start":{"line":86,"column":22},"end":{"line":88,"column":5}}},"18":{"name":"(anonymous_18)","decl":{"start":{"line":90,"column":4},"end":{"line":90,"column":10}},"loc":{"start":{"line":90,"column":10},"end":{"line":100,"column":5}}}},"branchMap":{},"s":{"0":18,"1":18,"2":18,"3":18,"4":18,"5":18,"6":18,"7":18,"8":109,"9":0,"10":100,"11":0,"12":64,"13":0,"14":100,"15":0,"16":76,"17":0,"18":8,"19":0,"20":0,"21":0,"22":142,"23":0,"24":0,"25":0},"f":{"0":18,"1":109,"2":0,"3":100,"4":0,"5":64,"6":0,"7":100,"8":0,"9":76,"10":0,"11":8,"12":0,"13":0,"14":0,"15":142,"16":0,"17":0,"18":0},"b":{}}
,"/app/src/app/models/comment.ts": {"path":"/app/src/app/models/comment.ts","statementMap":{"0":{"start":{"line":8,"column":6},"end":{"line":8,"column":20}},"1":{"start":{"line":9,"column":6},"end":{"line":9,"column":34}},"2":{"start":{"line":10,"column":6},"end":{"line":10,"column":24}},"3":{"start":{"line":11,"column":6},"end":{"line":11,"column":24}},"4":{"start":{"line":15,"column":6},"end":{"line":15,"column":22}},"5":{"start":{"line":19,"column":6},"end":{"line":19,"column":29}},"6":{"start":{"line":23,"column":6},"end":{"line":23,"column":24}},"7":{"start":{"line":27,"column":6},"end":{"line":27,"column":24}},"8":{"start":{"line":32,"column":6},"end":{"line":32,"column":23}},"9":{"start":{"line":36,"column":6},"end":{"line":36,"column":30}},"10":{"start":{"line":40,"column":6},"end":{"line":40,"column":25}},"11":{"start":{"line":44,"column":6},"end":{"line":44,"column":25}},"12":{"start":{"line":48,"column":6},"end":{"line":52,"column":8}}},"fnMap":{"0":{"name":"(anonymous_0)","decl":{"start":{"line":7,"column":4},"end":{"line":7,"column":16}},"loc":{"start":{"line":7,"column":72},"end":{"line":12,"column":5}}},"1":{"name":"(anonymous_1)","decl":{"start":{"line":14,"column":4},"end":{"line":14,"column":8}},"loc":{"start":{"line":14,"column":10},"end":{"line":16,"column":5}}},"2":{"name":"(anonymous_2)","decl":{"start":{"line":18,"column":4},"end":{"line":18,"column":8}},"loc":{"start":{"line":18,"column":17},"end":{"line":20,"column":5}}},"3":{"name":"(anonymous_3)","decl":{"start":{"line":22,"column":4},"end":{"line":22,"column":8}},"loc":{"start":{"line":22,"column":12},"end":{"line":24,"column":5}}},"4":{"name":"(anonymous_4)","decl":{"start":{"line":26,"column":4},"end":{"line":26,"column":8}},"loc":{"start":{"line":26,"column":12},"end":{"line":28,"column":5}}},"5":{"name":"(anonymous_5)","decl":{"start":{"line":31,"column":4},"end":{"line":31,"column":8}},"loc":{"start":{"line":31,"column":24},"end":{"line":33,"column":5}}},"6":{"name":"(anonymous_6)","decl":{"start":{"line":35,"column":4},"end":{"line":35,"column":8}},"loc":{"start":{"line":35,"column":31},"end":{"line":37,"column":5}}},"7":{"name":"(anonymous_7)","decl":{"start":{"line":39,"column":4},"end":{"line":39,"column":8}},"loc":{"start":{"line":39,"column":26},"end":{"line":41,"column":5}}},"8":{"name":"(anonymous_8)","decl":{"start":{"line":43,"column":4},"end":{"line":43,"column":8}},"loc":{"start":{"line":43,"column":24},"end":{"line":45,"column":5}}},"9":{"name":"(anonymous_9)","decl":{"start":{"line":47,"column":4},"end":{"line":47,"column":10}},"loc":{"start":{"line":47,"column":10},"end":{"line":53,"column":5}}}},"branchMap":{},"s":{"0":8,"1":8,"2":8,"3":8,"4":0,"5":32,"6":32,"7":32,"8":0,"9":0,"10":0,"11":0,"12":0},"f":{"0":8,"1":0,"2":32,"3":32,"4":32,"5":0,"6":0,"7":0,"8":0,"9":0},"b":{}}
,"/app/src/app/models/reading-list.ts": {"path":"/app/src/app/models/reading-list.ts","statementMap":{"0":{"start":{"line":7,"column":8},"end":{"line":7,"column":28}},"1":{"start":{"line":11,"column":8},"end":{"line":11,"column":27}},"2":{"start":{"line":15,"column":8},"end":{"line":15,"column":28}},"3":{"start":{"line":19,"column":8},"end":{"line":19,"column":82}},"4":{"start":{"line":19,"column":51},"end":{"line":19,"column":80}}},"fnMap":{"0":{"name":"(anonymous_0)","decl":{"start":{"line":6,"column":4},"end":{"line":6,"column":16}},"loc":{"start":{"line":6,"column":29},"end":{"line":8,"column":5}}},"1":{"name":"(anonymous_1)","decl":{"start":{"line":10,"column":4},"end":{"line":10,"column":15}},"loc":{"start":{"line":10,"column":20},"end":{"line":12,"column":5}}},"2":{"name":"(anonymous_2)","decl":{"start":{"line":14,"column":4},"end":{"line":14,"column":15}},"loc":{"start":{"line":14,"column":34},"end":{"line":16,"column":5}}},"3":{"name":"(anonymous_3)","decl":{"start":{"line":18,"column":11},"end":{"line":18,"column":18}},"loc":{"start":{"line":18,"column":33},"end":{"line":20,"column":5}}},"4":{"name":"(anonymous_4)","decl":{"start":{"line":19,"column":32},"end":{"line":19,"column":47}},"loc":{"start":{"line":19,"column":51},"end":{"line":19,"column":80}}}},"branchMap":{},"s":{"0":13,"1":3,"2":0,"3":24,"4":44},"f":{"0":13,"1":3,"2":0,"3":24,"4":44},"b":{}}
,"/app/src/app/models/review.ts": {"path":"/app/src/app/models/review.ts","statementMap":{"0":{"start":{"line":10,"column":6},"end":{"line":10,"column":20}},"1":{"start":{"line":11,"column":6},"end":{"line":11,"column":32}},"2":{"start":{"line":12,"column":6},"end":{"line":12,"column":24}},"3":{"start":{"line":13,"column":6},"end":{"line":13,"column":24}},"4":{"start":{"line":14,"column":6},"end":{"line":14,"column":28}},"5":{"start":{"line":15,"column":6},"end":{"line":15,"column":26}},"6":{"start":{"line":19,"column":6},"end":{"line":19,"column":22}},"7":{"start":{"line":23,"column":6},"end":{"line":23,"column":23}},"8":{"start":{"line":27,"column":6},"end":{"line":27,"column":28}},"9":{"start":{"line":31,"column":6},"end":{"line":31,"column":29}},"10":{"start":{"line":35,"column":6},"end":{"line":35,"column":24}},"11":{"start":{"line":39,"column":6},"end":{"line":39,"column":25}},"12":{"start":{"line":43,"column":6},"end":{"line":43,"column":24}},"13":{"start":{"line":47,"column":6},"end":{"line":47,"column":25}},"14":{"start":{"line":51,"column":6},"end":{"line":51,"column":26}},"15":{"start":{"line":55,"column":6},"end":{"line":55,"column":27}},"16":{"start":{"line":59,"column":6},"end":{"line":59,"column":25}},"17":{"start":{"line":63,"column":6},"end":{"line":63,"column":26}},"18":{"start":{"line":67,"column":8},"end":{"line":73,"column":10}}},"fnMap":{"0":{"name":"(anonymous_0)","decl":{"start":{"line":9,"column":4},"end":{"line":9,"column":16}},"loc":{"start":{"line":9,"column":104},"end":{"line":16,"column":5}}},"1":{"name":"(anonymous_1)","decl":{"start":{"line":18,"column":4},"end":{"line":18,"column":8}},"loc":{"start":{"line":18,"column":10},"end":{"line":20,"column":5}}},"2":{"name":"(anonymous_2)","decl":{"start":{"line":22,"column":4},"end":{"line":22,"column":8}},"loc":{"start":{"line":22,"column":36},"end":{"line":24,"column":5}}},"3":{"name":"(anonymous_3)","decl":{"start":{"line":26,"column":4},"end":{"line":26,"column":8}},"loc":{"start":{"line":26,"column":16},"end":{"line":28,"column":5}}},"4":{"name":"(anonymous_4)","decl":{"start":{"line":30,"column":4},"end":{"line":30,"column":8}},"loc":{"start":{"line":30,"column":30},"end":{"line":32,"column":5}}},"5":{"name":"(anonymous_5)","decl":{"start":{"line":34,"column":4},"end":{"line":34,"column":8}},"loc":{"start":{"line":34,"column":12},"end":{"line":36,"column":5}}},"6":{"name":"(anonymous_6)","decl":{"start":{"line":38,"column":4},"end":{"line":38,"column":8}},"loc":{"start":{"line":38,"column":26},"end":{"line":40,"column":5}}},"7":{"name":"(anonymous_7)","decl":{"start":{"line":42,"column":4},"end":{"line":42,"column":8}},"loc":{"start":{"line":42,"column":12},"end":{"line":44,"column":5}}},"8":{"name":"(anonymous_8)","decl":{"start":{"line":46,"column":4},"end":{"line":46,"column":8}},"loc":{"start":{"line":46,"column":24},"end":{"line":48,"column":5}}},"9":{"name":"(anonymous_9)","decl":{"start":{"line":50,"column":4},"end":{"line":50,"column":8}},"loc":{"start":{"line":50,"column":14},"end":{"line":52,"column":5}}},"10":{"name":"(anonymous_10)","decl":{"start":{"line":54,"column":4},"end":{"line":54,"column":8}},"loc":{"start":{"line":54,"column":28},"end":{"line":56,"column":5}}},"11":{"name":"(anonymous_11)","decl":{"start":{"line":58,"column":4},"end":{"line":58,"column":8}},"loc":{"start":{"line":58,"column":13},"end":{"line":60,"column":5}}},"12":{"name":"(anonymous_12)","decl":{"start":{"line":62,"column":4},"end":{"line":62,"column":8}},"loc":{"start":{"line":62,"column":29},"end":{"line":64,"column":5}}},"13":{"name":"(anonymous_13)","decl":{"start":{"line":66,"column":4},"end":{"line":66,"column":10}},"loc":{"start":{"line":66,"column":10},"end":{"line":74,"column":5}}}},"branchMap":{},"s":{"0":14,"1":14,"2":14,"3":14,"4":14,"5":14,"6":4,"7":0,"8":64,"9":0,"10":60,"11":0,"12":60,"13":0,"14":336,"15":0,"16":121,"17":0,"18":0},"f":{"0":14,"1":4,"2":0,"3":64,"4":0,"5":60,"6":0,"7":60,"8":0,"9":336,"10":0,"11":121,"12":0,"13":0},"b":{}}
,"/app/src/app/models/user.ts": {"path":"/app/src/app/models/user.ts","statementMap":{"0":{"start":{"line":8,"column":6},"end":{"line":8,"column":26}},"1":{"start":{"line":9,"column":6},"end":{"line":9,"column":32}},"2":{"start":{"line":10,"column":6},"end":{"line":10,"column":30}},"3":{"start":{"line":11,"column":6},"end":{"line":11,"column":20}},"4":{"start":{"line":15,"column":6},"end":{"line":15,"column":22}},"5":{"start":{"line":19,"column":6},"end":{"line":19,"column":20}},"6":{"start":{"line":23,"column":6},"end":{"line":23,"column":25}},"7":{"start":{"line":27,"column":6},"end":{"line":27,"column":26}},"8":{"start":{"line":31,"column":6},"end":{"line":31,"column":28}},"9":{"start":{"line":35,"column":6},"end":{"line":35,"column":32}},"10":{"start":{"line":39,"column":6},"end":{"line":39,"column":27}},"11":{"start":{"line":43,"column":6},"end":{"line":43,"column":30}},"12":{"start":{"line":47,"column":8},"end":{"line":51,"column":10}}},"fnMap":{"0":{"name":"(anonymous_0)","decl":{"start":{"line":7,"column":4},"end":{"line":7,"column":16}},"loc":{"start":{"line":7,"column":78},"end":{"line":12,"column":5}}},"1":{"name":"(anonymous_1)","decl":{"start":{"line":14,"column":4},"end":{"line":14,"column":8}},"loc":{"start":{"line":14,"column":10},"end":{"line":16,"column":5}}},"2":{"name":"(anonymous_2)","decl":{"start":{"line":18,"column":4},"end":{"line":18,"column":8}},"loc":{"start":{"line":18,"column":21},"end":{"line":20,"column":5}}},"3":{"name":"(anonymous_3)","decl":{"start":{"line":22,"column":4},"end":{"line":22,"column":8}},"loc":{"start":{"line":22,"column":13},"end":{"line":24,"column":5}}},"4":{"name":"(anonymous_4)","decl":{"start":{"line":26,"column":4},"end":{"line":26,"column":8}},"loc":{"start":{"line":26,"column":27},"end":{"line":28,"column":5}}},"5":{"name":"(anonymous_5)","decl":{"start":{"line":30,"column":4},"end":{"line":30,"column":8}},"loc":{"start":{"line":30,"column":16},"end":{"line":32,"column":5}}},"6":{"name":"(anonymous_6)","decl":{"start":{"line":34,"column":4},"end":{"line":34,"column":8}},"loc":{"start":{"line":34,"column":33},"end":{"line":36,"column":5}}},"7":{"name":"(anonymous_7)","decl":{"start":{"line":38,"column":4},"end":{"line":38,"column":8}},"loc":{"start":{"line":38,"column":15},"end":{"line":40,"column":5}}},"8":{"name":"(anonymous_8)","decl":{"start":{"line":42,"column":4},"end":{"line":42,"column":8}},"loc":{"start":{"line":42,"column":32},"end":{"line":44,"column":5}}},"9":{"name":"(anonymous_9)","decl":{"start":{"line":46,"column":4},"end":{"line":46,"column":10}},"loc":{"start":{"line":46,"column":10},"end":{"line":52,"column":7}}}},"branchMap":{},"s":{"0":12,"1":12,"2":12,"3":12,"4":13,"5":0,"6":0,"7":0,"8":91,"9":0,"10":36,"11":0,"12":0},"f":{"0":12,"1":13,"2":0,"3":0,"4":0,"5":91,"6":0,"7":36,"8":0,"9":0},"b":{}}
}
