{
  "/Users/devashish/Documents/North Carolina State University/Spring 2023/Software Engineering/Extra/Project/review-forum/src/app/models/book.ts": {
    "path": "/Users/devashish/Documents/North Carolina State University/Spring 2023/Software Engineering/Extra/Project/review-forum/src/app/models/book.ts",
    "statementMap": {
      "0": {
        "start": {
          "line": 3,
          "column": 4
        },
        "end": {
          "line": 3,
          "column": 24
        }
      },
      "1": {
        "start": {
          "line": 4,
          "column": 4
        },
        "end": {
          "line": 4,
          "column": 26
        }
      },
      "2": {
        "start": {
          "line": 5,
          "column": 4
        },
        "end": {
          "line": 5,
          "column": 36
        }
      },
      "3": {
        "start": {
          "line": 6,
          "column": 4
        },
        "end": {
          "line": 6,
          "column": 24
        }
      },
      "4": {
        "start": {
          "line": 7,
          "column": 4
        },
        "end": {
          "line": 7,
          "column": 22
        }
      },
      "5": {
        "start": {
          "line": 8,
          "column": 4
        },
        "end": {
          "line": 8,
          "column": 26
        }
      },
      "6": {
        "start": {
          "line": 9,
          "column": 4
        },
        "end": {
          "line": 9,
          "column": 32
        }
      },
      "7": {
        "start": {
          "line": 10,
          "column": 4
        },
        "end": {
          "line": 10,
          "column": 18
        }
      },
      "8": {
        "start": {
          "line": 13,
          "column": 4
        },
        "end": {
          "line": 13,
          "column": 23
        }
      },
      "9": {
        "start": {
          "line": 16,
          "column": 4
        },
        "end": {
          "line": 16,
          "column": 24
        }
      },
      "10": {
        "start": {
          "line": 19,
          "column": 4
        },
        "end": {
          "line": 19,
          "column": 24
        }
      },
      "11": {
        "start": {
          "line": 22,
          "column": 4
        },
        "end": {
          "line": 22,
          "column": 25
        }
      },
      "12": {
        "start": {
          "line": 25,
          "column": 4
        },
        "end": {
          "line": 25,
          "column": 29
        }
      },
      "13": {
        "start": {
          "line": 28,
          "column": 4
        },
        "end": {
          "line": 28,
          "column": 30
        }
      },
      "14": {
        "start": {
          "line": 31,
          "column": 4
        },
        "end": {
          "line": 31,
          "column": 23
        }
      },
      "15": {
        "start": {
          "line": 34,
          "column": 4
        },
        "end": {
          "line": 34,
          "column": 24
        }
      },
      "16": {
        "start": {
          "line": 37,
          "column": 4
        },
        "end": {
          "line": 37,
          "column": 22
        }
      },
      "17": {
        "start": {
          "line": 40,
          "column": 4
        },
        "end": {
          "line": 40,
          "column": 23
        }
      },
      "18": {
        "start": {
          "line": 43,
          "column": 4
        },
        "end": {
          "line": 43,
          "column": 24
        }
      },
      "19": {
        "start": {
          "line": 46,
          "column": 4
        },
        "end": {
          "line": 46,
          "column": 25
        }
      },
      "20": {
        "start": {
          "line": 49,
          "column": 4
        },
        "end": {
          "line": 49,
          "column": 27
        }
      },
      "21": {
        "start": {
          "line": 52,
          "column": 4
        },
        "end": {
          "line": 52,
          "column": 28
        }
      },
      "22": {
        "start": {
          "line": 55,
          "column": 4
        },
        "end": {
          "line": 55,
          "column": 20
        }
      },
      "23": {
        "start": {
          "line": 58,
          "column": 4
        },
        "end": {
          "line": 58,
          "column": 21
        }
      },
      "24": {
        "start": {
          "line": 61,
          "column": 4
        },
        "end": {
          "line": 61,
          "column": 36
        }
      },
      "25": {
        "start": {
          "line": 64,
          "column": 4
        },
        "end": {
          "line": 72,
          "column": 6
        }
      }
    },
    "fnMap": {
      "0": {
        "name": "(anonymous_0)",
        "decl": {
          "start": {
            "line": 2,
            "column": 2
          },
          "end": {
            "line": 2,
            "column": 3
          }
        },
        "loc": {
          "start": {
            "line": 2,
            "column": 78
          },
          "end": {
            "line": 11,
            "column": 3
          }
        },
        "line": 2
      },
      "1": {
        "name": "(anonymous_1)",
        "decl": {
          "start": {
            "line": 12,
            "column": 2
          },
          "end": {
            "line": 12,
            "column": 3
          }
        },
        "loc": {
          "start": {
            "line": 12,
            "column": 14
          },
          "end": {
            "line": 14,
            "column": 3
          }
        },
        "line": 12
      },
      "2": {
        "name": "(anonymous_2)",
        "decl": {
          "start": {
            "line": 15,
            "column": 2
          },
          "end": {
            "line": 15,
            "column": 3
          }
        },
        "loc": {
          "start": {
            "line": 15,
            "column": 19
          },
          "end": {
            "line": 17,
            "column": 3
          }
        },
        "line": 15
      },
      "3": {
        "name": "(anonymous_3)",
        "decl": {
          "start": {
            "line": 18,
            "column": 2
          },
          "end": {
            "line": 18,
            "column": 3
          }
        },
        "loc": {
          "start": {
            "line": 18,
            "column": 15
          },
          "end": {
            "line": 20,
            "column": 3
          }
        },
        "line": 18
      },
      "4": {
        "name": "(anonymous_4)",
        "decl": {
          "start": {
            "line": 21,
            "column": 2
          },
          "end": {
            "line": 21,
            "column": 3
          }
        },
        "loc": {
          "start": {
            "line": 21,
            "column": 20
          },
          "end": {
            "line": 23,
            "column": 3
          }
        },
        "line": 21
      },
      "5": {
        "name": "(anonymous_5)",
        "decl": {
          "start": {
            "line": 24,
            "column": 2
          },
          "end": {
            "line": 24,
            "column": 3
          }
        },
        "loc": {
          "start": {
            "line": 24,
            "column": 20
          },
          "end": {
            "line": 26,
            "column": 3
          }
        },
        "line": 24
      },
      "6": {
        "name": "(anonymous_6)",
        "decl": {
          "start": {
            "line": 27,
            "column": 2
          },
          "end": {
            "line": 27,
            "column": 3
          }
        },
        "loc": {
          "start": {
            "line": 27,
            "column": 25
          },
          "end": {
            "line": 29,
            "column": 3
          }
        },
        "line": 27
      },
      "7": {
        "name": "(anonymous_7)",
        "decl": {
          "start": {
            "line": 30,
            "column": 2
          },
          "end": {
            "line": 30,
            "column": 3
          }
        },
        "loc": {
          "start": {
            "line": 30,
            "column": 14
          },
          "end": {
            "line": 32,
            "column": 3
          }
        },
        "line": 30
      },
      "8": {
        "name": "(anonymous_8)",
        "decl": {
          "start": {
            "line": 33,
            "column": 2
          },
          "end": {
            "line": 33,
            "column": 3
          }
        },
        "loc": {
          "start": {
            "line": 33,
            "column": 19
          },
          "end": {
            "line": 35,
            "column": 3
          }
        },
        "line": 33
      },
      "9": {
        "name": "(anonymous_9)",
        "decl": {
          "start": {
            "line": 36,
            "column": 2
          },
          "end": {
            "line": 36,
            "column": 3
          }
        },
        "loc": {
          "start": {
            "line": 36,
            "column": 13
          },
          "end": {
            "line": 38,
            "column": 3
          }
        },
        "line": 36
      },
      "10": {
        "name": "(anonymous_10)",
        "decl": {
          "start": {
            "line": 39,
            "column": 2
          },
          "end": {
            "line": 39,
            "column": 3
          }
        },
        "loc": {
          "start": {
            "line": 39,
            "column": 18
          },
          "end": {
            "line": 41,
            "column": 3
          }
        },
        "line": 39
      },
      "11": {
        "name": "(anonymous_11)",
        "decl": {
          "start": {
            "line": 42,
            "column": 2
          },
          "end": {
            "line": 42,
            "column": 3
          }
        },
        "loc": {
          "start": {
            "line": 42,
            "column": 15
          },
          "end": {
            "line": 44,
            "column": 3
          }
        },
        "line": 42
      },
      "12": {
        "name": "(anonymous_12)",
        "decl": {
          "start": {
            "line": 45,
            "column": 2
          },
          "end": {
            "line": 45,
            "column": 3
          }
        },
        "loc": {
          "start": {
            "line": 45,
            "column": 20
          },
          "end": {
            "line": 47,
            "column": 3
          }
        },
        "line": 45
      },
      "13": {
        "name": "(anonymous_13)",
        "decl": {
          "start": {
            "line": 48,
            "column": 2
          },
          "end": {
            "line": 48,
            "column": 3
          }
        },
        "loc": {
          "start": {
            "line": 48,
            "column": 18
          },
          "end": {
            "line": 50,
            "column": 3
          }
        },
        "line": 48
      },
      "14": {
        "name": "(anonymous_14)",
        "decl": {
          "start": {
            "line": 51,
            "column": 2
          },
          "end": {
            "line": 51,
            "column": 3
          }
        },
        "loc": {
          "start": {
            "line": 51,
            "column": 23
          },
          "end": {
            "line": 53,
            "column": 3
          }
        },
        "line": 51
      },
      "15": {
        "name": "(anonymous_15)",
        "decl": {
          "start": {
            "line": 54,
            "column": 2
          },
          "end": {
            "line": 54,
            "column": 3
          }
        },
        "loc": {
          "start": {
            "line": 54,
            "column": 11
          },
          "end": {
            "line": 56,
            "column": 3
          }
        },
        "line": 54
      },
      "16": {
        "name": "(anonymous_16)",
        "decl": {
          "start": {
            "line": 57,
            "column": 2
          },
          "end": {
            "line": 57,
            "column": 3
          }
        },
        "loc": {
          "start": {
            "line": 57,
            "column": 16
          },
          "end": {
            "line": 59,
            "column": 3
          }
        },
        "line": 57
      },
      "17": {
        "name": "(anonymous_17)",
        "decl": {
          "start": {
            "line": 60,
            "column": 2
          },
          "end": {
            "line": 60,
            "column": 3
          }
        },
        "loc": {
          "start": {
            "line": 60,
            "column": 14
          },
          "end": {
            "line": 62,
            "column": 3
          }
        },
        "line": 60
      },
      "18": {
        "name": "(anonymous_18)",
        "decl": {
          "start": {
            "line": 63,
            "column": 2
          },
          "end": {
            "line": 63,
            "column": 3
          }
        },
        "loc": {
          "start": {
            "line": 63,
            "column": 11
          },
          "end": {
            "line": 73,
            "column": 3
          }
        },
        "line": 63
      }
    },
    "branchMap": {},
    "s": {
      "0": 8,
      "1": 8,
      "2": 8,
      "3": 8,
      "4": 8,
      "5": 8,
      "6": 8,
      "7": 8,
      "8": 437,
      "9": 0,
      "10": 434,
      "11": 0,
      "12": 238,
      "13": 0,
      "14": 434,
      "15": 0,
      "16": 434,
      "17": 0,
      "18": 6,
      "19": 0,
      "20": 2,
      "21": 0,
      "22": 661,
      "23": 0,
      "24": 0,
      "25": 2
    },
    "f": {
      "0": 8,
      "1": 437,
      "2": 0,
      "3": 434,
      "4": 0,
      "5": 238,
      "6": 0,
      "7": 434,
      "8": 0,
      "9": 434,
      "10": 0,
      "11": 6,
      "12": 0,
      "13": 2,
      "14": 0,
      "15": 661,
      "16": 0,
      "17": 0,
      "18": 2
    },
    "b": {},
    "inputSourceMap": {
      "version": 3,
      "mappings": "AAAA,OAAM,MAAOA,IAAI;EAUbC,YAAYC,KAAa,EAAEC,MAAc,EAAEC,WAAmB,EAAEC,KAAa,EAAEC,IAAc,EAAEC,MAAc,EAAEC,SAAiB,EAAEC,EAAW;IAC3I,IAAI,CAACC,MAAM,GAAGR,KAAK;IACnB,IAAI,CAACS,OAAO,GAAGR,MAAM;IACrB,IAAI,CAACS,YAAY,GAAGR,WAAW;IAC/B,IAAI,CAACS,MAAM,GAAGR,KAAK;IACnB,IAAI,CAACS,KAAK,GAAGR,IAAI;IACjB,IAAI,CAACS,OAAO,GAAGR,MAAM;IACrB,IAAI,CAACS,UAAU,GAAGR,SAAS;IAC3B,IAAI,CAACS,GAAG,GAAGR,EAAE;EACf;EAEA,IAAIP,KAAK;IACP,OAAO,IAAI,CAACQ,MAAM;EACpB;EAEA,IAAIR,KAAK,CAACgB,KAAa;IACrB,IAAI,CAACR,MAAM,GAAGQ,KAAK;EACrB;EAEA,IAAIf,MAAM;IACR,OAAO,IAAI,CAACQ,OAAO;EACrB;EAEA,IAAIR,MAAM,CAACe,KAAa;IACtB,IAAI,CAACP,OAAO,GAAGO,KAAK;EACtB;EAEA,IAAId,WAAW;IACb,OAAO,IAAI,CAACQ,YAAY;EAC1B;EAEA,IAAIR,WAAW,CAACc,KAAa;IAC3B,IAAI,CAACN,YAAY,GAAGM,KAAK;EAC3B;EAEA,IAAIb,KAAK;IACP,OAAO,IAAI,CAACQ,MAAM;EACpB;EAEA,IAAIR,KAAK,CAACa,KAAa;IACrB,IAAI,CAACL,MAAM,GAAGK,KAAK;EACrB;EAEA,IAAIZ,IAAI;IACN,OAAO,IAAI,CAACQ,KAAK;EACnB;EAEA,IAAIR,IAAI,CAACY,KAAe;IACtB,IAAI,CAACJ,KAAK,GAAGI,KAAK;EACpB;EAEA,IAAIX,MAAM;IACR,OAAO,IAAI,CAACQ,OAAO;EACrB;EAEA,IAAIR,MAAM,CAACW,KAAa;IACtB,IAAI,CAACH,OAAO,GAAGG,KAAK;EACtB;EAEA,IAAIV,SAAS;IACX,OAAO,IAAI,CAACQ,UAAU;EACxB;EAEA,IAAIR,SAAS,CAACU,KAAa;IACzB,IAAI,CAACF,UAAU,GAAGE,KAAK;EACzB;EAEA,IAAIT,EAAE;IACJ,OAAO,IAAI,CAACQ,GAAG;EACjB;EAEA,IAAIR,EAAE,CAACS,KAAyB;IAC9B,IAAI,CAACD,GAAG,GAAGC,KAAK;EAClB;EAEAC,MAAM,CAACC,GAAW;IACd,OAAO,IAAI,CAACN,KAAK,CAACO,QAAQ,CAACD,GAAG,CAAC;EACnC;EAEAE,MAAM;IACF,OAAO;MACLpB,KAAK,EAAE,IAAI,CAACA,KAAK;MACjBC,MAAM,EAAE,IAAI,CAACA,MAAM;MACnBC,WAAW,EAAE,IAAI,CAACA,WAAW;MAC7BC,KAAK,EAAE,IAAI,CAACA,KAAK;MACjBC,IAAI,EAAE,IAAI,CAACA,IAAI;MACfC,MAAM,EAAE,IAAI,CAACA,MAAM;MACnBC,SAAS,EAAE,IAAI,CAACA;KACjB;EACL",
      "names": [
        "Book",
        "constructor",
        "title",
        "author",
        "description",
        "image",
        "tags",
        "status",
        "requester",
        "id",
        "_title",
        "_author",
        "_description",
        "_image",
        "_tags",
        "_status",
        "_requester",
        "_id",
        "value",
        "hasTag",
        "tag",
        "includes",
        "toJSON"
      ],
      "sourceRoot": "",
      "sources": [
        "/Users/devashish/Documents/North Carolina State University/Spring 2023/Software Engineering/Extra/Project/review-forum/src/app/models/book.ts"
      ],
      "sourcesContent": [
        "export class Book {\n    private _title: string;\n    private _author: string;\n    private _description: string;\n    private _image: string;\n    private _tags: string[];\n    private _status: string;\n    private _requester: string;\n    private _id?: string;\n  \n    constructor(title: string, author: string, description: string, image: string, tags: string[], status: string, requester: string, id?: string) {\n      this._title = title;\n      this._author = author;\n      this._description = description;\n      this._image = image;\n      this._tags = tags;\n      this._status = status;\n      this._requester = requester;\n      this._id = id;\n    }\n  \n    get title(): string {\n      return this._title;\n    }\n  \n    set title(value: string) {\n      this._title = value;\n    }\n  \n    get author(): string {\n      return this._author;\n    }\n  \n    set author(value: string) {\n      this._author = value;\n    }\n  \n    get description(): string {\n      return this._description;\n    }\n  \n    set description(value: string) {\n      this._description = value;\n    }\n  \n    get image(): string {\n      return this._image;\n    }\n  \n    set image(value: string) {\n      this._image = value;\n    }\n  \n    get tags(): string[] {\n      return this._tags;\n    }\n  \n    set tags(value: string[]) {\n      this._tags = value;\n    }\n  \n    get status(): string {\n      return this._status;\n    }\n  \n    set status(value: string) {\n      this._status = value;\n    }\n\n    get requester(): string {\n      return this._requester;\n    }\n  \n    set requester(value: string) {\n      this._requester = value;\n    }\n  \n    get id(): string | undefined {\n      return this._id;\n    }\n  \n    set id(value: string | undefined) {\n      this._id = value;\n    }\n\n    hasTag(tag: string): boolean {\n        return this._tags.includes(tag);\n    }\n\n    toJSON(): any {\n        return {\n          title: this.title,\n          author: this.author,\n          description: this.description,\n          image: this.image,\n          tags: this.tags,\n          status: this.status,\n          requester: this.requester,\n        };\n    }\n  }\n  \n"
      ]
    },
    "_coverageSchema": "1a1c01bbd47fc00a2c39e90264f33305004495a9",
    "hash": "a72cece840e88651eef1b04bfafa2e6a687f7253"
  },
  "/Users/devashish/Documents/North Carolina State University/Spring 2023/Software Engineering/Extra/Project/review-forum/src/app/services/university.service.ts": {
    "path": "/Users/devashish/Documents/North Carolina State University/Spring 2023/Software Engineering/Extra/Project/review-forum/src/app/services/university.service.ts",
    "statementMap": {
      "0": {
        "start": {
          "line": 8,
          "column": 4
        },
        "end": {
          "line": 8,
          "column": 31
        }
      },
      "1": {
        "start": {
          "line": 11,
          "column": 36
        },
        "end": {
          "line": 11,
          "column": 102
        }
      },
      "2": {
        "start": {
          "line": 12,
          "column": 4
        },
        "end": {
          "line": 16,
          "column": 8
        }
      },
      "3": {
        "start": {
          "line": 15,
          "column": 6
        },
        "end": {
          "line": 15,
          "column": 26
        }
      },
      "4": {
        "start": {
          "line": 19,
          "column": 0
        },
        "end": {
          "line": 21,
          "column": 2
        }
      },
      "5": {
        "start": {
          "line": 20,
          "column": 2
        },
        "end": {
          "line": 20,
          "column": 65
        }
      },
      "6": {
        "start": {
          "line": 22,
          "column": 0
        },
        "end": {
          "line": 26,
          "column": 3
        }
      }
    },
    "fnMap": {
      "0": {
        "name": "(anonymous_0)",
        "decl": {
          "start": {
            "line": 7,
            "column": 2
          },
          "end": {
            "line": 7,
            "column": 3
          }
        },
        "loc": {
          "start": {
            "line": 7,
            "column": 25
          },
          "end": {
            "line": 9,
            "column": 3
          }
        },
        "line": 7
      },
      "1": {
        "name": "(anonymous_1)",
        "decl": {
          "start": {
            "line": 10,
            "column": 2
          },
          "end": {
            "line": 10,
            "column": 3
          }
        },
        "loc": {
          "start": {
            "line": 10,
            "column": 20
          },
          "end": {
            "line": 17,
            "column": 3
          }
        },
        "line": 10
      },
      "2": {
        "name": "(anonymous_2)",
        "decl": {
          "start": {
            "line": 14,
            "column": 16
          },
          "end": {
            "line": 14,
            "column": 17
          }
        },
        "loc": {
          "start": {
            "line": 14,
            "column": 32
          },
          "end": {
            "line": 16,
            "column": 5
          }
        },
        "line": 14
      },
      "3": {
        "name": "UniversityService_Factory",
        "decl": {
          "start": {
            "line": 19,
            "column": 34
          },
          "end": {
            "line": 19,
            "column": 59
          }
        },
        "loc": {
          "start": {
            "line": 19,
            "column": 63
          },
          "end": {
            "line": 21,
            "column": 1
          }
        },
        "line": 19
      }
    },
    "branchMap": {
      "0": {
        "loc": {
          "start": {
            "line": 20,
            "column": 14
          },
          "end": {
            "line": 20,
            "column": 36
          }
        },
        "type": "binary-expr",
        "locations": [
          {
            "start": {
              "line": 20,
              "column": 14
            },
            "end": {
              "line": 20,
              "column": 15
            }
          },
          {
            "start": {
              "line": 20,
              "column": 19
            },
            "end": {
              "line": 20,
              "column": 36
            }
          }
        ],
        "line": 20
      }
    },
    "s": {
      "0": 5,
      "1": 7,
      "2": 7,
      "3": 4,
      "4": 5,
      "5": 5,
      "6": 5
    },
    "f": {
      "0": 5,
      "1": 7,
      "2": 4,
      "3": 5
    },
    "b": {
      "0": [
        5,
        5
      ]
    },
    "inputSourceMap": {
      "version": 3,
      "mappings": "AACA,SAAQA,UAAU,EAAEC,cAAc,EAAaC,KAAK,QAAQ,yBAAyB;AAErF,SAASC,GAAG,QAAoB,MAAM;AACtC,SAASC,OAAO,QAAQ,oBAAoB;;;AAK5C,OAAM,MAAOC,iBAAiB;EAC5BC,YAAoBC,SAAoB;IAApB,cAAS,GAATA,SAAS;EAAe;EAE5CC,eAAe;IACb,MAAMC,uBAAuB,GAAGP,KAAK,CAACF,UAAU,CAAC,IAAI,CAACO,SAAS,EAAE,cAAc,CAAC,EAAEH,OAAO,CAAC,MAAM,CAAC,CAAC;IAClG,OAAOH,cAAc,CAACQ,uBAAuB,EAAE;MAAEC,OAAO,EAAE;IAAI,CAAE,CAAC,CACxDC,IAAI,CACHR,GAAG,CAACS,YAAY,IAAG;MACjB,OAAOA,YAA4B;IACrC,CAAC,CAAC,CACH;EACX;;AAXWP,iBAAiB;mBAAjBA,iBAAiB;AAAA;AAAjBA,iBAAiB;SAAjBA,iBAAiB;EAAAQ,SAAjBR,iBAAiB;EAAAS,YAFhB;AAAM",
      "names": [
        "collection",
        "collectionData",
        "query",
        "map",
        "orderBy",
        "UniversityService",
        "constructor",
        "firestore",
        "getUniversities",
        "universityCollectionRef",
        "idField",
        "pipe",
        "universities",
        "factory",
        "providedIn"
      ],
      "sourceRoot": "",
      "sources": [
        "/Users/devashish/Documents/North Carolina State University/Spring 2023/Software Engineering/Extra/Project/review-forum/src/app/services/university.service.ts"
      ],
      "sourcesContent": [
        "import { Injectable } from '@angular/core';\nimport {collection, collectionData, Firestore, query } from '@angular/fire/firestore';\nimport { University } from '../models/university';\nimport { map, Observable } from 'rxjs';\nimport { orderBy } from 'firebase/firestore';\n\n@Injectable({\n  providedIn: 'root'\n})\nexport class UniversityService {\n  constructor(private firestore: Firestore) { }\n\n  getUniversities(): Observable<University[]> {\n    const universityCollectionRef = query(collection(this.firestore, \"universities\"), orderBy('name'));\n    return collectionData(universityCollectionRef, { idField: 'id' })\n            .pipe(\n              map(universities => {\n                return universities as University[];\n              })\n            )\n  }\n}\n"
      ]
    },
    "_coverageSchema": "1a1c01bbd47fc00a2c39e90264f33305004495a9",
    "hash": "05e30a0dd960aaad1a472b7f67a588118339363e"
  },
  "/Users/devashish/Documents/North Carolina State University/Spring 2023/Software Engineering/Extra/Project/review-forum/src/app/services/book.service.ts": {
    "path": "/Users/devashish/Documents/North Carolina State University/Spring 2023/Software Engineering/Extra/Project/review-forum/src/app/services/book.service.ts",
    "statementMap": {
      "0": {
        "start": {
          "line": 9,
          "column": 4
        },
        "end": {
          "line": 9,
          "column": 31
        }
      },
      "1": {
        "start": {
          "line": 13,
          "column": 4
        },
        "end": {
          "line": 19,
          "column": 5
        }
      },
      "2": {
        "start": {
          "line": 14,
          "column": 6
        },
        "end": {
          "line": 14,
          "column": 102
        }
      },
      "3": {
        "start": {
          "line": 15,
          "column": 11
        },
        "end": {
          "line": 19,
          "column": 5
        }
      },
      "4": {
        "start": {
          "line": 16,
          "column": 6
        },
        "end": {
          "line": 16,
          "column": 108
        }
      },
      "5": {
        "start": {
          "line": 18,
          "column": 6
        },
        "end": {
          "line": 18,
          "column": 71
        }
      },
      "6": {
        "start": {
          "line": 20,
          "column": 4
        },
        "end": {
          "line": 22,
          "column": 183
        }
      },
      "7": {
        "start": {
          "line": 22,
          "column": 25
        },
        "end": {
          "line": 22,
          "column": 180
        }
      },
      "8": {
        "start": {
          "line": 22,
          "column": 43
        },
        "end": {
          "line": 22,
          "column": 179
        }
      },
      "9": {
        "start": {
          "line": 25,
          "column": 28
        },
        "end": {
          "line": 25,
          "column": 64
        }
      },
      "10": {
        "start": {
          "line": 26,
          "column": 4
        },
        "end": {
          "line": 28,
          "column": 163
        }
      },
      "11": {
        "start": {
          "line": 28,
          "column": 24
        },
        "end": {
          "line": 28,
          "column": 160
        }
      },
      "12": {
        "start": {
          "line": 31,
          "column": 16
        },
        "end": {
          "line": 31,
          "column": 20
        }
      },
      "13": {
        "start": {
          "line": 32,
          "column": 4
        },
        "end": {
          "line": 35,
          "column": 9
        }
      },
      "14": {
        "start": {
          "line": 33,
          "column": 33
        },
        "end": {
          "line": 33,
          "column": 69
        }
      },
      "15": {
        "start": {
          "line": 34,
          "column": 6
        },
        "end": {
          "line": 34,
          "column": 54
        }
      },
      "16": {
        "start": {
          "line": 38,
          "column": 17
        },
        "end": {
          "line": 38,
          "column": 21
        }
      },
      "17": {
        "start": {
          "line": 39,
          "column": 4
        },
        "end": {
          "line": 42,
          "column": 9
        }
      },
      "18": {
        "start": {
          "line": 40,
          "column": 30
        },
        "end": {
          "line": 40,
          "column": 68
        }
      },
      "19": {
        "start": {
          "line": 41,
          "column": 6
        },
        "end": {
          "line": 41,
          "column": 45
        }
      },
      "20": {
        "start": {
          "line": 45,
          "column": 17
        },
        "end": {
          "line": 45,
          "column": 21
        }
      },
      "21": {
        "start": {
          "line": 46,
          "column": 4
        },
        "end": {
          "line": 49,
          "column": 9
        }
      },
      "22": {
        "start": {
          "line": 47,
          "column": 30
        },
        "end": {
          "line": 47,
          "column": 68
        }
      },
      "23": {
        "start": {
          "line": 48,
          "column": 6
        },
        "end": {
          "line": 48,
          "column": 39
        }
      },
      "24": {
        "start": {
          "line": 52,
          "column": 0
        },
        "end": {
          "line": 54,
          "column": 2
        }
      },
      "25": {
        "start": {
          "line": 53,
          "column": 2
        },
        "end": {
          "line": 53,
          "column": 59
        }
      },
      "26": {
        "start": {
          "line": 55,
          "column": 0
        },
        "end": {
          "line": 59,
          "column": 3
        }
      }
    },
    "fnMap": {
      "0": {
        "name": "(anonymous_0)",
        "decl": {
          "start": {
            "line": 8,
            "column": 2
          },
          "end": {
            "line": 8,
            "column": 3
          }
        },
        "loc": {
          "start": {
            "line": 8,
            "column": 25
          },
          "end": {
            "line": 10,
            "column": 3
          }
        },
        "line": 8
      },
      "1": {
        "name": "(anonymous_1)",
        "decl": {
          "start": {
            "line": 11,
            "column": 2
          },
          "end": {
            "line": 11,
            "column": 3
          }
        },
        "loc": {
          "start": {
            "line": 11,
            "column": 30
          },
          "end": {
            "line": 23,
            "column": 3
          }
        },
        "line": 11
      },
      "2": {
        "name": "(anonymous_2)",
        "decl": {
          "start": {
            "line": 22,
            "column": 16
          },
          "end": {
            "line": 22,
            "column": 17
          }
        },
        "loc": {
          "start": {
            "line": 22,
            "column": 25
          },
          "end": {
            "line": 22,
            "column": 180
          }
        },
        "line": 22
      },
      "3": {
        "name": "(anonymous_3)",
        "decl": {
          "start": {
            "line": 22,
            "column": 35
          },
          "end": {
            "line": 22,
            "column": 36
          }
        },
        "loc": {
          "start": {
            "line": 22,
            "column": 43
          },
          "end": {
            "line": 22,
            "column": 179
          }
        },
        "line": 22
      },
      "4": {
        "name": "(anonymous_4)",
        "decl": {
          "start": {
            "line": 24,
            "column": 2
          },
          "end": {
            "line": 24,
            "column": 3
          }
        },
        "loc": {
          "start": {
            "line": 24,
            "column": 18
          },
          "end": {
            "line": 29,
            "column": 3
          }
        },
        "line": 24
      },
      "5": {
        "name": "(anonymous_5)",
        "decl": {
          "start": {
            "line": 28,
            "column": 16
          },
          "end": {
            "line": 28,
            "column": 17
          }
        },
        "loc": {
          "start": {
            "line": 28,
            "column": 24
          },
          "end": {
            "line": 28,
            "column": 160
          }
        },
        "line": 28
      },
      "6": {
        "name": "(anonymous_6)",
        "decl": {
          "start": {
            "line": 30,
            "column": 2
          },
          "end": {
            "line": 30,
            "column": 3
          }
        },
        "loc": {
          "start": {
            "line": 30,
            "column": 19
          },
          "end": {
            "line": 36,
            "column": 3
          }
        },
        "line": 30
      },
      "7": {
        "name": "(anonymous_7)",
        "decl": {
          "start": {
            "line": 32,
            "column": 29
          },
          "end": {
            "line": 32,
            "column": 30
          }
        },
        "loc": {
          "start": {
            "line": 32,
            "column": 42
          },
          "end": {
            "line": 35,
            "column": 5
          }
        },
        "line": 32
      },
      "8": {
        "name": "(anonymous_8)",
        "decl": {
          "start": {
            "line": 37,
            "column": 2
          },
          "end": {
            "line": 37,
            "column": 3
          }
        },
        "loc": {
          "start": {
            "line": 37,
            "column": 27
          },
          "end": {
            "line": 43,
            "column": 3
          }
        },
        "line": 37
      },
      "9": {
        "name": "(anonymous_9)",
        "decl": {
          "start": {
            "line": 39,
            "column": 29
          },
          "end": {
            "line": 39,
            "column": 30
          }
        },
        "loc": {
          "start": {
            "line": 39,
            "column": 42
          },
          "end": {
            "line": 42,
            "column": 5
          }
        },
        "line": 39
      },
      "10": {
        "name": "(anonymous_10)",
        "decl": {
          "start": {
            "line": 44,
            "column": 2
          },
          "end": {
            "line": 44,
            "column": 3
          }
        },
        "loc": {
          "start": {
            "line": 44,
            "column": 21
          },
          "end": {
            "line": 50,
            "column": 3
          }
        },
        "line": 44
      },
      "11": {
        "name": "(anonymous_11)",
        "decl": {
          "start": {
            "line": 46,
            "column": 29
          },
          "end": {
            "line": 46,
            "column": 30
          }
        },
        "loc": {
          "start": {
            "line": 46,
            "column": 42
          },
          "end": {
            "line": 49,
            "column": 5
          }
        },
        "line": 46
      },
      "12": {
        "name": "BookService_Factory",
        "decl": {
          "start": {
            "line": 52,
            "column": 28
          },
          "end": {
            "line": 52,
            "column": 47
          }
        },
        "loc": {
          "start": {
            "line": 52,
            "column": 51
          },
          "end": {
            "line": 54,
            "column": 1
          }
        },
        "line": 52
      }
    },
    "branchMap": {
      "0": {
        "loc": {
          "start": {
            "line": 13,
            "column": 4
          },
          "end": {
            "line": 19,
            "column": 5
          }
        },
        "type": "if",
        "locations": [
          {
            "start": {
              "line": 13,
              "column": 4
            },
            "end": {
              "line": 19,
              "column": 5
            }
          },
          {
            "start": {
              "line": 15,
              "column": 11
            },
            "end": {
              "line": 19,
              "column": 5
            }
          }
        ],
        "line": 13
      },
      "1": {
        "loc": {
          "start": {
            "line": 15,
            "column": 11
          },
          "end": {
            "line": 19,
            "column": 5
          }
        },
        "type": "if",
        "locations": [
          {
            "start": {
              "line": 15,
              "column": 11
            },
            "end": {
              "line": 19,
              "column": 5
            }
          },
          {
            "start": {
              "line": 17,
              "column": 11
            },
            "end": {
              "line": 19,
              "column": 5
            }
          }
        ],
        "line": 15
      },
      "2": {
        "loc": {
          "start": {
            "line": 53,
            "column": 14
          },
          "end": {
            "line": 53,
            "column": 30
          }
        },
        "type": "binary-expr",
        "locations": [
          {
            "start": {
              "line": 53,
              "column": 14
            },
            "end": {
              "line": 53,
              "column": 15
            }
          },
          {
            "start": {
              "line": 53,
              "column": 19
            },
            "end": {
              "line": 53,
              "column": 30
            }
          }
        ],
        "line": 53
      }
    },
    "s": {
      "0": 5,
      "1": 7,
      "2": 6,
      "3": 1,
      "4": 1,
      "5": 0,
      "6": 7,
      "7": 4,
      "8": 4,
      "9": 3,
      "10": 3,
      "11": 3,
      "12": 1,
      "13": 1,
      "14": 1,
      "15": 1,
      "16": 0,
      "17": 0,
      "18": 0,
      "19": 0,
      "20": 0,
      "21": 0,
      "22": 0,
      "23": 0,
      "24": 5,
      "25": 5,
      "26": 5
    },
    "f": {
      "0": 5,
      "1": 7,
      "2": 4,
      "3": 4,
      "4": 3,
      "5": 3,
      "6": 1,
      "7": 1,
      "8": 0,
      "9": 0,
      "10": 0,
      "11": 0,
      "12": 5
    },
    "b": {
      "0": [
        6,
        1
      ],
      "1": [
        1,
        0
      ],
      "2": [
        5,
        5
      ]
    },
    "inputSourceMap": {
      "version": 3,
      "mappings": ";AACA,SAASA,UAAU,EAAEC,cAAc,EAAaC,MAAM,EAAEC,GAAG,EAAEC,SAAS,EAAEC,OAAO,EAAEC,KAAK,EAAEC,KAAK,EAAEC,SAAS,EAAEC,OAAO,QAAQ,yBAAyB;AAClJ,SAASC,GAAG,QAAoB,MAAM;AACtC,SAASC,IAAI,QAAQ,gBAAgB;;;AAKrC,OAAM,MAAOC,WAAW;EAEtBC,YACUC,SAAoB;IAApB,cAAS,GAATA,SAAS;EACd;EAELC,QAAQ,CAACC,MAAe,EAAEC,SAAkB;IAC1C,IAAIC,CAAC;IACL,IAAIF,MAAM,KAAKG,SAAS,EAAE;MACxBD,CAAC,GAAGZ,KAAK,CAACN,UAAU,CAAC,IAAI,CAACc,SAAS,EAAE,OAAO,CAAC,EAAEP,KAAK,CAAC,QAAQ,EAAE,IAAI,EAAES,MAAM,CAAC,EAAEP,OAAO,CAAC,OAAO,CAAC,CAAC;KAChG,MAAM,IAAIQ,SAAS,KAAKE,SAAS,EAAE;MAClCD,CAAC,GAAGZ,KAAK,CAACN,UAAU,CAAC,IAAI,CAACc,SAAS,EAAE,OAAO,CAAC,EAAEP,KAAK,CAAC,WAAW,EAAE,IAAI,EAAEU,SAAS,CAAC,EAAER,OAAO,CAAC,OAAO,CAAC,CAAC;KACtG,MAAM;MACLS,CAAC,GAAGZ,KAAK,CAACN,UAAU,CAAC,IAAI,CAACc,SAAS,EAAE,OAAO,CAAC,EAAEL,OAAO,CAAC,OAAO,CAAC,CAAC;;IAElE,OAAOR,cAAc,CAACiB,CAAC,EAAE;MAAEE,OAAO,EAAE;IAAI,CAAE,CAAC,CACxCC,IAAI,CACHX,GAAG,CAACY,KAAK,IAAIA,KAAK,CAACZ,GAAG,CAACa,IAAI,IAAI,IAAIZ,IAAI,CAACY,IAAI,CAAC,OAAO,CAAC,EAAEA,IAAI,CAAC,QAAQ,CAAC,EAAEA,IAAI,CAAC,aAAa,CAAC,EAAEA,IAAI,CAAC,OAAO,CAAC,EAAEA,IAAI,CAAC,MAAM,CAAC,EAAEA,IAAI,CAAC,QAAQ,CAAC,EAAEA,IAAI,CAAC,WAAW,CAAC,EAAEA,IAAI,CAAC,IAAI,CAAC,CAAC,CAAC,CAAC,CAC1K;EACL;EAEAC,OAAO,CAACC,MAAc;IACpB,MAAMC,eAAe,GAAGvB,GAAG,CAAC,IAAI,CAACW,SAAS,EAAE,OAAO,EAAEW,MAAM,CAAC;IAC5D,OAAOpB,OAAO,CAACqB,eAAe,EAAE;MAAEN,OAAO,EAAE;IAAI,CAAC,CAAC,CACxCC,IAAI,CACHX,GAAG,CAACa,IAAI,IAAI,IAAIZ,IAAI,CAACY,IAAI,CAAC,OAAO,CAAC,EAAEA,IAAI,CAAC,QAAQ,CAAC,EAAEA,IAAI,CAAC,aAAa,CAAC,EAAEA,IAAI,CAAC,OAAO,CAAC,EAAEA,IAAI,CAAC,MAAM,CAAC,EAAEA,IAAI,CAAC,QAAQ,CAAC,EAAEA,IAAI,CAAC,WAAW,CAAC,EAAEA,IAAI,CAAC,IAAI,CAAC,CAAC,CAAC,CACtJ;EACX;EAEMI,UAAU,CAACJ,IAAU;IAAA;IAAA;MACzB,MAAMK,kBAAkB,GAAG5B,UAAU,CAAC,KAAI,CAACc,SAAS,EAAE,OAAO,CAAC;MAC9D,MAAMZ,MAAM,CAAC0B,kBAAkB,EAAEL,IAAI,CAACM,MAAM,EAAE,CAAC;IAAC;EAClD;EAEMC,UAAU,CAACL,MAAc,EAAEM,IAAI;IAAA;IAAA;MACnC,MAAML,eAAe,GAAGvB,GAAG,CAAC,MAAI,CAACW,SAAS,EAAE,OAAO,EAAEW,MAAM,CAAC;MAC5D,MAAMrB,SAAS,CAACsB,eAAe,EAAEK,IAAI,CAAC;IAAC;EACzC;EAEMC,UAAU,CAACP,MAAc;IAAA;IAAA;MAC7B,MAAMC,eAAe,GAAGvB,GAAG,CAAC,MAAI,CAACW,SAAS,EAAE,OAAO,EAAEW,MAAM,CAAC;MAC5D,MAAMjB,SAAS,CAACkB,eAAe,CAAC;IAAC;EACnC;;AA1CWd,WAAW;mBAAXA,WAAW;AAAA;AAAXA,WAAW;SAAXA,WAAW;EAAAqB,SAAXrB,WAAW;EAAAsB,YAFV;AAAM",
      "names": [
        "collection",
        "collectionData",
        "addDoc",
        "doc",
        "updateDoc",
        "docData",
        "query",
        "where",
        "deleteDoc",
        "orderBy",
        "map",
        "Book",
        "BookService",
        "constructor",
        "firestore",
        "getBooks",
        "status",
        "requester",
        "q",
        "undefined",
        "idField",
        "pipe",
        "books",
        "book",
        "getBook",
        "bookId",
        "bookDocumentRef",
        "createBook",
        "booksCollectionRef",
        "toJSON",
        "updateBook",
        "data",
        "deleteBook",
        "factory",
        "providedIn"
      ],
      "sourceRoot": "",
      "sources": [
        "/Users/devashish/Documents/North Carolina State University/Spring 2023/Software Engineering/Extra/Project/review-forum/src/app/services/book.service.ts"
      ],
      "sourcesContent": [
        "import { Injectable } from '@angular/core';\nimport { collection, collectionData, Firestore, addDoc, doc, updateDoc, docData, query, where, deleteDoc, orderBy } from '@angular/fire/firestore';\nimport { map, Observable } from 'rxjs';\nimport { Book } from '../models/book';\n\n@Injectable({\n  providedIn: 'root'\n})\nexport class BookService {\n\n  constructor(\n    private firestore: Firestore,\n    ) {}\n\n  getBooks(status?: string, requester?: string): Observable<Book[]> {\n    let q;\n    if (status !== undefined) {\n      q = query(collection(this.firestore, \"books\"), where(\"status\", \"==\", status), orderBy('title'));\n    } else if (requester !== undefined) {\n      q = query(collection(this.firestore, \"books\"), where(\"requester\", \"==\", requester), orderBy('title'));\n    } else {\n      q = query(collection(this.firestore, \"books\"), orderBy('title'));\n    }\n    return collectionData(q, { idField: 'id' })\n      .pipe(\n        map(books => books.map(book => new Book(book['title'], book['author'], book['description'], book['image'], book['tags'], book['status'], book['requester'], book['id'])))\n      );\n  }\n\n  getBook(bookId: string): Observable<Book> {\n    const bookDocumentRef = doc(this.firestore, 'books', bookId)\n    return docData(bookDocumentRef, { idField: 'id'})\n            .pipe(\n              map(book => new Book(book['title'], book['author'], book['description'], book['image'], book['tags'], book['status'], book['requester'], book['id']))\n            )\n  }\n\n  async createBook(book: Book): Promise<void> {\n    const booksCollectionRef = collection(this.firestore, 'books');\n    await addDoc(booksCollectionRef, book.toJSON());\n  }\n\n  async updateBook(bookId: string, data): Promise<void> {\n    const bookDocumentRef = doc(this.firestore, 'books', bookId);\n    await updateDoc(bookDocumentRef, data);\n  }\n\n  async deleteBook(bookId: string): Promise<void> {\n    const bookDocumentRef = doc(this.firestore, 'books', bookId);\n    await deleteDoc(bookDocumentRef);\n  }\n  \n}\n"
      ]
    },
    "_coverageSchema": "1a1c01bbd47fc00a2c39e90264f33305004495a9",
    "hash": "e436077dc9cd12a429317a71545189aa1f19fdb7"
  },
  "/Users/devashish/Documents/North Carolina State University/Spring 2023/Software Engineering/Extra/Project/review-forum/src/app/models/user.ts": {
    "path": "/Users/devashish/Documents/North Carolina State University/Spring 2023/Software Engineering/Extra/Project/review-forum/src/app/models/user.ts",
    "statementMap": {
      "0": {
        "start": {
          "line": 3,
          "column": 4
        },
        "end": {
          "line": 3,
          "column": 24
        }
      },
      "1": {
        "start": {
          "line": 4,
          "column": 4
        },
        "end": {
          "line": 4,
          "column": 30
        }
      },
      "2": {
        "start": {
          "line": 5,
          "column": 4
        },
        "end": {
          "line": 5,
          "column": 28
        }
      },
      "3": {
        "start": {
          "line": 6,
          "column": 4
        },
        "end": {
          "line": 6,
          "column": 18
        }
      },
      "4": {
        "start": {
          "line": 9,
          "column": 4
        },
        "end": {
          "line": 9,
          "column": 20
        }
      },
      "5": {
        "start": {
          "line": 12,
          "column": 4
        },
        "end": {
          "line": 12,
          "column": 18
        }
      },
      "6": {
        "start": {
          "line": 15,
          "column": 4
        },
        "end": {
          "line": 15,
          "column": 23
        }
      },
      "7": {
        "start": {
          "line": 18,
          "column": 4
        },
        "end": {
          "line": 18,
          "column": 24
        }
      },
      "8": {
        "start": {
          "line": 21,
          "column": 4
        },
        "end": {
          "line": 21,
          "column": 26
        }
      },
      "9": {
        "start": {
          "line": 24,
          "column": 4
        },
        "end": {
          "line": 24,
          "column": 30
        }
      },
      "10": {
        "start": {
          "line": 27,
          "column": 4
        },
        "end": {
          "line": 27,
          "column": 25
        }
      },
      "11": {
        "start": {
          "line": 30,
          "column": 4
        },
        "end": {
          "line": 30,
          "column": 28
        }
      },
      "12": {
        "start": {
          "line": 33,
          "column": 4
        },
        "end": {
          "line": 37,
          "column": 6
        }
      }
    },
    "fnMap": {
      "0": {
        "name": "(anonymous_0)",
        "decl": {
          "start": {
            "line": 2,
            "column": 2
          },
          "end": {
            "line": 2,
            "column": 3
          }
        },
        "loc": {
          "start": {
            "line": 2,
            "column": 44
          },
          "end": {
            "line": 7,
            "column": 3
          }
        },
        "line": 2
      },
      "1": {
        "name": "(anonymous_1)",
        "decl": {
          "start": {
            "line": 8,
            "column": 2
          },
          "end": {
            "line": 8,
            "column": 3
          }
        },
        "loc": {
          "start": {
            "line": 8,
            "column": 11
          },
          "end": {
            "line": 10,
            "column": 3
          }
        },
        "line": 8
      },
      "2": {
        "name": "(anonymous_2)",
        "decl": {
          "start": {
            "line": 11,
            "column": 2
          },
          "end": {
            "line": 11,
            "column": 3
          }
        },
        "loc": {
          "start": {
            "line": 11,
            "column": 13
          },
          "end": {
            "line": 13,
            "column": 3
          }
        },
        "line": 11
      },
      "3": {
        "name": "(anonymous_3)",
        "decl": {
          "start": {
            "line": 14,
            "column": 2
          },
          "end": {
            "line": 14,
            "column": 3
          }
        },
        "loc": {
          "start": {
            "line": 14,
            "column": 14
          },
          "end": {
            "line": 16,
            "column": 3
          }
        },
        "line": 14
      },
      "4": {
        "name": "(anonymous_4)",
        "decl": {
          "start": {
            "line": 17,
            "column": 2
          },
          "end": {
            "line": 17,
            "column": 3
          }
        },
        "loc": {
          "start": {
            "line": 17,
            "column": 19
          },
          "end": {
            "line": 19,
            "column": 3
          }
        },
        "line": 17
      },
      "5": {
        "name": "(anonymous_5)",
        "decl": {
          "start": {
            "line": 20,
            "column": 2
          },
          "end": {
            "line": 20,
            "column": 3
          }
        },
        "loc": {
          "start": {
            "line": 20,
            "column": 17
          },
          "end": {
            "line": 22,
            "column": 3
          }
        },
        "line": 20
      },
      "6": {
        "name": "(anonymous_6)",
        "decl": {
          "start": {
            "line": 23,
            "column": 2
          },
          "end": {
            "line": 23,
            "column": 3
          }
        },
        "loc": {
          "start": {
            "line": 23,
            "column": 25
          },
          "end": {
            "line": 25,
            "column": 3
          }
        },
        "line": 23
      },
      "7": {
        "name": "(anonymous_7)",
        "decl": {
          "start": {
            "line": 26,
            "column": 2
          },
          "end": {
            "line": 26,
            "column": 3
          }
        },
        "loc": {
          "start": {
            "line": 26,
            "column": 16
          },
          "end": {
            "line": 28,
            "column": 3
          }
        },
        "line": 26
      },
      "8": {
        "name": "(anonymous_8)",
        "decl": {
          "start": {
            "line": 29,
            "column": 2
          },
          "end": {
            "line": 29,
            "column": 3
          }
        },
        "loc": {
          "start": {
            "line": 29,
            "column": 23
          },
          "end": {
            "line": 31,
            "column": 3
          }
        },
        "line": 29
      },
      "9": {
        "name": "(anonymous_9)",
        "decl": {
          "start": {
            "line": 32,
            "column": 2
          },
          "end": {
            "line": 32,
            "column": 3
          }
        },
        "loc": {
          "start": {
            "line": 32,
            "column": 11
          },
          "end": {
            "line": 38,
            "column": 3
          }
        },
        "line": 32
      }
    },
    "branchMap": {},
    "s": {
      "0": 12,
      "1": 12,
      "2": 12,
      "3": 12,
      "4": 5,
      "5": 0,
      "6": 0,
      "7": 0,
      "8": 1492,
      "9": 0,
      "10": 1492,
      "11": 0,
      "12": 0
    },
    "f": {
      "0": 12,
      "1": 5,
      "2": 0,
      "3": 0,
      "4": 0,
      "5": 1492,
      "6": 0,
      "7": 1492,
      "8": 0,
      "9": 0
    },
    "b": {},
    "inputSourceMap": {
      "version": 3,
      "mappings": "AAAA,OAAM,MAAOA,OAAO;EAMhBC,YAAYC,KAAa,EAAEC,QAAgB,EAAEC,OAAgB,EAAEC,EAAW;IACxE,IAAI,CAACC,MAAM,GAAGJ,KAAK;IACnB,IAAI,CAACK,SAAS,GAAGJ,QAAQ;IACzB,IAAI,CAACK,QAAQ,GAAGJ,OAAO;IACvB,IAAI,CAACK,GAAG,GAAGJ,EAAE;EACf;EAEA,IAAIA,EAAE;IACJ,OAAO,IAAI,CAACI,GAAG;EACjB;EAEA,IAAIJ,EAAE,CAACA,EAAU;IACf,IAAI,CAACI,GAAG,GAAGJ,EAAE;EACf;EAEA,IAAIH,KAAK;IACP,OAAO,IAAI,CAACI,MAAM;EACpB;EAEA,IAAIJ,KAAK,CAACA,KAAa;IACrB,IAAI,CAACI,MAAM,GAAGJ,KAAK;EACrB;EAEA,IAAIC,QAAQ;IACV,OAAO,IAAI,CAACI,SAAS;EACvB;EAEA,IAAIJ,QAAQ,CAACA,QAAgB;IAC3B,IAAI,CAACI,SAAS,GAAGJ,QAAQ;EAC3B;EAEA,IAAIC,OAAO;IACT,OAAO,IAAI,CAACI,QAAQ;EACtB;EAEA,IAAIJ,OAAO,CAACA,OAAgB;IAC1B,IAAI,CAACI,QAAQ,GAAGJ,OAAO;EACzB;EAEAM,MAAM;IACF,OAAO;MACLR,KAAK,EAAE,IAAI,CAACI,MAAM;MAClBH,QAAQ,EAAE,IAAI,CAACI,SAAS;MACxBH,OAAO,EAAE,IAAI,CAACI;KACf;EACH",
      "names": [
        "AppUser",
        "constructor",
        "email",
        "username",
        "isAdmin",
        "id",
        "_email",
        "_username",
        "_isAdmin",
        "_id",
        "toJson"
      ],
      "sourceRoot": "",
      "sources": [
        "/Users/devashish/Documents/North Carolina State University/Spring 2023/Software Engineering/Extra/Project/review-forum/src/app/models/user.ts"
      ],
      "sourcesContent": [
        "export class AppUser {\n    private _email: string;\n    private _username: string;\n    private _isAdmin: boolean;\n    private _id?: string;\n  \n    constructor(email: string, username: string, isAdmin: boolean, id?: string) {\n      this._email = email;\n      this._username = username;\n      this._isAdmin = isAdmin;\n      this._id = id;\n    }\n\n    get id() {\n      return this._id;\n    }\n  \n    set id(id: string) {\n      this._id = id;\n    }\n  \n    get email() {\n      return this._email;\n    }\n  \n    set email(email: string) {\n      this._email = email;\n    }\n  \n    get username() {\n      return this._username;\n    }\n  \n    set username(username: string) {\n      this._username = username;\n    }\n  \n    get isAdmin() {\n      return this._isAdmin;\n    }\n  \n    set isAdmin(isAdmin: boolean) {\n      this._isAdmin = isAdmin;\n    }\n\n    toJson(): any {\n        return {\n          email: this._email,\n          username: this._username,\n          isAdmin: this._isAdmin\n        };\n      }\n  }  "
      ]
    },
    "_coverageSchema": "1a1c01bbd47fc00a2c39e90264f33305004495a9",
    "hash": "bff5666313b43762bace1c82df233b6d8a703209"
  },
  "/Users/devashish/Documents/North Carolina State University/Spring 2023/Software Engineering/Extra/Project/review-forum/src/app/services/auth.service.ts": {
    "path": "/Users/devashish/Documents/North Carolina State University/Spring 2023/Software Engineering/Extra/Project/review-forum/src/app/services/auth.service.ts",
    "statementMap": {
      "0": {
        "start": {
          "line": 6,
          "column": 4
        },
        "end": {
          "line": 6,
          "column": 21
        }
      },
      "1": {
        "start": {
          "line": 7,
          "column": 4
        },
        "end": {
          "line": 7,
          "column": 45
        }
      },
      "2": {
        "start": {
          "line": 10,
          "column": 4
        },
        "end": {
          "line": 10,
          "column": 70
        }
      },
      "3": {
        "start": {
          "line": 13,
          "column": 4
        },
        "end": {
          "line": 13,
          "column": 66
        }
      },
      "4": {
        "start": {
          "line": 16,
          "column": 4
        },
        "end": {
          "line": 16,
          "column": 31
        }
      },
      "5": {
        "start": {
          "line": 19,
          "column": 0
        },
        "end": {
          "line": 21,
          "column": 2
        }
      },
      "6": {
        "start": {
          "line": 20,
          "column": 2
        },
        "end": {
          "line": 20,
          "column": 54
        }
      },
      "7": {
        "start": {
          "line": 22,
          "column": 0
        },
        "end": {
          "line": 26,
          "column": 3
        }
      }
    },
    "fnMap": {
      "0": {
        "name": "(anonymous_0)",
        "decl": {
          "start": {
            "line": 5,
            "column": 2
          },
          "end": {
            "line": 5,
            "column": 3
          }
        },
        "loc": {
          "start": {
            "line": 5,
            "column": 20
          },
          "end": {
            "line": 8,
            "column": 3
          }
        },
        "line": 5
      },
      "1": {
        "name": "(anonymous_1)",
        "decl": {
          "start": {
            "line": 9,
            "column": 2
          },
          "end": {
            "line": 9,
            "column": 3
          }
        },
        "loc": {
          "start": {
            "line": 9,
            "column": 26
          },
          "end": {
            "line": 11,
            "column": 3
          }
        },
        "line": 9
      },
      "2": {
        "name": "(anonymous_2)",
        "decl": {
          "start": {
            "line": 12,
            "column": 2
          },
          "end": {
            "line": 12,
            "column": 3
          }
        },
        "loc": {
          "start": {
            "line": 12,
            "column": 25
          },
          "end": {
            "line": 14,
            "column": 3
          }
        },
        "line": 12
      },
      "3": {
        "name": "(anonymous_3)",
        "decl": {
          "start": {
            "line": 15,
            "column": 2
          },
          "end": {
            "line": 15,
            "column": 3
          }
        },
        "loc": {
          "start": {
            "line": 15,
            "column": 11
          },
          "end": {
            "line": 17,
            "column": 3
          }
        },
        "line": 15
      },
      "4": {
        "name": "AuthService_Factory",
        "decl": {
          "start": {
            "line": 19,
            "column": 28
          },
          "end": {
            "line": 19,
            "column": 47
          }
        },
        "loc": {
          "start": {
            "line": 19,
            "column": 51
          },
          "end": {
            "line": 21,
            "column": 1
          }
        },
        "line": 19
      }
    },
    "branchMap": {
      "0": {
        "loc": {
          "start": {
            "line": 20,
            "column": 14
          },
          "end": {
            "line": 20,
            "column": 30
          }
        },
        "type": "binary-expr",
        "locations": [
          {
            "start": {
              "line": 20,
              "column": 14
            },
            "end": {
              "line": 20,
              "column": 15
            }
          },
          {
            "start": {
              "line": 20,
              "column": 19
            },
            "end": {
              "line": 20,
              "column": 30
            }
          }
        ],
        "line": 20
      }
    },
    "s": {
      "0": 5,
      "1": 5,
      "2": 0,
      "3": 1,
      "4": 0,
      "5": 5,
      "6": 5,
      "7": 5
    },
    "f": {
      "0": 5,
      "1": 0,
      "2": 1,
      "3": 0,
      "4": 5
    },
    "b": {
      "0": [
        5,
        5
      ]
    },
    "inputSourceMap": {
      "version": 3,
      "mappings": "AACA,SAEEA,0BAA0B,EAC1BC,SAAS,EACTC,8BAA8B,QAEzB,oBAAoB;;;AAK3B,OAAM,MAAOC,WAAW;EAEtBC,YACUC,IAAU;IAAV,SAAI,GAAJA,IAAI;IAGd,iBAAY,GAAGJ,SAAS,CAAC,IAAI,CAACI,IAAI,CAAC;EAF9B;EAILC,MAAM,CAACC,KAAa,EAAEC,QAAgB;IACpC,OAAON,8BAA8B,CAAC,IAAI,CAACG,IAAI,EAAEE,KAAK,EAAEC,QAAQ,CAAC;EACnE;EAEAC,KAAK,CAACF,KAAa,EAAEC,QAAgB;IACnC,OAAOR,0BAA0B,CAAC,IAAI,CAACK,IAAI,EAAEE,KAAK,EAAEC,QAAQ,CAAC;EAC/D;EAEAE,MAAM;IACJ,OAAO,IAAI,CAACL,IAAI,CAACM,OAAO,EAAE;EAC5B;;AAlBWR,WAAW;mBAAXA,WAAW;AAAA;AAAXA,WAAW;SAAXA,WAAW;EAAAS,SAAXT,WAAW;EAAAU,YAFV;AAAM",
      "names": [
        "signInWithEmailAndPassword",
        "authState",
        "createUserWithEmailAndPassword",
        "AuthService",
        "constructor",
        "auth",
        "signup",
        "email",
        "password",
        "login",
        "logout",
        "signOut",
        "factory",
        "providedIn"
      ],
      "sourceRoot": "",
      "sources": [
        "/Users/devashish/Documents/North Carolina State University/Spring 2023/Software Engineering/Extra/Project/review-forum/src/app/services/auth.service.ts"
      ],
      "sourcesContent": [
        "import { Injectable } from '@angular/core';\nimport {\n  Auth,\n  signInWithEmailAndPassword,\n  authState,\n  createUserWithEmailAndPassword,\n  UserCredential,\n} from '@angular/fire/auth';\n\n@Injectable({\n  providedIn: 'root',\n})\nexport class AuthService {\n\n  constructor(\n    private auth: Auth,\n    ) {}\n\n  currentUser$ = authState(this.auth);\n\n  signup(email: string, password: string): Promise<UserCredential> {\n    return createUserWithEmailAndPassword(this.auth, email, password);\n  }\n\n  login(email: string, password: string): Promise<UserCredential> {\n    return signInWithEmailAndPassword(this.auth, email, password);\n  }\n\n  logout(): Promise<void> {\n    return this.auth.signOut();\n  }\n\n}"
      ]
    },
    "_coverageSchema": "1a1c01bbd47fc00a2c39e90264f33305004495a9",
    "hash": "c32a788af3de9cb19a6fa03fa404ac7600d2fbdb"
  },
  "/Users/devashish/Documents/North Carolina State University/Spring 2023/Software Engineering/Extra/Project/review-forum/src/app/services/user.service.ts": {
    "path": "/Users/devashish/Documents/North Carolina State University/Spring 2023/Software Engineering/Extra/Project/review-forum/src/app/services/user.service.ts",
    "statementMap": {
      "0": {
        "start": {
          "line": 10,
          "column": 4
        },
        "end": {
          "line": 10,
          "column": 31
        }
      },
      "1": {
        "start": {
          "line": 11,
          "column": 4
        },
        "end": {
          "line": 11,
          "column": 35
        }
      },
      "2": {
        "start": {
          "line": 14,
          "column": 28
        },
        "end": {
          "line": 14,
          "column": 61
        }
      },
      "3": {
        "start": {
          "line": 15,
          "column": 4
        },
        "end": {
          "line": 23,
          "column": 8
        }
      },
      "4": {
        "start": {
          "line": 18,
          "column": 6
        },
        "end": {
          "line": 22,
          "column": 7
        }
      },
      "5": {
        "start": {
          "line": 19,
          "column": 8
        },
        "end": {
          "line": 19,
          "column": 89
        }
      },
      "6": {
        "start": {
          "line": 21,
          "column": 8
        },
        "end": {
          "line": 21,
          "column": 20
        }
      },
      "7": {
        "start": {
          "line": 26,
          "column": 16
        },
        "end": {
          "line": 26,
          "column": 20
        }
      },
      "8": {
        "start": {
          "line": 27,
          "column": 4
        },
        "end": {
          "line": 30,
          "column": 9
        }
      },
      "9": {
        "start": {
          "line": 28,
          "column": 30
        },
        "end": {
          "line": 28,
          "column": 64
        }
      },
      "10": {
        "start": {
          "line": 29,
          "column": 6
        },
        "end": {
          "line": 29,
          "column": 51
        }
      },
      "11": {
        "start": {
          "line": 33,
          "column": 4
        },
        "end": {
          "line": 39,
          "column": 8
        }
      },
      "12": {
        "start": {
          "line": 34,
          "column": 6
        },
        "end": {
          "line": 38,
          "column": 7
        }
      },
      "13": {
        "start": {
          "line": 35,
          "column": 8
        },
        "end": {
          "line": 35,
          "column": 38
        }
      },
      "14": {
        "start": {
          "line": 37,
          "column": 8
        },
        "end": {
          "line": 37,
          "column": 24
        }
      },
      "15": {
        "start": {
          "line": 42,
          "column": 0
        },
        "end": {
          "line": 44,
          "column": 2
        }
      },
      "16": {
        "start": {
          "line": 43,
          "column": 2
        },
        "end": {
          "line": 43,
          "column": 88
        }
      },
      "17": {
        "start": {
          "line": 45,
          "column": 0
        },
        "end": {
          "line": 49,
          "column": 3
        }
      }
    },
    "fnMap": {
      "0": {
        "name": "(anonymous_0)",
        "decl": {
          "start": {
            "line": 9,
            "column": 2
          },
          "end": {
            "line": 9,
            "column": 3
          }
        },
        "loc": {
          "start": {
            "line": 9,
            "column": 38
          },
          "end": {
            "line": 12,
            "column": 3
          }
        },
        "line": 9
      },
      "1": {
        "name": "(anonymous_1)",
        "decl": {
          "start": {
            "line": 13,
            "column": 2
          },
          "end": {
            "line": 13,
            "column": 3
          }
        },
        "loc": {
          "start": {
            "line": 13,
            "column": 15
          },
          "end": {
            "line": 24,
            "column": 3
          }
        },
        "line": 13
      },
      "2": {
        "name": "(anonymous_2)",
        "decl": {
          "start": {
            "line": 17,
            "column": 16
          },
          "end": {
            "line": 17,
            "column": 17
          }
        },
        "loc": {
          "start": {
            "line": 17,
            "column": 24
          },
          "end": {
            "line": 23,
            "column": 5
          }
        },
        "line": 17
      },
      "3": {
        "name": "(anonymous_3)",
        "decl": {
          "start": {
            "line": 25,
            "column": 2
          },
          "end": {
            "line": 25,
            "column": 3
          }
        },
        "loc": {
          "start": {
            "line": 25,
            "column": 21
          },
          "end": {
            "line": 31,
            "column": 3
          }
        },
        "line": 25
      },
      "4": {
        "name": "(anonymous_4)",
        "decl": {
          "start": {
            "line": 27,
            "column": 29
          },
          "end": {
            "line": 27,
            "column": 30
          }
        },
        "loc": {
          "start": {
            "line": 27,
            "column": 42
          },
          "end": {
            "line": 30,
            "column": 5
          }
        },
        "line": 27
      },
      "5": {
        "name": "(anonymous_5)",
        "decl": {
          "start": {
            "line": 32,
            "column": 2
          },
          "end": {
            "line": 32,
            "column": 3
          }
        },
        "loc": {
          "start": {
            "line": 32,
            "column": 17
          },
          "end": {
            "line": 40,
            "column": 3
          }
        },
        "line": 32
      },
      "6": {
        "name": "(anonymous_6)",
        "decl": {
          "start": {
            "line": 33,
            "column": 56
          },
          "end": {
            "line": 33,
            "column": 57
          }
        },
        "loc": {
          "start": {
            "line": 33,
            "column": 64
          },
          "end": {
            "line": 39,
            "column": 5
          }
        },
        "line": 33
      },
      "7": {
        "name": "UserService_Factory",
        "decl": {
          "start": {
            "line": 42,
            "column": 28
          },
          "end": {
            "line": 42,
            "column": 47
          }
        },
        "loc": {
          "start": {
            "line": 42,
            "column": 51
          },
          "end": {
            "line": 44,
            "column": 1
          }
        },
        "line": 42
      }
    },
    "branchMap": {
      "0": {
        "loc": {
          "start": {
            "line": 18,
            "column": 6
          },
          "end": {
            "line": 22,
            "column": 7
          }
        },
        "type": "if",
        "locations": [
          {
            "start": {
              "line": 18,
              "column": 6
            },
            "end": {
              "line": 22,
              "column": 7
            }
          },
          {
            "start": {
              "line": 20,
              "column": 13
            },
            "end": {
              "line": 22,
              "column": 7
            }
          }
        ],
        "line": 18
      },
      "1": {
        "loc": {
          "start": {
            "line": 34,
            "column": 6
          },
          "end": {
            "line": 38,
            "column": 7
          }
        },
        "type": "if",
        "locations": [
          {
            "start": {
              "line": 34,
              "column": 6
            },
            "end": {
              "line": 38,
              "column": 7
            }
          },
          {
            "start": {
              "line": 36,
              "column": 13
            },
            "end": {
              "line": 38,
              "column": 7
            }
          }
        ],
        "line": 34
      },
      "2": {
        "loc": {
          "start": {
            "line": 43,
            "column": 14
          },
          "end": {
            "line": 43,
            "column": 30
          }
        },
        "type": "binary-expr",
        "locations": [
          {
            "start": {
              "line": 43,
              "column": 14
            },
            "end": {
              "line": 43,
              "column": 15
            }
          },
          {
            "start": {
              "line": 43,
              "column": 19
            },
            "end": {
              "line": 43,
              "column": 30
            }
          }
        ],
        "line": 43
      }
    },
    "s": {
      "0": 5,
      "1": 5,
      "2": 13,
      "3": 13,
      "4": 12,
      "5": 12,
      "6": 0,
      "7": 0,
      "8": 0,
      "9": 0,
      "10": 0,
      "11": 13,
      "12": 14,
      "13": 13,
      "14": 1,
      "15": 5,
      "16": 5,
      "17": 5
    },
    "f": {
      "0": 5,
      "1": 13,
      "2": 12,
      "3": 0,
      "4": 0,
      "5": 13,
      "6": 14,
      "7": 5
    },
    "b": {
      "0": [
        12,
        0
      ],
      "1": [
        13,
        1
      ],
      "2": [
        5,
        5
      ]
    },
    "inputSourceMap": {
      "version": 3,
      "mappings": ";AACA,SAASA,GAAG,EAAEC,OAAO,EAAaC,MAAM,QAAQ,yBAAyB;AACzE,SAASC,GAAG,EAAcC,EAAE,EAAEC,SAAS,QAAa,MAAM;AAE1D,SAASC,OAAO,QAAQ,gBAAgB;;;;AAKxC,OAAM,MAAOC,WAAW;EAEtBC,YACUC,SAAoB,EACpBC,WAAwB;IADxB,cAAS,GAATD,SAAS;IACT,gBAAW,GAAXC,WAAW;EAChB;EAELC,OAAO,CAACC,GAAW;IACjB,MAAMC,eAAe,GAAGb,GAAG,CAAC,IAAI,CAACS,SAAS,EAAE,OAAO,EAAEG,GAAG,CAAC;IACzD,OAAOX,OAAO,CAACY,eAAe,EAAE;MAAEC,OAAO,EAAE;IAAI,CAAC,CAAC,CACxCC,IAAI,CACHZ,GAAG,CAACa,IAAI,IAAG;MACT,IAAGA,IAAI,EAAE;QACP,OAAO,IAAIV,OAAO,CAACU,IAAI,CAAC,OAAO,CAAC,EAAEA,IAAI,CAAC,UAAU,CAAC,EAAEA,IAAI,CAAC,SAAS,CAAC,EAAEA,IAAI,CAAC,IAAI,CAAC,CAAC;OACjF,MAAM;QACL,OAAO,IAAI;;IAEf,CAAC,CAAC,CACH;EACX;EAEMC,OAAO,CAACL,GAAW,EAAEI,IAAa;IAAA;IAAA;MACtC,MAAMH,eAAe,GAAGb,GAAG,CAAC,KAAI,CAACS,SAAS,EAAE,OAAO,EAAEG,GAAG,CAAC;MACzD,MAAMV,MAAM,CAACW,eAAe,EAAEG,IAAI,CAACE,MAAM,EAAE,CAAC;IAAC;EAC/C;EAEA,IAAIC,QAAQ;IACV,OAAO,IAAI,CAACT,WAAW,CAACU,YAAY,CACjCL,IAAI,CACHV,SAAS,CAACW,IAAI,IAAG;MACf,IAAIA,IAAI,EAAE;QACR,OAAO,IAAI,CAACL,OAAO,CAACK,IAAI,CAACJ,GAAG,CAAC;OAC9B,MAAM;QACL,OAAOR,EAAE,CAAC,IAAI,CAAC;;IAEnB,CAAC,CAAC,CACH;EACL;;AArCWG,WAAW;mBAAXA,WAAW;AAAA;AAAXA,WAAW;SAAXA,WAAW;EAAAc,SAAXd,WAAW;EAAAe,YAFV;AAAM",
      "names": [
        "doc",
        "docData",
        "setDoc",
        "map",
        "of",
        "switchMap",
        "AppUser",
        "UserService",
        "constructor",
        "firestore",
        "authService",
        "getUser",
        "uid",
        "userDocumentRef",
        "idField",
        "pipe",
        "user",
        "addUser",
        "toJson",
        "appUser$",
        "currentUser$",
        "factory",
        "providedIn"
      ],
      "sourceRoot": "",
      "sources": [
        "/Users/devashish/Documents/North Carolina State University/Spring 2023/Software Engineering/Extra/Project/review-forum/src/app/services/user.service.ts"
      ],
      "sourcesContent": [
        "import { Injectable } from '@angular/core';\nimport { doc, docData, Firestore, setDoc } from '@angular/fire/firestore';\nimport { map, Observable, of, switchMap, tap } from 'rxjs';\nimport { AuthService } from './auth.service';\nimport { AppUser } from '../models/user';\n\n@Injectable({\n  providedIn: 'root'\n})\nexport class UserService {\n\n  constructor(\n    private firestore: Firestore,\n    private authService: AuthService,\n    ) {}\n\n  getUser(uid: string): Observable<AppUser> {\n    const userDocumentRef = doc(this.firestore, 'users', uid);\n    return docData(userDocumentRef, { idField: 'id'})\n            .pipe(\n              map(user => {\n                if(user) {\n                  return new AppUser(user['email'], user['username'], user['isAdmin'], user['id'])\n                } else {\n                  return null;\n                }\n              })\n            )\n  }\n\n  async addUser(uid: string, user: AppUser) {\n    const userDocumentRef = doc(this.firestore, 'users', uid);\n    await setDoc(userDocumentRef, user.toJson());\n  }\n\n  get appUser$(): Observable<AppUser> {\n    return this.authService.currentUser$\n      .pipe(\n        switchMap(user => {\n          if (user) {\n            return this.getUser(user.uid)\n          } else {\n            return of(null);\n          }\n        })\n      );\n  }\n}\n"
      ]
    },
    "_coverageSchema": "1a1c01bbd47fc00a2c39e90264f33305004495a9",
    "hash": "c5266c7adb4482f1261ac9f5ec62b6545539b16a"
  },
  "/Users/devashish/Documents/North Carolina State University/Spring 2023/Software Engineering/Extra/Project/review-forum/src/app/components/book-form/book-form.component.ts": {
    "path": "/Users/devashish/Documents/North Carolina State University/Spring 2023/Software Engineering/Extra/Project/review-forum/src/app/components/book-form/book-form.component.ts",
    "statementMap": {
      "0": {
        "start": {
          "line": 12,
          "column": 2
        },
        "end": {
          "line": 16,
          "column": 3
        }
      },
      "1": {
        "start": {
          "line": 13,
          "column": 4
        },
        "end": {
          "line": 13,
          "column": 36
        }
      },
      "2": {
        "start": {
          "line": 14,
          "column": 4
        },
        "end": {
          "line": 14,
          "column": 40
        }
      },
      "3": {
        "start": {
          "line": 15,
          "column": 4
        },
        "end": {
          "line": 15,
          "column": 22
        }
      },
      "4": {
        "start": {
          "line": 19,
          "column": 2
        },
        "end": {
          "line": 23,
          "column": 3
        }
      },
      "5": {
        "start": {
          "line": 20,
          "column": 4
        },
        "end": {
          "line": 20,
          "column": 36
        }
      },
      "6": {
        "start": {
          "line": 21,
          "column": 4
        },
        "end": {
          "line": 21,
          "column": 41
        }
      },
      "7": {
        "start": {
          "line": 22,
          "column": 4
        },
        "end": {
          "line": 22,
          "column": 22
        }
      },
      "8": {
        "start": {
          "line": 26,
          "column": 2
        },
        "end": {
          "line": 30,
          "column": 3
        }
      },
      "9": {
        "start": {
          "line": 27,
          "column": 4
        },
        "end": {
          "line": 27,
          "column": 36
        }
      },
      "10": {
        "start": {
          "line": 28,
          "column": 4
        },
        "end": {
          "line": 28,
          "column": 46
        }
      },
      "11": {
        "start": {
          "line": 29,
          "column": 4
        },
        "end": {
          "line": 29,
          "column": 22
        }
      },
      "12": {
        "start": {
          "line": 33,
          "column": 2
        },
        "end": {
          "line": 37,
          "column": 3
        }
      },
      "13": {
        "start": {
          "line": 34,
          "column": 4
        },
        "end": {
          "line": 34,
          "column": 39
        }
      },
      "14": {
        "start": {
          "line": 35,
          "column": 4
        },
        "end": {
          "line": 35,
          "column": 17
        }
      },
      "15": {
        "start": {
          "line": 36,
          "column": 4
        },
        "end": {
          "line": 36,
          "column": 22
        }
      },
      "16": {
        "start": {
          "line": 38,
          "column": 2
        },
        "end": {
          "line": 43,
          "column": 3
        }
      },
      "17": {
        "start": {
          "line": 39,
          "column": 27
        },
        "end": {
          "line": 39,
          "column": 40
        }
      },
      "18": {
        "start": {
          "line": 40,
          "column": 4
        },
        "end": {
          "line": 40,
          "column": 48
        }
      },
      "19": {
        "start": {
          "line": 41,
          "column": 4
        },
        "end": {
          "line": 41,
          "column": 20
        }
      },
      "20": {
        "start": {
          "line": 42,
          "column": 4
        },
        "end": {
          "line": 42,
          "column": 60
        }
      },
      "21": {
        "start": {
          "line": 46,
          "column": 2
        },
        "end": {
          "line": 50,
          "column": 3
        }
      },
      "22": {
        "start": {
          "line": 47,
          "column": 4
        },
        "end": {
          "line": 47,
          "column": 36
        }
      },
      "23": {
        "start": {
          "line": 48,
          "column": 4
        },
        "end": {
          "line": 48,
          "column": 45
        }
      },
      "24": {
        "start": {
          "line": 49,
          "column": 4
        },
        "end": {
          "line": 49,
          "column": 22
        }
      },
      "25": {
        "start": {
          "line": 53,
          "column": 2
        },
        "end": {
          "line": 57,
          "column": 3
        }
      },
      "26": {
        "start": {
          "line": 54,
          "column": 4
        },
        "end": {
          "line": 54,
          "column": 39
        }
      },
      "27": {
        "start": {
          "line": 55,
          "column": 4
        },
        "end": {
          "line": 55,
          "column": 17
        }
      },
      "28": {
        "start": {
          "line": 56,
          "column": 4
        },
        "end": {
          "line": 56,
          "column": 22
        }
      },
      "29": {
[...]
              "column": 11
            },
            "end": {
              "line": 87,
              "column": 5
            }
          }
        ],
        "line": 80
      },
      "2": {
        "loc": {
          "start": {
            "line": 91,
            "column": 4
          },
          "end": {
            "line": 95,
            "column": 5
          }
        },
        "type": "if",
        "locations": [
          {
            "start": {
              "line": 91,
              "column": 4
            },
            "end": {
              "line": 95,
              "column": 5
            }
          },
          {
            "start": {},
            "end": {}
          }
        ],
        "line": 91
      },
      "3": {
        "loc": {
          "start": {
            "line": 104,
            "column": 2
          },
          "end": {
            "line": 107,
            "column": 4
          }
        },
        "type": "binary-expr",
        "locations": [
          {
            "start": {
              "line": 104,
              "column": 3
            },
            "end": {
              "line": 104,
              "column": 35
            }
          },
          {
            "start": {
              "line": 104,
              "column": 39
            },
            "end": {
              "line": 104,
              "column": 48
            }
          },
          {
            "start": {
              "line": 104,
              "column": 53
            },
            "end": {
              "line": 107,
              "column": 4
            }
          }
        ],
        "line": 104
      }
    },
    "s": {
      "0": 5,
      "1": 5,
      "2": 5,
      "3": 5,
      "4": 5,
      "5": 5,
      "6": 0,
      "7": 0,
      "8": 5,
      "9": 5,
      "10": 5,
      "11": 5,
      "12": 0,
      "13": 5,
      "14": 0,
      "15": 5,
      "16": 5
    },
    "f": {
      "0": 5,
      "1": 5,
      "2": 5,
      "3": 5,
      "4": 0,
      "5": 5
    },
    "b": {
      "0": [
        5,
        5
      ],
      "1": [
        0,
        5
      ],
      "2": [
        0,
        5
      ],
      "3": [
        5,
        0,
        5
      ]
    },
    "inputSourceMap": {
      "version": 3,
      "mappings": "AACA,SAASA,aAAa,QAAQ,2BAA2B;AACzD,SAASC,MAAM,EAAEC,aAAa,EAACC,kBAAkB,QAAQ,mBAAmB;AAC5E,SAASC,WAAW,EAAEC,OAAO,EAAEC,mBAAmB,QAAQ,oBAAoB;AAC9E,SAASC,UAAU,EAAEC,cAAc,QAAQ,uBAAuB;AAClE,SAASC,gBAAgB,EAAEC,YAAY,EAAEC,wBAAwB,EAAEC,mBAAmB,QAAmB,yBAAyB;AAClI,SAASC,SAAS,QAAQ,4BAA4B;AACtD,SAASC,cAAc,QAAQ,yBAAyB;AACxD,SAASC,gBAAgB,QAAQ,2BAA2B;AAC5D,SAASC,aAAa,QAAQ,wBAAwB;AACtD,SAASC,eAAe,QAAQ,0BAA0B;AAC1D,SAASC,kBAAkB,QAAQ,8BAA8B;AACjE,SAASC,cAAc,QAAQ,yBAAyB;AACxD,SAASC,aAAa,QAAQ,wBAAwB;AACtD,SAASC,eAAe,QAAQ,0BAA0B;AAC1D,SAASC,kBAAkB,QAAQ,6BAA6B;AAChE,SAASC,oBAAoB,QAAQ,gCAAgC;AACrE,SAASC,cAAc,QAAQ,yBAAyB;AACxD,SAASC,mBAAmB,QAAQ,gBAAgB;AACpD,SAASC,aAAa,QAAQ,wBAAwB;AACtD,SAASC,eAAe,QAAQ,0BAA0B;AAC1D,SAASC,aAAa,QAAQ,wBAAwB;AACtD,SAASC,6BAA6B,EAAEC,iBAAiB,QAAQ,6BAA6B;AAC9F,SAASC,uBAAuB,QAAQ,sCAAsC;AAC9E,SAASC,gBAAgB,QAAQ,sBAAsB;AACvD,SAASC,YAAY,QAAQ,iBAAiB;AAC9C,SAASC,WAAW,QAAQ,yBAAyB;AACrD,SAASC,WAAW,QAAQ,yBAAyB;AACrD,SAASC,WAAW,QAAQ,yBAAyB;AACrD,SAASC,cAAc,QAAQ,mBAAmB;AAClD,SAASC,YAAY,QAAQ,YAAY;AACzC,SAASC,WAAW,QAAQ,gBAAgB;AAC5C,SAASC,gBAAgB,QAAQ,sBAAsB;AAEvD,SAASC,iBAAiB,QAAQ,4CAA4C;AAC9E,SAASC,aAAa,QAAQ,kCAAkC;AAChE,SAASC,cAAc,QAAQ,oCAAoC;AACnE,SAASC,eAAe,QAAQ,sCAAsC;AACtE,SAASC,mBAAmB,QAAQ,gDAAgD;AACpF,SAASC,iBAAiB,QAAQ,4CAA4C;AAC9E,SAASC,iBAAiB,QAAQ,+BAA+B;AACjE,SAASC,cAAc,QAAQ,oCAAoC;AACnE,SAASC,mBAAmB,QAAQ,gDAAgD;AACpF,SAASC,aAAa,QAAQ,kCAAkC;AAChE,SAASC,kBAAkB,QAAQ,iCAAiC;AACpE,SAASC,oBAAoB,QAAQ,kDAAkD;AACvF,SAASC,YAAY,QAAQ,gCAAgC;AAC7D,SAASC,aAAa,QAAQ,2BAA2B;AACzD,SAASC,gBAAgB,QAAQ,wCAAwC;AACzE,SAASC,kBAAkB,QAAQ,8CAA8C;AACjF,SAASC,YAAY,QAAQ,iBAAiB;AAC9C,SAASC,iBAAiB,QAAQ,0CAA0C;AAC5E,SAASC,eAAe,QAAQ,sCAAsC;AACtE,SAASC,qBAAqB,QAAQ,oDAAoD;AAC1F,SAASC,0BAA0B,QAAQ,gEAAgE;AAC3G,SAASC,yBAAyB,QAAQ,8DAA8D;AACxG,SAASC,WAAW,QAAQ,8BAA8B;;;;;;;AA6F1D,OAAM,MAAOC,SAAS;AAATA,SAAS;mBAATA,SAAS;AAAA;AAATA,SAAS;QAATA,SAAS;EAAAC,YAHRhC,YAAY;AAAA;AAGb+B,SAAS;aAfT,CACT9B,WAAW,EACXC,WAAW,EACXY,iBAAiB,EACjBX,WAAW,EACXe,kBAAkB,EAClBG,aAAa,EACb;IAACY,OAAO,EAAErC,6BAA6B;IAAEsC,QAAQ,EAAG;MACEC,gBAAgB,EAAE,KAAK;MACvBC,kBAAkB,EAAE;;EACrB,CAAC,CACvD;EAAAC,UAhECb,YAAY,EACZzD,aAAa,EACb+B,uBAAuB,EACvBC,gBAAgB,EAChBjB,gBAAgB,EAChBC,aAAa,EACbC,eAAe,EACfC,kBAAkB,EAClBC,cAAc,EACdO,aAAa,EACbN,aAAa,EACbN,cAAc,EACdU,cAAc,EACdH,eAAe,EACfS,iBAAiB,EACjBR,kBAAkB,EAClBM,aAAa,EACbL,oBAAoB,EACpBI,eAAe,EACfF,mBAAmB,EACnBtB,kBAAkB,CAAC,MAAMD,aAAa,CAAC6D,WAAW,CAACQ,cAAc,CAAC,CAAC,EACnE9D,gBAAgB,CAAC,MAAK;IACpB,IAAI+D,SAAoB;IACxB,IAAGT,WAAW,CAACU,YAAY,EAAE;MAC3BD,SAAS,GAAG5D,mBAAmB,CAACX,MAAM,EAAE,EAAE;QACxCyE,4BAA4B,EAAE;OAC/B,CAAC;MACF/D,wBAAwB,CAAC6D,SAAS,EAAE,WAAW,EAAE,IAAI,CAAC;KACvD,MAAM;MACLA,SAAS,GAAG9D,YAAY,EAAE;;IAE5B,OAAO8D,SAAS;EAClB,CAAC,CAAC,EACFpE,WAAW,CAAC,MAAK;IACf,MAAMuE,IAAI,GAAGtE,OAAO,EAAE;IACtB,IAAG0D,WAAW,CAACU,YAAY,EAAE;MAC3BnE,mBAAmB,CAACqE,IAAI,EAAE,uBAAuB,EAAE;QACjDC,eAAe,EAAE;OAClB,CAAC;;IAEJ,OAAOD,IAAI;EACb,CAAC,CAAC,EACFnE,cAAc,CAAC,MAAMD,UAAU,EAAE,CAAC,EAClCM,SAAS,EACTwB,cAAc,EACdC,YAAY,CAACuC,OAAO,CAAC;IACnBC,aAAa,EAAE,kBAAkB;IACjCC,iBAAiB,EAAE,IAAI;IACvBC,WAAW,EAAE;GACd,CAAC,EACFzC,WAAW,EACXC,gBAAgB;AAAA;;2EAiBPwB,SAAS;IAAAiB,eAzFlBhD,YAAY,EACZQ,iBAAiB,EACjBC,aAAa,EACbC,cAAc,EACdC,eAAe,EACfC,mBAAmB,EACnBC,iBAAiB,EACjBE,cAAc,EACdE,aAAa,EACbE,oBAAoB,EACpBC,YAAY,EACZE,gBAAgB,EAChBC,kBAAkB,EAClBE,iBAAiB,EACjBC,eAAe,EACfV,mBAAmB,EACnBW,qBAAqB,EACrBC,0BAA0B,EAC1BC,yBAAyB;IAAAQ,UAGzBb,YAAY,EACZzD,aAAa,EACb+B,uBAAuB,EACvBC,gBAAgB,EAChBjB,gBAAgB,EAChBC,aAAa,EACbC,eAAe,EACfC,kBAAkB,EAClBC,cAAc,EACdO,aAAa,EACbN,aAAa,EACbN,cAAc,EACdU,cAAc,EACdH,eAAe,EACfS,iBAAiB,EACjBR,kBAAkB,EAClBM,aAAa,EACbL,oBAAoB,EACpBI,eAAe,EACfF,mBAAmB,6EAwBnBZ,SAAS,EACTwB,cAAc,mBAMdE,WAAW,EACXC,gBAAgB;EAAA;AAAA",
      "names": [
        "BrowserModule",
        "getApp",
        "initializeApp",
        "provideFirebaseApp",
        "provideAuth",
        "getAuth",
        "connectAuthEmulator",
        "getStorage",
        "provideStorage",
        "provideFirestore",
        "getFirestore",
        "connectFirestoreEmulator",
        "initializeFirestore",
        "NgbModule",
        "MatTableModule",
        "MatToolbarModule",
        "MatIconModule",
        "MatButtonModule",
        "MatFormFieldModule",
        "MatInputModule",
        "MatCardModule",
        "MatDialogModule",
        "MatPaginatorModule",
        "MatProgressBarModule",
        "MatChipsModule",
        "ReactiveFormsModule",
        "MatMenuModule",
        "MatSelectModule",
        "MatSortModule",
        "MAT_SNACK_BAR_DEFAULT_OPTIONS",
        "MatSnackBarModule",
        "BrowserAnimationsModule",
        "AppRoutingModule",
        "AppComponent",
        "AuthService",
        "UserService",
        "BookService",
        "HotToastModule",
        "ToastrModule",
        "FormsModule",
        "FlexLayoutModule",
        "BsNavbarComponent",
        "HomeComponent",
        "LoginComponent",
        "SignupComponent",
        "SignupFormComponent",
        "BookFormComponent",
        "UniversityService",
        "BooksComponent",
        "BookSearchComponent",
        "BookComponent",
        "ReadingListService",
        "ReadingListComponent",
        "TagComponent",
        "ReviewService",
        "ReviewsComponent",
        "NewReviewComponent",
        "CommonModule",
        "CommentsComponent",
        "ReviewComponent",
        "BookRequestsComponent",
        "AdminBookRequestsComponent",
        "UserBookRequestsComponent",
        "environment",
        "AppModule",
        "bootstrap",
        "provide",
        "useValue",
        "verticalPosition",
        "horizontalPosition",
        "imports",
        "firebaseConfig",
        "firestore",
        "useEmulators",
        "experimentalForceLongPolling",
        "auth",
        "disableWarnings",
        "forRoot",
        "positionClass",
        "preventDuplicates",
        "closeButton",
        "declarations"
      ],
      "sourceRoot": "",
      "sources": [
        "/Users/devashish/Documents/North Carolina State University/Spring 2023/Software Engineering/Extra/Project/review-forum/src/app/app.module.ts"
      ],
      "sourcesContent": [
        "import { NgModule } from '@angular/core';\nimport { BrowserModule } from '@angular/platform-browser';\nimport { getApp, initializeApp,provideFirebaseApp } from '@angular/fire/app';\nimport { provideAuth, getAuth, connectAuthEmulator } from '@angular/fire/auth';\nimport { getStorage, provideStorage } from '@angular/fire/storage';\nimport { provideFirestore, getFirestore, connectFirestoreEmulator, initializeFirestore, Firestore } from '@angular/fire/firestore';\nimport { NgbModule } from '@ng-bootstrap/ng-bootstrap';\nimport { MatTableModule } from '@angular/material/table';\nimport { MatToolbarModule } from '@angular/material/toolbar';\nimport { MatIconModule } from '@angular/material/icon';\nimport { MatButtonModule } from '@angular/material/button';\nimport { MatFormFieldModule } from '@angular/material/form-field';\nimport { MatInputModule } from '@angular/material/input';\nimport { MatCardModule } from '@angular/material/card';\nimport { MatDialogModule } from '@angular/material/dialog';\nimport { MatPaginatorModule } from '@angular/material/paginator';\nimport { MatProgressBarModule } from '@angular/material/progress-bar'\nimport { MatChipsModule } from '@angular/material/chips'\nimport { ReactiveFormsModule } from '@angular/forms';\nimport { MatMenuModule } from '@angular/material/menu';\nimport { MatSelectModule } from '@angular/material/select';\nimport { MatSortModule } from '@angular/material/sort';\nimport { MAT_SNACK_BAR_DEFAULT_OPTIONS, MatSnackBarModule } from '@angular/material/snack-bar';\nimport { BrowserAnimationsModule } from '@angular/platform-browser/animations';\nimport { AppRoutingModule } from './app-routing.module';\nimport { AppComponent } from './app.component';\nimport { AuthService } from './services/auth.service';\nimport { UserService } from './services/user.service';\nimport { BookService } from './services/book.service';\nimport { HotToastModule } from '@ngneat/hot-toast';\nimport { ToastrModule } from 'ngx-toastr';\nimport { FormsModule } from '@angular/forms';\nimport { FlexLayoutModule } from '@angular/flex-layout';\n\nimport { BsNavbarComponent } from './components/bs-navbar/bs-navbar.component';\nimport { HomeComponent } from './components/home/home.component';\nimport { LoginComponent } from './components/login/login.component';\nimport { SignupComponent } from './components/signup/signup.component';\nimport { SignupFormComponent } from './components/signup-form/signup-form.component';\nimport { BookFormComponent } from './components/book-form/book-form.component';\nimport { UniversityService } from './services/university.service';\nimport { BooksComponent } from './components/books/books.component';\nimport { BookSearchComponent } from './components/book-search/book-search.component';\nimport { BookComponent } from './components/book/book.component';\nimport { ReadingListService } from './services/reading-list.service';\nimport { ReadingListComponent } from './components/reading-list/reading-list.component';\nimport { TagComponent } from './components/tag/tag.component';\nimport { ReviewService } from './services/review.service';\nimport { ReviewsComponent } from './components/reviews/reviews.component';\nimport { NewReviewComponent } from './components/new-review/new-review.component';\nimport { CommonModule } from '@angular/common';\nimport { CommentsComponent } from './components/comments/comments.component';\nimport { ReviewComponent } from './components/review/review.component';\nimport { BookRequestsComponent } from './components/book-requests/book-requests.component';\nimport { AdminBookRequestsComponent } from './components/admin-book-requests/admin-book-requests.component';\nimport { UserBookRequestsComponent } from './components/user-book-requests/user-book-requests.component';\nimport { environment } from 'src/environments/environment';\n\n@NgModule({\n  declarations: [\n    AppComponent,\n    BsNavbarComponent,\n    HomeComponent,\n    LoginComponent,\n    SignupComponent,\n    SignupFormComponent,\n    BookFormComponent,\n    BooksComponent,\n    BookComponent,\n    ReadingListComponent,\n    TagComponent,\n    ReviewsComponent,\n    NewReviewComponent,\n    CommentsComponent,\n    ReviewComponent,\n    BookSearchComponent,\n    BookRequestsComponent,\n    AdminBookRequestsComponent,\n    UserBookRequestsComponent,\n  ],\n  imports: [\n    CommonModule,\n    BrowserModule,\n    BrowserAnimationsModule,\n    AppRoutingModule,\n    MatToolbarModule,\n    MatIconModule,\n    MatButtonModule,\n    MatFormFieldModule,\n    MatInputModule,\n    MatMenuModule,\n    MatCardModule,\n    MatTableModule,\n    MatChipsModule,\n    MatDialogModule,\n    MatSnackBarModule,\n    MatPaginatorModule,\n    MatSortModule,\n    MatProgressBarModule,\n    MatSelectModule,\n    ReactiveFormsModule,\n    provideFirebaseApp(() => initializeApp(environment.firebaseConfig)),\n    provideFirestore(() => {\n      let firestore: Firestore;\n      if(environment.useEmulators) {\n        firestore = initializeFirestore(getApp(), {\n          experimentalForceLongPolling: true,\n        });\n        connectFirestoreEmulator(firestore, 'localhost', 8080);\n      } else {\n        firestore = getFirestore();\n      }\n      return firestore;\n    }),\n    provideAuth(() => {\n      const auth = getAuth();\n      if(environment.useEmulators) {\n        connectAuthEmulator(auth, 'http://localhost:9099', {\n          disableWarnings: true,\n        })\n      }\n      return auth;\n    }),\n    provideStorage(() => getStorage()),\n    NgbModule,\n    HotToastModule,\n    ToastrModule.forRoot({\n      positionClass: 'toast-top-center',\n      preventDuplicates: true,\n      closeButton: true\n    }),\n    FormsModule,\n    FlexLayoutModule,\n  ],\n  providers: [\n    AuthService,\n    UserService,\n    UniversityService,\n    BookService,\n    ReadingListService,\n    ReviewService,\n    {provide: MAT_SNACK_BAR_DEFAULT_OPTIONS, useValue:  {\n                                                          verticalPosition: 'top',\n                                                          horizontalPosition: 'center',\n                                                        }}\n  ],\n  bootstrap: [AppComponent],\n  entryComponents: [TagComponent]\n})\nexport class AppModule { }\n"
      ]
    },
    "_coverageSchema": "1a1c01bbd47fc00a2c39e90264f33305004495a9",
    "hash": "fab3d28bb4d096e326db823c471b0e85bd1f8532"
  },
  "/Users/devashish/Documents/North Carolina State University/Spring 2023/Software Engineering/Extra/Project/review-forum/src/main.ts": {
    "path": "/Users/devashish/Documents/North Carolina State University/Spring 2023/Software Engineering/Extra/Project/review-forum/src/main.ts",
    "statementMap": {
      "0": {
        "start": {
          "line": 3,
          "column": 0
        },
        "end": {
          "line": 3,
          "column": 98
        }
      },
      "1": {
        "start": {
          "line": 3,
          "column": 78
        },
        "end": {
          "line": 3,
          "column": 96
        }
      }
    },
    "fnMap": {
      "0": {
        "name": "(anonymous_0)",
        "decl": {
          "start": {
            "line": 3,
            "column": 71
          },
          "end": {
            "line": 3,
            "column": 72
          }
        },
        "loc": {
          "start": {
            "line": 3,
            "column": 78
          },
          "end": {
            "line": 3,
            "column": 96
          }
        },
        "line": 3
      }
    },
    "branchMap": {},
    "s": {
      "0": 5,
      "1": 0
    },
    "f": {
      "0": 0
    },
    "b": {},
    "inputSourceMap": {
      "version": 3,
      "mappings": ";AAEA,SAASA,SAAS,QAAQ,kBAAkB;AAG5CC,qCAAwB,CAACC,eAAe,CAACF,SAAS,CAAC,CAChDG,KAAK,CAACC,GAAG,IAAIC,OAAO,CAACC,KAAK,CAACF,GAAG,CAAC,CAAC",
      "names": [
        "AppModule",
        "__NgCli_bootstrap_1",
        "bootstrapModule",
        "catch",
        "err",
        "console",
        "error"
      ],
      "sourceRoot": "",
      "sources": [
        "/Users/devashish/Documents/North Carolina State University/Spring 2023/Software Engineering/Extra/Project/review-forum/src/main.ts"
      ],
      "sourcesContent": [
        "import { platformBrowserDynamic } from '@angular/platform-browser-dynamic';\n\nimport { AppModule } from './app/app.module';\n\n\nplatformBrowserDynamic().bootstrapModule(AppModule)\n  .catch(err => console.error(err));\n"
      ]
    },
    "_coverageSchema": "1a1c01bbd47fc00a2c39e90264f33305004495a9",
    "hash": "f5e57ee551a322ea41f508bde48175179de93803"
  },
  "/Users/devashish/Documents/North Carolina State University/Spring 2023/Software Engineering/Extra/Project/review-forum/public/main.a6315a1857e1e96c.js": {
    "path": "/Users/devashish/Documents/North Carolina State University/Spring 2023/Software Engineering/Extra/Project/review-forum/public/main.a6315a1857e1e96c.js",
    "statementMap": {},
    "fnMap": {},
    "branchMap": {},
    "s": {},
    "f": {},
    "b": {}
  },
  "/Users/devashish/Documents/North Carolina State University/Spring 2023/Software Engineering/Extra/Project/review-forum/public/polyfills.1f12536cbede705d.js": {
    "path": "/Users/devashish/Documents/North Carolina State University/Spring 2023/Software Engineering/Extra/Project/review-forum/public/polyfills.1f12536cbede705d.js",
    "statementMap": {},
    "fnMap": {},
    "branchMap": {},
    "s": {},
    "f": {},
    "b": {}
  },
  "/Users/devashish/Documents/North Carolina State University/Spring 2023/Software Engineering/Extra/Project/review-forum/public/runtime.9a3d008d3ead2431.js": {
    "path": "/Users/devashish/Documents/North Carolina State University/Spring 2023/Software Engineering/Extra/Project/review-forum/public/runtime.9a3d008d3ead2431.js",
    "statementMap": {},
    "fnMap": {},
    "branchMap": {},
    "s": {},
    "f": {},
    "b": {}
  },
  "/Users/devashish/Documents/North Carolina State University/Spring 2023/Software Engineering/Extra/Project/review-forum/cypress.config.ts": {
    "path": "/Users/devashish/Documents/North Carolina State University/Spring 2023/Software Engineering/Extra/Project/review-forum/cypress.config.ts",
    "statementMap": {},
    "fnMap": {},
    "branchMap": {},
    "s": {},
    "f": {},
    "b": {}
  },
  "/Users/devashish/Documents/North Carolina State University/Spring 2023/Software Engineering/Extra/Project/review-forum/src/environments/environment.development.ts": {
    "path": "/Users/devashish/Documents/North Carolina State University/Spring 2023/Software Engineering/Extra/Project/review-forum/src/environments/environment.development.ts",
    "statementMap": {},
    "fnMap": {},
    "branchMap": {},
    "s": {},
    "f": {},
    "b": {}
  },
  "/Users/devashish/Documents/North Carolina State University/Spring 2023/Software Engineering/Extra/Project/review-forum/src/environments/environment.ts": {
    "path": "/Users/devashish/Documents/North Carolina State University/Spring 2023/Software Engineering/Extra/Project/review-forum/src/environments/environment.ts",
    "statementMap": {},
    "fnMap": {},
    "branchMap": {},
    "s": {},
    "f": {},
    "b": {}
  },
  "/Users/devashish/Documents/North Carolina State University/Spring 2023/Software Engineering/Extra/Project/review-forum/src/app/models/university.ts": {
    "path": "/Users/devashish/Documents/North Carolina State University/Spring 2023/Software Engineering/Extra/Project/review-forum/src/app/models/university.ts",
    "statementMap": {},
    "fnMap": {},
    "branchMap": {},
    "s": {},
    "f": {},
    "b": {}
  }
}
